{"C:\\Users\\windows 10\\Desktop\\fotcode_test\\-Esprit-PIFSJS-4TWIN3--2026-FortCode\\Back\\src\\app.js": {"path":"C:\\Users\\windows 10\\Desktop\\fotcode_test\\-Esprit-PIFSJS-4TWIN3--2026-FortCode\\Back\\src\\app.js","statementMap":{"0":{"start":{"line":1,"column":16},"end":{"line":1,"column":34}},"1":{"start":{"line":2,"column":13},"end":{"line":2,"column":28}},"2":{"start":{"line":3,"column":20},"end":{"line":3,"column":42}},"3":{"start":{"line":4,"column":16},"end":{"line":4,"column":42}},"4":{"start":{"line":5,"column":17},"end":{"line":5,"column":45}},"5":{"start":{"line":6,"column":18},"end":{"line":6,"column":40}},"6":{"start":{"line":8,"column":13},"end":{"line":8,"column":28}},"7":{"start":{"line":10,"column":0},"end":{"line":10,"column":12}},"8":{"start":{"line":12,"column":12},"end":{"line":12,"column":21}},"9":{"start":{"line":14,"column":0},"end":{"line":14,"column":23}},"10":{"start":{"line":15,"column":0},"end":{"line":18,"column":4}},"11":{"start":{"line":19,"column":0},"end":{"line":19,"column":24}},"12":{"start":{"line":22,"column":0},"end":{"line":22,"column":67}},"13":{"start":{"line":23,"column":0},"end":{"line":23,"column":72}},"14":{"start":{"line":26,"column":0},"end":{"line":31,"column":4}},"15":{"start":{"line":34,"column":0},"end":{"line":34,"column":31}},"16":{"start":{"line":35,"column":0},"end":{"line":35,"column":28}},"17":{"start":{"line":38,"column":23},"end":{"line":38,"column":62}},"18":{"start":{"line":39,"column":0},"end":{"line":39,"column":24}},"19":{"start":{"line":42,"column":0},"end":{"line":44,"column":3}},"20":{"start":{"line":43,"column":2},"end":{"line":43,"column":64}},"21":{"start":{"line":46,"column":0},"end":{"line":46,"column":59}},"22":{"start":{"line":47,"column":0},"end":{"line":47,"column":53}},"23":{"start":{"line":48,"column":0},"end":{"line":48,"column":67}},"24":{"start":{"line":49,"column":0},"end":{"line":49,"column":69}},"25":{"start":{"line":50,"column":0},"end":{"line":50,"column":56}},"26":{"start":{"line":51,"column":0},"end":{"line":51,"column":64}},"27":{"start":{"line":52,"column":0},"end":{"line":52,"column":55}},"28":{"start":{"line":53,"column":0},"end":{"line":53,"column":67}},"29":{"start":{"line":54,"column":0},"end":{"line":54,"column":69}},"30":{"start":{"line":55,"column":0},"end":{"line":55,"column":57}},"31":{"start":{"line":58,"column":0},"end":{"line":75,"column":3}},"32":{"start":{"line":59,"column":4},"end":{"line":59,"column":28}},"33":{"start":{"line":59,"column":14},"end":{"line":59,"column":28}},"34":{"start":{"line":61,"column":4},"end":{"line":68,"column":5}},"35":{"start":{"line":62,"column":8},"end":{"line":67,"column":11}},"36":{"start":{"line":70,"column":4},"end":{"line":72,"column":5}},"37":{"start":{"line":71,"column":8},"end":{"line":71,"column":62}},"38":{"start":{"line":74,"column":4},"end":{"line":74,"column":100}},"39":{"start":{"line":77,"column":0},"end":{"line":77,"column":21}}},"fnMap":{"0":{"name":"(anonymous_0)","decl":{"start":{"line":42,"column":19},"end":{"line":42,"column":20}},"loc":{"start":{"line":42,"column":33},"end":{"line":44,"column":1}},"line":42},"1":{"name":"(anonymous_1)","decl":{"start":{"line":58,"column":8},"end":{"line":58,"column":9}},"loc":{"start":{"line":58,"column":33},"end":{"line":75,"column":1}},"line":58}},"branchMap":{"0":{"loc":{"start":{"line":27,"column":12},"end":{"line":27,"column":67}},"type":"binary-expr","locations":[{"start":{"line":27,"column":12},"end":{"line":27,"column":38}},{"start":{"line":27,"column":42},"end":{"line":27,"column":67}}],"line":27},"1":{"loc":{"start":{"line":59,"column":4},"end":{"line":59,"column":28}},"type":"if","locations":[{"start":{"line":59,"column":4},"end":{"line":59,"column":28}},{"start":{},"end":{}}],"line":59},"2":{"loc":{"start":{"line":61,"column":4},"end":{"line":68,"column":5}},"type":"if","locations":[{"start":{"line":61,"column":4},"end":{"line":68,"column":5}},{"start":{},"end":{}}],"line":61},"3":{"loc":{"start":{"line":63,"column":21},"end":{"line":65,"column":33}},"type":"cond-expr","locations":[{"start":{"line":64,"column":18},"end":{"line":64,"column":46}},{"start":{"line":65,"column":18},"end":{"line":65,"column":33}}],"line":63},"4":{"loc":{"start":{"line":70,"column":4},"end":{"line":72,"column":5}},"type":"if","locations":[{"start":{"line":70,"column":4},"end":{"line":72,"column":5}},{"start":{},"end":{}}],"line":70},"5":{"loc":{"start":{"line":70,"column":8},"end":{"line":70,"column":114}},"type":"binary-expr","locations":[{"start":{"line":70,"column":8},"end":{"line":70,"column":19}},{"start":{"line":70,"column":23},"end":{"line":70,"column":68}},{"start":{"line":70,"column":72},"end":{"line":70,"column":114}}],"line":70},"6":{"loc":{"start":{"line":74,"column":66},"end":{"line":74,"column":96}},"type":"binary-expr","locations":[{"start":{"line":74,"column":66},"end":{"line":74,"column":77}},{"start":{"line":74,"column":81},"end":{"line":74,"column":96}}],"line":74}},"s":{"0":11,"1":11,"2":11,"3":11,"4":11,"5":11,"6":11,"7":11,"8":11,"9":11,"10":11,"11":11,"12":11,"13":11,"14":11,"15":11,"16":11,"17":11,"18":11,"19":11,"20":0,"21":11,"22":11,"23":11,"24":11,"25":11,"26":11,"27":11,"28":11,"29":11,"30":11,"31":11,"32":1,"33":0,"34":1,"35":0,"36":1,"37":0,"38":1,"39":11},"f":{"0":0,"1":1},"b":{"0":[11,11],"1":[0,1],"2":[0,1],"3":[0,0],"4":[0,1],"5":[1,1,0],"6":[1,0]},"_coverageSchema":"1a1c01bbd47fc00a2c39e90264f33305004495a9","hash":"c03b141d413a09c7f4b0cb669a1f1e54e7f88c72"}
,"C:\\Users\\windows 10\\Desktop\\fotcode_test\\-Esprit-PIFSJS-4TWIN3--2026-FortCode\\Back\\src\\config\\db.js": {"path":"C:\\Users\\windows 10\\Desktop\\fotcode_test\\-Esprit-PIFSJS-4TWIN3--2026-FortCode\\Back\\src\\config\\db.js","statementMap":{"0":{"start":{"line":1,"column":17},"end":{"line":1,"column":36}},"1":{"start":{"line":3,"column":18},"end":{"line":29,"column":1}},"2":{"start":{"line":4,"column":2},"end":{"line":28,"column":3}},"3":{"start":{"line":5,"column":19},"end":{"line":5,"column":40}},"4":{"start":{"line":7,"column":4},"end":{"line":11,"column":5}},"5":{"start":{"line":8,"column":6},"end":{"line":8,"column":48}},"6":{"start":{"line":9,"column":6},"end":{"line":9,"column":59}},"7":{"start":{"line":9,"column":43},"end":{"line":9,"column":59}},"8":{"start":{"line":10,"column":6},"end":{"line":10,"column":13}},"9":{"start":{"line":13,"column":4},"end":{"line":15,"column":5}},"10":{"start":{"line":14,"column":6},"end":{"line":14,"column":60}},"11":{"start":{"line":17,"column":4},"end":{"line":19,"column":7}},"12":{"start":{"line":20,"column":4},"end":{"line":20,"column":37}},"13":{"start":{"line":22,"column":4},"end":{"line":27,"column":5}},"14":{"start":{"line":23,"column":6},"end":{"line":23,"column":27}},"15":{"start":{"line":24,"column":6},"end":{"line":24,"column":22}},"16":{"start":{"line":26,"column":6},"end":{"line":26,"column":74}},"17":{"start":{"line":31,"column":0},"end":{"line":31,"column":27}}},"fnMap":{"0":{"name":"(anonymous_0)","decl":{"start":{"line":3,"column":18},"end":{"line":3,"column":19}},"loc":{"start":{"line":3,"column":30},"end":{"line":29,"column":1}},"line":3}},"branchMap":{"0":{"loc":{"start":{"line":7,"column":4},"end":{"line":11,"column":5}},"type":"if","locations":[{"start":{"line":7,"column":4},"end":{"line":11,"column":5}},{"start":{},"end":{}}],"line":7},"1":{"loc":{"start":{"line":9,"column":6},"end":{"line":9,"column":59}},"type":"if","locations":[{"start":{"line":9,"column":6},"end":{"line":9,"column":59}},{"start":{},"end":{}}],"line":9},"2":{"loc":{"start":{"line":13,"column":4},"end":{"line":15,"column":5}},"type":"if","locations":[{"start":{"line":13,"column":4},"end":{"line":15,"column":5}},{"start":{},"end":{}}],"line":13},"3":{"loc":{"start":{"line":22,"column":4},"end":{"line":27,"column":5}},"type":"if","locations":[{"start":{"line":22,"column":4},"end":{"line":27,"column":5}},{"start":{"line":25,"column":11},"end":{"line":27,"column":5}}],"line":22}},"s":{"0":12,"1":12,"2":21,"3":21,"4":21,"5":14,"6":14,"7":2,"8":14,"9":7,"10":5,"11":7,"12":4,"13":3,"14":1,"15":1,"16":2,"17":12},"f":{"0":21},"b":{"0":[14,7],"1":[2,12],"2":[5,2],"3":[1,2]},"_coverageSchema":"1a1c01bbd47fc00a2c39e90264f33305004495a9","hash":"0c493e00710ec37cec38fbd5823e59e18cb3b621"}
,"C:\\Users\\windows 10\\Desktop\\fotcode_test\\-Esprit-PIFSJS-4TWIN3--2026-FortCode\\Back\\src\\config\\passport.js": {"path":"C:\\Users\\windows 10\\Desktop\\fotcode_test\\-Esprit-PIFSJS-4TWIN3--2026-FortCode\\Back\\src\\config\\passport.js","statementMap":{"0":{"start":{"line":1,"column":17},"end":{"line":1,"column":36}},"1":{"start":{"line":2,"column":23},"end":{"line":2,"column":66}},"2":{"start":{"line":3,"column":13},"end":{"line":3,"column":38}},"3":{"start":{"line":5,"column":0},"end":{"line":52,"column":1}},"4":{"start":{"line":6,"column":4},"end":{"line":49,"column":6}},"5":{"start":{"line":14,"column":16},"end":{"line":46,"column":17}},"6":{"start":{"line":16,"column":34},"end":{"line":16,"column":57}},"7":{"start":{"line":17,"column":37},"end":{"line":17,"column":47}},"8":{"start":{"line":18,"column":33},"end":{"line":18,"column":52}},"9":{"start":{"line":19,"column":35},"end":{"line":19,"column":141}},"10":{"start":{"line":22,"column":31},"end":{"line":22,"column":60}},"11":{"start":{"line":24,"column":20},"end":{"line":43,"column":21}},"12":{"start":{"line":26,"column":24},"end":{"line":29,"column":25}},"13":{"start":{"line":27,"column":28},"end":{"line":27,"column":53}},"14":{"start":{"line":28,"column":28},"end":{"line":28,"column":46}},"15":{"start":{"line":30,"column":24},"end":{"line":30,"column":48}},"16":{"start":{"line":34,"column":24},"end":{"line":42,"column":27}},"17":{"start":{"line":45,"column":20},"end":{"line":45,"column":45}},"18":{"start":{"line":51,"column":4},"end":{"line":51,"column":91}},"19":{"start":{"line":54,"column":0},"end":{"line":56,"column":3}},"20":{"start":{"line":55,"column":4},"end":{"line":55,"column":21}},"21":{"start":{"line":58,"column":0},"end":{"line":60,"column":3}},"22":{"start":{"line":59,"column":4},"end":{"line":59,"column":21}},"23":{"start":{"line":62,"column":0},"end":{"line":62,"column":26}}},"fnMap":{"0":{"name":"(anonymous_0)","decl":{"start":{"line":13,"column":12},"end":{"line":13,"column":13}},"loc":{"start":{"line":13,"column":64},"end":{"line":47,"column":13}},"line":13},"1":{"name":"(anonymous_1)","decl":{"start":{"line":54,"column":23},"end":{"line":54,"column":24}},"loc":{"start":{"line":54,"column":39},"end":{"line":56,"column":1}},"line":54},"2":{"name":"(anonymous_2)","decl":{"start":{"line":58,"column":25},"end":{"line":58,"column":26}},"loc":{"start":{"line":58,"column":41},"end":{"line":60,"column":1}},"line":58}},"branchMap":{"0":{"loc":{"start":{"line":5,"column":0},"end":{"line":52,"column":1}},"type":"if","locations":[{"start":{"line":5,"column":0},"end":{"line":52,"column":1}},{"start":{"line":50,"column":7},"end":{"line":52,"column":1}}],"line":5},"1":{"loc":{"start":{"line":5,"column":4},"end":{"line":5,"column":68}},"type":"binary-expr","locations":[{"start":{"line":5,"column":4},"end":{"line":5,"column":32}},{"start":{"line":5,"column":36},"end":{"line":5,"column":68}}],"line":5},"2":{"loc":{"start":{"line":11,"column":29},"end":{"line":11,"column":112}},"type":"binary-expr","locations":[{"start":{"line":11,"column":29},"end":{"line":11,"column":60}},{"start":{"line":11,"column":64},"end":{"line":11,"column":112}}],"line":11},"3":{"loc":{"start":{"line":19,"column":35},"end":{"line":19,"column":141}},"type":"binary-expr","locations":[{"start":{"line":19,"column":35},"end":{"line":19,"column":59}},{"start":{"line":19,"column":63},"end":{"line":19,"column":141}}],"line":19},"4":{"loc":{"start":{"line":24,"column":20},"end":{"line":43,"column":21}},"type":"if","locations":[{"start":{"line":24,"column":20},"end":{"line":43,"column":21}},{"start":{"line":31,"column":27},"end":{"line":43,"column":21}}],"line":24},"5":{"loc":{"start":{"line":26,"column":24},"end":{"line":29,"column":25}},"type":"if","locations":[{"start":{"line":26,"column":24},"end":{"line":29,"column":25}},{"start":{},"end":{}}],"line":26}},"s":{"0":13,"1":13,"2":13,"3":13,"4":1,"5":5,"6":5,"7":5,"8":5,"9":5,"10":4,"11":4,"12":2,"13":1,"14":1,"15":1,"16":2,"17":2,"18":12,"19":13,"20":1,"21":13,"22":1,"23":13},"f":{"0":5,"1":1,"2":1},"b":{"0":[1,12],"1":[13,1],"2":[1,0],"3":[5,1],"4":[2,2],"5":[1,1]},"_coverageSchema":"1a1c01bbd47fc00a2c39e90264f33305004495a9","hash":"84847d157161dcc07f9f220fb05da876f4c05188"}
,"C:\\Users\\windows 10\\Desktop\\fotcode_test\\-Esprit-PIFSJS-4TWIN3--2026-FortCode\\Back\\src\\controllers\\activityController.js": {"path":"C:\\Users\\windows 10\\Desktop\\fotcode_test\\-Esprit-PIFSJS-4TWIN3--2026-FortCode\\Back\\src\\controllers\\activityController.js","statementMap":{"0":{"start":{"line":1,"column":17},"end":{"line":1,"column":46}},"1":{"start":{"line":2,"column":13},"end":{"line":2,"column":38}},"2":{"start":{"line":4,"column":0},"end":{"line":59,"column":2}},"3":{"start":{"line":5,"column":4},"end":{"line":58,"column":5}},"4":{"start":{"line":6,"column":78},"end":{"line":6,"column":87}},"5":{"start":{"line":8,"column":22},"end":{"line":8,"column":24}},"6":{"start":{"line":10,"column":8},"end":{"line":24,"column":9}},"7":{"start":{"line":12,"column":12},"end":{"line":23,"column":13}},"8":{"start":{"line":13,"column":16},"end":{"line":13,"column":36}},"9":{"start":{"line":16,"column":30},"end":{"line":21,"column":18}},"10":{"start":{"line":22,"column":16},"end":{"line":22,"column":60}},"11":{"start":{"line":22,"column":51},"end":{"line":22,"column":56}},"12":{"start":{"line":26,"column":8},"end":{"line":28,"column":9}},"13":{"start":{"line":27,"column":12},"end":{"line":27,"column":59}},"14":{"start":{"line":30,"column":8},"end":{"line":32,"column":9}},"15":{"start":{"line":31,"column":12},"end":{"line":31,"column":53}},"16":{"start":{"line":34,"column":8},"end":{"line":38,"column":9}},"17":{"start":{"line":35,"column":12},"end":{"line":35,"column":33}},"18":{"start":{"line":36,"column":12},"end":{"line":36,"column":68}},"19":{"start":{"line":36,"column":26},"end":{"line":36,"column":68}},"20":{"start":{"line":37,"column":12},"end":{"line":37,"column":64}},"21":{"start":{"line":37,"column":24},"end":{"line":37,"column":64}},"22":{"start":{"line":40,"column":21},"end":{"line":45,"column":19}},"23":{"start":{"line":47,"column":22},"end":{"line":47,"column":58}},"24":{"start":{"line":49,"column":8},"end":{"line":54,"column":11}},"25":{"start":{"line":56,"column":8},"end":{"line":56,"column":27}},"26":{"start":{"line":57,"column":8},"end":{"line":57,"column":58}},"27":{"start":{"line":61,"column":0},"end":{"line":102,"column":2}},"28":{"start":{"line":62,"column":4},"end":{"line":101,"column":5}},"29":{"start":{"line":63,"column":70},"end":{"line":63,"column":79}},"30":{"start":{"line":67,"column":23},"end":{"line":67,"column":50}},"31":{"start":{"line":68,"column":22},"end":{"line":68,"column":38}},"32":{"start":{"line":70,"column":8},"end":{"line":72,"column":9}},"33":{"start":{"line":71,"column":12},"end":{"line":71,"column":59}},"34":{"start":{"line":74,"column":8},"end":{"line":76,"column":9}},"35":{"start":{"line":75,"column":12},"end":{"line":75,"column":53}},"36":{"start":{"line":78,"column":8},"end":{"line":82,"column":9}},"37":{"start":{"line":79,"column":12},"end":{"line":79,"column":33}},"38":{"start":{"line":80,"column":12},"end":{"line":80,"column":68}},"39":{"start":{"line":80,"column":26},"end":{"line":80,"column":68}},"40":{"start":{"line":81,"column":12},"end":{"line":81,"column":64}},"41":{"start":{"line":81,"column":24},"end":{"line":81,"column":64}},"42":{"start":{"line":84,"column":21},"end":{"line":88,"column":19}},"43":{"start":{"line":90,"column":22},"end":{"line":90,"column":58}},"44":{"start":{"line":92,"column":8},"end":{"line":97,"column":11}},"45":{"start":{"line":99,"column":8},"end":{"line":99,"column":27}},"46":{"start":{"line":100,"column":8},"end":{"line":100,"column":58}},"47":{"start":{"line":104,"column":0},"end":{"line":115,"column":2}},"48":{"start":{"line":105,"column":4},"end":{"line":114,"column":5}},"49":{"start":{"line":106,"column":20},"end":{"line":106,"column":98}},"50":{"start":{"line":107,"column":8},"end":{"line":109,"column":9}},"51":{"start":{"line":108,"column":12},"end":{"line":108,"column":70}},"52":{"start":{"line":110,"column":8},"end":{"line":110,"column":34}},"53":{"start":{"line":112,"column":8},"end":{"line":112,"column":27}},"54":{"start":{"line":113,"column":8},"end":{"line":113,"column":58}}},"fnMap":{"0":{"name":"(anonymous_0)","decl":{"start":{"line":4,"column":18},"end":{"line":4,"column":19}},"loc":{"start":{"line":4,"column":38},"end":{"line":59,"column":1}},"line":4},"1":{"name":"(anonymous_1)","decl":{"start":{"line":22,"column":46},"end":{"line":22,"column":47}},"loc":{"start":{"line":22,"column":51},"end":{"line":22,"column":56}},"line":22},"2":{"name":"(anonymous_2)","decl":{"start":{"line":61,"column":20},"end":{"line":61,"column":21}},"loc":{"start":{"line":61,"column":40},"end":{"line":102,"column":1}},"line":61},"3":{"name":"(anonymous_3)","decl":{"start":{"line":104,"column":21},"end":{"line":104,"column":22}},"loc":{"start":{"line":104,"column":41},"end":{"line":115,"column":1}},"line":104}},"branchMap":{"0":{"loc":{"start":{"line":6,"column":16},"end":{"line":6,"column":24}},"type":"default-arg","locations":[{"start":{"line":6,"column":23},"end":{"line":6,"column":24}}],"line":6},"1":{"loc":{"start":{"line":6,"column":26},"end":{"line":6,"column":36}},"type":"default-arg","locations":[{"start":{"line":6,"column":34},"end":{"line":6,"column":36}}],"line":6},"2":{"loc":{"start":{"line":10,"column":8},"end":{"line":24,"column":9}},"type":"if","locations":[{"start":{"line":10,"column":8},"end":{"line":24,"column":9}},{"start":{},"end":{}}],"line":10},"3":{"loc":{"start":{"line":12,"column":12},"end":{"line":23,"column":13}},"type":"if","locations":[{"start":{"line":12,"column":12},"end":{"line":23,"column":13}},{"start":{"line":14,"column":19},"end":{"line":23,"column":13}}],"line":12},"4":{"loc":{"start":{"line":26,"column":8},"end":{"line":28,"column":9}},"type":"if","locations":[{"start":{"line":26,"column":8},"end":{"line":28,"column":9}},{"start":{},"end":{}}],"line":26},"5":{"loc":{"start":{"line":30,"column":8},"end":{"line":32,"column":9}},"type":"if","locations":[{"start":{"line":30,"column":8},"end":{"line":32,"column":9}},{"start":{},"end":{}}],"line":30},"6":{"loc":{"start":{"line":34,"column":8},"end":{"line":38,"column":9}},"type":"if","locations":[{"start":{"line":34,"column":8},"end":{"line":38,"column":9}},{"start":{},"end":{}}],"line":34},"7":{"loc":{"start":{"line":34,"column":12},"end":{"line":34,"column":30}},"type":"binary-expr","locations":[{"start":{"line":34,"column":12},"end":{"line":34,"column":20}},{"start":{"line":34,"column":24},"end":{"line":34,"column":30}}],"line":34},"8":{"loc":{"start":{"line":36,"column":12},"end":{"line":36,"column":68}},"type":"if","locations":[{"start":{"line":36,"column":12},"end":{"line":36,"column":68}},{"start":{},"end":{}}],"line":36},"9":{"loc":{"start":{"line":37,"column":12},"end":{"line":37,"column":64}},"type":"if","locations":[{"start":{"line":37,"column":12},"end":{"line":37,"column":64}},{"start":{},"end":{}}],"line":37},"10":{"loc":{"start":{"line":63,"column":16},"end":{"line":63,"column":24}},"type":"default-arg","locations":[{"start":{"line":63,"column":23},"end":{"line":63,"column":24}}],"line":63},"11":{"loc":{"start":{"line":63,"column":26},"end":{"line":63,"column":36}},"type":"default-arg","locations":[{"start":{"line":63,"column":34},"end":{"line":63,"column":36}}],"line":63},"12":{"loc":{"start":{"line":67,"column":23},"end":{"line":67,"column":50}},"type":"binary-expr","locations":[{"start":{"line":67,"column":23},"end":{"line":67,"column":34}},{"start":{"line":67,"column":38},"end":{"line":67,"column":50}}],"line":67},"13":{"loc":{"start":{"line":70,"column":8},"end":{"line":72,"column":9}},"type":"if","locations":[{"start":{"line":70,"column":8},"end":{"line":72,"column":9}},{"start":{},"end":{}}],"line":70},"14":{"loc":{"start":{"line":74,"column":8},"end":{"line":76,"column":9}},"type":"if","locations":[{"start":{"line":74,"column":8},"end":{"line":76,"column":9}},{"start":{},"end":{}}],"line":74},"15":{"loc":{"start":{"line":78,"column":8},"end":{"line":82,"column":9}},"type":"if","locations":[{"start":{"line":78,"column":8},"end":{"line":82,"column":9}},{"start":{},"end":{}}],"line":78},"16":{"loc":{"start":{"line":78,"column":12},"end":{"line":78,"column":30}},"type":"binary-expr","locations":[{"start":{"line":78,"column":12},"end":{"line":78,"column":20}},{"start":{"line":78,"column":24},"end":{"line":78,"column":30}}],"line":78},"17":{"loc":{"start":{"line":80,"column":12},"end":{"line":80,"column":68}},"type":"if","locations":[{"start":{"line":80,"column":12},"end":{"line":80,"column":68}},{"start":{},"end":{}}],"line":80},"18":{"loc":{"start":{"line":81,"column":12},"end":{"line":81,"column":64}},"type":"if","locations":[{"start":{"line":81,"column":12},"end":{"line":81,"column":64}},{"start":{},"end":{}}],"line":81},"19":{"loc":{"start":{"line":107,"column":8},"end":{"line":109,"column":9}},"type":"if","locations":[{"start":{"line":107,"column":8},"end":{"line":109,"column":9}},{"start":{},"end":{}}],"line":107}},"s":{"0":11,"1":11,"2":11,"3":0,"4":0,"5":0,"6":0,"7":0,"8":0,"9":0,"10":0,"11":0,"12":0,"13":0,"14":0,"15":0,"16":0,"17":0,"18":0,"19":0,"20":0,"21":0,"22":0,"23":0,"24":0,"25":0,"26":0,"27":11,"28":0,"29":0,"30":0,"31":0,"32":0,"33":0,"34":0,"35":0,"36":0,"37":0,"38":0,"39":0,"40":0,"41":0,"42":0,"43":0,"44":0,"45":0,"46":0,"47":11,"48":8,"49":8,"50":0,"51":0,"52":0,"53":8,"54":8},"f":{"0":0,"1":0,"2":0,"3":8},"b":{"0":[0],"1":[0],"2":[0,0],"3":[0,0],"4":[0,0],"5":[0,0],"6":[0,0],"7":[0,0],"8":[0,0],"9":[0,0],"10":[0],"11":[0],"12":[0,0],"13":[0,0],"14":[0,0],"15":[0,0],"16":[0,0],"17":[0,0],"18":[0,0],"19":[0,0]},"_coverageSchema":"1a1c01bbd47fc00a2c39e90264f33305004495a9","hash":"72ecce5737150ca531df692d944414cbe40793ef"}
,"C:\\Users\\windows 10\\Desktop\\fotcode_test\\-Esprit-PIFSJS-4TWIN3--2026-FortCode\\Back\\src\\controllers\\authController.js": {"path":"C:\\Users\\windows 10\\Desktop\\fotcode_test\\-Esprit-PIFSJS-4TWIN3--2026-FortCode\\Back\\src\\controllers\\authController.js","statementMap":{"0":{"start":{"line":1,"column":13},"end":{"line":1,"column":38}},"1":{"start":{"line":2,"column":25},"end":{"line":2,"column":62}},"2":{"start":{"line":3,"column":19},"end":{"line":3,"column":50}},"3":{"start":{"line":4,"column":15},"end":{"line":4,"column":34}},"4":{"start":{"line":5,"column":12},"end":{"line":5,"column":35}},"5":{"start":{"line":6,"column":15},"end":{"line":6,"column":32}},"6":{"start":{"line":7,"column":18},"end":{"line":7,"column":38}},"7":{"start":{"line":8,"column":15},"end":{"line":8,"column":32}},"8":{"start":{"line":9,"column":18},"end":{"line":9,"column":47}},"9":{"start":{"line":10,"column":11},"end":{"line":10,"column":24}},"10":{"start":{"line":11,"column":13},"end":{"line":11,"column":28}},"11":{"start":{"line":13,"column":28},"end":{"line":13,"column":42}},"12":{"start":{"line":15,"column":25},"end":{"line":17,"column":1}},"13":{"start":{"line":16,"column":2},"end":{"line":16,"column":64}},"14":{"start":{"line":19,"column":16},"end":{"line":21,"column":1}},"15":{"start":{"line":20,"column":2},"end":{"line":20,"column":63}},"16":{"start":{"line":27,"column":0},"end":{"line":119,"column":2}},"17":{"start":{"line":28,"column":2},"end":{"line":118,"column":3}},"18":{"start":{"line":29,"column":4},"end":{"line":29,"column":56}},"19":{"start":{"line":30,"column":60},"end":{"line":30,"column":68}},"20":{"start":{"line":33,"column":26},"end":{"line":33,"column":55}},"21":{"start":{"line":34,"column":4},"end":{"line":36,"column":5}},"22":{"start":{"line":35,"column":6},"end":{"line":35,"column":71}},"23":{"start":{"line":39,"column":29},"end":{"line":39,"column":61}},"24":{"start":{"line":40,"column":4},"end":{"line":42,"column":5}},"25":{"start":{"line":41,"column":6},"end":{"line":41,"column":74}},"26":{"start":{"line":45,"column":25},"end":{"line":45,"column":29}},"27":{"start":{"line":46,"column":4},"end":{"line":48,"column":5}},"28":{"start":{"line":47,"column":6},"end":{"line":47,"column":55}},"29":{"start":{"line":50,"column":23},"end":{"line":50,"column":114}},"30":{"start":{"line":52,"column":25},"end":{"line":52,"column":35}},"31":{"start":{"line":54,"column":4},"end":{"line":56,"column":5}},"32":{"start":{"line":55,"column":6},"end":{"line":55,"column":80}},"33":{"start":{"line":58,"column":17},"end":{"line":67,"column":6}},"34":{"start":{"line":69,"column":4},"end":{"line":96,"column":5}},"35":{"start":{"line":71,"column":27},"end":{"line":71,"column":86}},"36":{"start":{"line":72,"column":23},"end":{"line":72,"column":65}},"37":{"start":{"line":73,"column":24},"end":{"line":73,"column":61}},"38":{"start":{"line":75,"column":6},"end":{"line":77,"column":59}},"39":{"start":{"line":79,"column":6},"end":{"line":95,"column":7}},"40":{"start":{"line":80,"column":8},"end":{"line":92,"column":11}},"41":{"start":{"line":94,"column":8},"end":{"line":94,"column":75}},"42":{"start":{"line":98,"column":4},"end":{"line":104,"column":7}},"43":{"start":{"line":107,"column":4},"end":{"line":107,"column":48}},"44":{"start":{"line":110,"column":4},"end":{"line":115,"column":5}},"45":{"start":{"line":111,"column":20},"end":{"line":111,"column":50}},"46":{"start":{"line":112,"column":6},"end":{"line":114,"column":9}},"47":{"start":{"line":117,"column":4},"end":{"line":117,"column":76}},"48":{"start":{"line":125,"column":0},"end":{"line":178,"column":2}},"49":{"start":{"line":126,"column":2},"end":{"line":177,"column":3}},"50":{"start":{"line":127,"column":28},"end":{"line":127,"column":36}},"51":{"start":{"line":129,"column":4},"end":{"line":131,"column":5}},"52":{"start":{"line":130,"column":6},"end":{"line":130,"column":78}},"53":{"start":{"line":133,"column":17},"end":{"line":133,"column":46}},"54":{"start":{"line":134,"column":4},"end":{"line":136,"column":5}},"55":{"start":{"line":135,"column":6},"end":{"line":135,"column":65}},"56":{"start":{"line":138,"column":4},"end":{"line":140,"column":5}},"57":{"start":{"line":139,"column":6},"end":{"line":139,"column":78}},"58":{"start":{"line":142,"column":4},"end":{"line":144,"column":5}},"59":{"start":{"line":143,"column":6},"end":{"line":143,"column":98}},"60":{"start":{"line":146,"column":4},"end":{"line":148,"column":5}},"61":{"start":{"line":147,"column":6},"end":{"line":147,"column":103}},"62":{"start":{"line":150,"column":28},"end":{"line":150,"column":41}},"63":{"start":{"line":151,"column":4},"end":{"line":153,"column":5}},"64":{"start":{"line":152,"column":6},"end":{"line":152,"column":76}},"65":{"start":{"line":156,"column":4},"end":{"line":156,"column":27}},"66":{"start":{"line":157,"column":4},"end":{"line":157,"column":38}},"67":{"start":{"line":158,"column":4},"end":{"line":158,"column":44}},"68":{"start":{"line":160,"column":4},"end":{"line":160,"column":22}},"69":{"start":{"line":163,"column":18},"end":{"line":167,"column":5}},"70":{"start":{"line":169,"column":4},"end":{"line":174,"column":7}},"71":{"start":{"line":176,"column":4},"end":{"line":176,"column":76}},"72":{"start":{"line":183,"column":0},"end":{"line":235,"column":2}},"73":{"start":{"line":184,"column":2},"end":{"line":234,"column":3}},"74":{"start":{"line":185,"column":22},"end":{"line":185,"column":30}},"75":{"start":{"line":187,"column":4},"end":{"line":189,"column":5}},"76":{"start":{"line":188,"column":6},"end":{"line":188,"column":68}},"77":{"start":{"line":191,"column":17},"end":{"line":191,"column":46}},"78":{"start":{"line":192,"column":4},"end":{"line":194,"column":5}},"79":{"start":{"line":193,"column":6},"end":{"line":193,"column":65}},"80":{"start":{"line":196,"column":4},"end":{"line":198,"column":5}},"81":{"start":{"line":197,"column":6},"end":{"line":197,"column":78}},"82":{"start":{"line":200,"column":29},"end":{"line":200,"column":83}},"83":{"start":{"line":202,"column":4},"end":{"line":202,"column":54}},"84":{"start":{"line":203,"column":4},"end":{"line":203,"column":77}},"85":{"start":{"line":205,"column":4},"end":{"line":205,"column":22}},"86":{"start":{"line":208,"column":25},"end":{"line":208,"column":84}},"87":{"start":{"line":209,"column":21},"end":{"line":209,"column":63}},"88":{"start":{"line":210,"column":22},"end":{"line":210,"column":59}},"89":{"start":{"line":212,"column":4},"end":{"line":214,"column":57}},"90":{"start":{"line":216,"column":4},"end":{"line":228,"column":7}},"91":{"start":{"line":230,"column":4},"end":{"line":230,"column":68}},"92":{"start":{"line":232,"column":4},"end":{"line":232,"column":42}},"93":{"start":{"line":233,"column":4},"end":{"line":233,"column":76}},"94":{"start":{"line":241,"column":0},"end":{"line":338,"column":2}},"95":{"start":{"line":242,"column":2},"end":{"line":337,"column":3}},"96":{"start":{"line":243,"column":44},"end":{"line":243,"column":52}},"97":{"start":{"line":244,"column":18},"end":{"line":244,"column":63}},"98":{"start":{"line":246,"column":4},"end":{"line":246,"column":119}},"99":{"start":{"line":248,"column":4},"end":{"line":250,"column":5}},"100":{"start":{"line":249,"column":6},"end":{"line":249,"column":93}},"101":{"start":{"line":253,"column":17},"end":{"line":258,"column":6}},"102":{"start":{"line":260,"column":4},"end":{"line":263,"column":5}},"103":{"start":{"line":261,"column":6},"end":{"line":261,"column":71}},"104":{"start":{"line":262,"column":6},"end":{"line":262,"column":70}},"105":{"start":{"line":266,"column":4},"end":{"line":268,"column":5}},"106":{"start":{"line":267,"column":6},"end":{"line":267,"column":73}},"107":{"start":{"line":271,"column":4},"end":{"line":273,"column":5}},"108":{"start":{"line":272,"column":6},"end":{"line":272,"column":122}},"109":{"start":{"line":275,"column":20},"end":{"line":275,"column":65}},"110":{"start":{"line":276,"column":4},"end":{"line":276,"column":58}},"111":{"start":{"line":277,"column":4},"end":{"line":279,"column":5}},"112":{"start":{"line":278,"column":6},"end":{"line":278,"column":70}},"113":{"start":{"line":281,"column":22},"end":{"line":281,"column":95}},"114":{"start":{"line":282,"column":4},"end":{"line":319,"column":5}},"115":{"start":{"line":283,"column":21},"end":{"line":283,"column":47}},"116":{"start":{"line":285,"column":6},"end":{"line":305,"column":7}},"117":{"start":{"line":286,"column":20},"end":{"line":286,"column":38}},"118":{"start":{"line":287,"column":8},"end":{"line":287,"column":60}},"119":{"start":{"line":288,"column":8},"end":{"line":288,"column":93}},"120":{"start":{"line":289,"column":8},"end":{"line":289,"column":26}},"121":{"start":{"line":291,"column":21},"end":{"line":298,"column":9}},"122":{"start":{"line":300,"column":8},"end":{"line":304,"column":11}},"123":{"start":{"line":307,"column":29},"end":{"line":311,"column":7}},"124":{"start":{"line":313,"column":6},"end":{"line":318,"column":9}},"125":{"start":{"line":321,"column":18},"end":{"line":325,"column":5}},"126":{"start":{"line":327,"column":4},"end":{"line":332,"column":7}},"127":{"start":{"line":336,"column":4},"end":{"line":336,"column":76}},"128":{"start":{"line":344,"column":0},"end":{"line":420,"column":2}},"129":{"start":{"line":345,"column":2},"end":{"line":419,"column":3}},"130":{"start":{"line":346,"column":37},"end":{"line":346,"column":45}},"131":{"start":{"line":348,"column":4},"end":{"line":350,"column":5}},"132":{"start":{"line":349,"column":6},"end":{"line":349,"column":82}},"133":{"start":{"line":353,"column":4},"end":{"line":357,"column":5}},"134":{"start":{"line":354,"column":6},"end":{"line":354,"column":67}},"135":{"start":{"line":356,"column":6},"end":{"line":356,"column":79}},"136":{"start":{"line":359,"column":4},"end":{"line":361,"column":5}},"137":{"start":{"line":360,"column":6},"end":{"line":360,"column":68}},"138":{"start":{"line":363,"column":17},"end":{"line":363,"column":48}},"139":{"start":{"line":364,"column":4},"end":{"line":366,"column":5}},"140":{"start":{"line":365,"column":6},"end":{"line":365,"column":65}},"141":{"start":{"line":368,"column":22},"end":{"line":368,"column":95}},"142":{"start":{"line":369,"column":4},"end":{"line":371,"column":5}},"143":{"start":{"line":370,"column":6},"end":{"line":370,"column":69}},"144":{"start":{"line":373,"column":19},"end":{"line":373,"column":24}},"145":{"start":{"line":375,"column":19},"end":{"line":375,"column":45}},"146":{"start":{"line":376,"column":4},"end":{"line":399,"column":5}},"147":{"start":{"line":377,"column":6},"end":{"line":379,"column":7}},"148":{"start":{"line":378,"column":8},"end":{"line":378,"column":73}},"149":{"start":{"line":380,"column":6},"end":{"line":385,"column":9}},"150":{"start":{"line":386,"column":11},"end":{"line":399,"column":5}},"151":{"start":{"line":387,"column":6},"end":{"line":389,"column":7}},"152":{"start":{"line":388,"column":8},"end":{"line":388,"column":75}},"153":{"start":{"line":390,"column":6},"end":{"line":392,"column":7}},"154":{"start":{"line":391,"column":8},"end":{"line":391,"column":69}},"155":{"start":{"line":393,"column":6},"end":{"line":393,"column":58}},"156":{"start":{"line":394,"column":6},"end":{"line":398,"column":7}},"157":{"start":{"line":395,"column":8},"end":{"line":395,"column":50}},"158":{"start":{"line":396,"column":8},"end":{"line":396,"column":55}},"159":{"start":{"line":397,"column":8},"end":{"line":397,"column":26}},"160":{"start":{"line":401,"column":4},"end":{"line":403,"column":5}},"161":{"start":{"line":402,"column":6},"end":{"line":402,"column":67}},"162":{"start":{"line":405,"column":18},"end":{"line":409,"column":5}},"163":{"start":{"line":411,"column":4},"end":{"line":416,"column":7}},"164":{"start":{"line":418,"column":4},"end":{"line":418,"column":76}},"165":{"start":{"line":428,"column":0},"end":{"line":494,"column":2}},"166":{"start":{"line":429,"column":2},"end":{"line":493,"column":3}},"167":{"start":{"line":430,"column":23},"end":{"line":430,"column":31}},"168":{"start":{"line":431,"column":4},"end":{"line":433,"column":5}},"169":{"start":{"line":432,"column":6},"end":{"line":432,"column":69}},"170":{"start":{"line":435,"column":17},"end":{"line":435,"column":49}},"171":{"start":{"line":436,"column":4},"end":{"line":438,"column":5}},"172":{"start":{"line":437,"column":6},"end":{"line":437,"column":65}},"173":{"start":{"line":440,"column":4},"end":{"line":442,"column":5}},"174":{"start":{"line":441,"column":6},"end":{"line":441,"column":25}},"175":{"start":{"line":443,"column":4},"end":{"line":445,"column":5}},"176":{"start":{"line":444,"column":6},"end":{"line":444,"column":35}},"177":{"start":{"line":447,"column":4},"end":{"line":447,"column":44}},"178":{"start":{"line":448,"column":4},"end":{"line":448,"column":44}},"179":{"start":{"line":450,"column":4},"end":{"line":465,"column":5}},"180":{"start":{"line":451,"column":21},"end":{"line":453,"column":8}},"181":{"start":{"line":455,"column":6},"end":{"line":455,"column":61}},"182":{"start":{"line":456,"column":6},"end":{"line":456,"column":24}},"183":{"start":{"line":458,"column":21},"end":{"line":458,"column":63}},"184":{"start":{"line":460,"column":6},"end":{"line":464,"column":9}},"185":{"start":{"line":467,"column":16},"end":{"line":467,"column":34}},"186":{"start":{"line":468,"column":4},"end":{"line":468,"column":56}},"187":{"start":{"line":469,"column":4},"end":{"line":469,"column":89}},"188":{"start":{"line":470,"column":4},"end":{"line":470,"column":22}},"189":{"start":{"line":472,"column":17},"end":{"line":479,"column":5}},"190":{"start":{"line":481,"column":4},"end":{"line":485,"column":7}},"191":{"start":{"line":487,"column":4},"end":{"line":490,"column":7}},"192":{"start":{"line":492,"column":4},"end":{"line":492,"column":76}},"193":{"start":{"line":500,"column":0},"end":{"line":570,"column":2}},"194":{"start":{"line":501,"column":2},"end":{"line":569,"column":3}},"195":{"start":{"line":502,"column":29},"end":{"line":502,"column":37}},"196":{"start":{"line":503,"column":4},"end":{"line":505,"column":5}},"197":{"start":{"line":504,"column":6},"end":{"line":504,"column":71}},"198":{"start":{"line":507,"column":17},"end":{"line":507,"column":49}},"199":{"start":{"line":508,"column":4},"end":{"line":510,"column":5}},"200":{"start":{"line":509,"column":6},"end":{"line":509,"column":65}},"201":{"start":{"line":512,"column":22},"end":{"line":512,"column":95}},"202":{"start":{"line":513,"column":4},"end":{"line":515,"column":5}},"203":{"start":{"line":514,"column":6},"end":{"line":514,"column":72}},"204":{"start":{"line":517,"column":27},"end":{"line":517,"column":63}},"205":{"start":{"line":518,"column":19},"end":{"line":518,"column":24}},"206":{"start":{"line":520,"column":4},"end":{"line":552,"column":5}},"207":{"start":{"line":521,"column":6},"end":{"line":523,"column":7}},"208":{"start":{"line":522,"column":8},"end":{"line":522,"column":74}},"209":{"start":{"line":524,"column":6},"end":{"line":529,"column":9}},"210":{"start":{"line":531,"column":6},"end":{"line":536,"column":7}},"211":{"start":{"line":532,"column":8},"end":{"line":532,"column":70}},"212":{"start":{"line":533,"column":8},"end":{"line":533,"column":52}},"213":{"start":{"line":534,"column":8},"end":{"line":534,"column":47}},"214":{"start":{"line":535,"column":8},"end":{"line":535,"column":48}},"215":{"start":{"line":537,"column":11},"end":{"line":552,"column":5}},"216":{"start":{"line":538,"column":6},"end":{"line":540,"column":7}},"217":{"start":{"line":539,"column":8},"end":{"line":539,"column":75}},"218":{"start":{"line":541,"column":6},"end":{"line":543,"column":7}},"219":{"start":{"line":542,"column":8},"end":{"line":542,"column":69}},"220":{"start":{"line":544,"column":6},"end":{"line":544,"column":58}},"221":{"start":{"line":546,"column":6},"end":{"line":551,"column":7}},"222":{"start":{"line":547,"column":8},"end":{"line":547,"column":50}},"223":{"start":{"line":548,"column":8},"end":{"line":548,"column":55}},"224":{"start":{"line":549,"column":8},"end":{"line":549,"column":47}},"225":{"start":{"line":550,"column":8},"end":{"line":550,"column":49}},"226":{"start":{"line":554,"column":4},"end":{"line":556,"column":5}},"227":{"start":{"line":555,"column":6},"end":{"line":555,"column":67}},"228":{"start":{"line":558,"column":4},"end":{"line":558,"column":22}},"229":{"start":{"line":560,"column":4},"end":{"line":566,"column":7}},"230":{"start":{"line":568,"column":4},"end":{"line":568,"column":76}},"231":{"start":{"line":576,"column":0},"end":{"line":603,"column":2}},"232":{"start":{"line":577,"column":2},"end":{"line":602,"column":3}},"233":{"start":{"line":578,"column":17},"end":{"line":578,"column":49}},"234":{"start":{"line":579,"column":4},"end":{"line":581,"column":5}},"235":{"start":{"line":580,"column":6},"end":{"line":580,"column":65}},"236":{"start":{"line":583,"column":4},"end":{"line":585,"column":5}},"237":{"start":{"line":584,"column":6},"end":{"line":584,"column":25}},"238":{"start":{"line":586,"column":4},"end":{"line":588,"column":5}},"239":{"start":{"line":587,"column":6},"end":{"line":587,"column":35}},"240":{"start":{"line":590,"column":4},"end":{"line":590,"column":44}},"241":{"start":{"line":591,"column":4},"end":{"line":591,"column":44}},"242":{"start":{"line":592,"column":4},"end":{"line":592,"column":44}},"243":{"start":{"line":593,"column":4},"end":{"line":593,"column":48}},"244":{"start":{"line":594,"column":4},"end":{"line":594,"column":46}},"245":{"start":{"line":595,"column":4},"end":{"line":595,"column":51}},"246":{"start":{"line":597,"column":4},"end":{"line":597,"column":22}},"247":{"start":{"line":599,"column":4},"end":{"line":599,"column":42}},"248":{"start":{"line":601,"column":4},"end":{"line":601,"column":76}},"249":{"start":{"line":609,"column":0},"end":{"line":666,"column":2}},"250":{"start":{"line":610,"column":2},"end":{"line":665,"column":3}},"251":{"start":{"line":611,"column":22},"end":{"line":611,"column":30}},"252":{"start":{"line":613,"column":17},"end":{"line":613,"column":46}},"253":{"start":{"line":614,"column":4},"end":{"line":616,"column":5}},"254":{"start":{"line":615,"column":6},"end":{"line":615,"column":65}},"255":{"start":{"line":619,"column":23},"end":{"line":619,"column":61}},"256":{"start":{"line":621,"column":4},"end":{"line":621,"column":33}},"257":{"start":{"line":622,"column":4},"end":{"line":622,"column":49}},"258":{"start":{"line":624,"column":4},"end":{"line":624,"column":22}},"259":{"start":{"line":627,"column":21},"end":{"line":627,"column":73}},"260":{"start":{"line":630,"column":25},"end":{"line":630,"column":81}},"261":{"start":{"line":631,"column":21},"end":{"line":631,"column":63}},"262":{"start":{"line":632,"column":22},"end":{"line":632,"column":59}},"263":{"start":{"line":635,"column":4},"end":{"line":637,"column":41}},"264":{"start":{"line":639,"column":4},"end":{"line":661,"column":5}},"265":{"start":{"line":640,"column":6},"end":{"line":651,"column":9}},"266":{"start":{"line":653,"column":6},"end":{"line":653,"column":54}},"267":{"start":{"line":655,"column":6},"end":{"line":655,"column":48}},"268":{"start":{"line":656,"column":6},"end":{"line":656,"column":34}},"269":{"start":{"line":657,"column":6},"end":{"line":657,"column":40}},"270":{"start":{"line":658,"column":6},"end":{"line":658,"column":24}},"271":{"start":{"line":660,"column":6},"end":{"line":660,"column":94}},"272":{"start":{"line":664,"column":4},"end":{"line":664,"column":76}},"273":{"start":{"line":672,"column":0},"end":{"line":699,"column":2}},"274":{"start":{"line":673,"column":2},"end":{"line":698,"column":3}},"275":{"start":{"line":674,"column":22},"end":{"line":674,"column":32}},"276":{"start":{"line":675,"column":28},"end":{"line":675,"column":36}},"277":{"start":{"line":677,"column":17},"end":{"line":680,"column":6}},"278":{"start":{"line":682,"column":4},"end":{"line":684,"column":5}},"279":{"start":{"line":683,"column":6},"end":{"line":683,"column":75}},"280":{"start":{"line":686,"column":27},"end":{"line":686,"column":61}},"281":{"start":{"line":688,"column":4},"end":{"line":688,"column":35}},"282":{"start":{"line":689,"column":4},"end":{"line":689,"column":32}},"283":{"start":{"line":690,"column":4},"end":{"line":690,"column":38}},"284":{"start":{"line":692,"column":4},"end":{"line":692,"column":22}},"285":{"start":{"line":694,"column":4},"end":{"line":694,"column":55}},"286":{"start":{"line":697,"column":4},"end":{"line":697,"column":76}},"287":{"start":{"line":705,"column":0},"end":{"line":731,"column":2}},"288":{"start":{"line":706,"column":2},"end":{"line":730,"column":3}},"289":{"start":{"line":707,"column":17},"end":{"line":707,"column":49}},"290":{"start":{"line":709,"column":4},"end":{"line":711,"column":5}},"291":{"start":{"line":710,"column":6},"end":{"line":710,"column":65}},"292":{"start":{"line":713,"column":20},"end":{"line":713,"column":35}},"293":{"start":{"line":714,"column":4},"end":{"line":714,"column":72}},"294":{"start":{"line":715,"column":4},"end":{"line":715,"column":28}},"295":{"start":{"line":716,"column":4},"end":{"line":721,"column":5}},"296":{"start":{"line":717,"column":6},"end":{"line":717,"column":51}},"297":{"start":{"line":718,"column":6},"end":{"line":718,"column":55}},"298":{"start":{"line":719,"column":6},"end":{"line":719,"column":53}},"299":{"start":{"line":720,"column":6},"end":{"line":720,"column":56}},"300":{"start":{"line":723,"column":4},"end":{"line":726,"column":7}},"301":{"start":{"line":729,"column":4},"end":{"line":729,"column":76}},"302":{"start":{"line":737,"column":0},"end":{"line":818,"column":2}},"303":{"start":{"line":738,"column":2},"end":{"line":817,"column":3}},"304":{"start":{"line":739,"column":60},"end":{"line":739,"column":68}},"305":{"start":{"line":740,"column":19},"end":{"line":740,"column":38}},"306":{"start":{"line":743,"column":4},"end":{"line":745,"column":5}},"307":{"start":{"line":744,"column":6},"end":{"line":744,"column":66}},"308":{"start":{"line":747,"column":17},"end":{"line":747,"column":44}},"309":{"start":{"line":749,"column":4},"end":{"line":751,"column":5}},"310":{"start":{"line":750,"column":6},"end":{"line":750,"column":65}},"311":{"start":{"line":754,"column":4},"end":{"line":761,"column":5}},"312":{"start":{"line":756,"column":31},"end":{"line":756,"column":87}},"313":{"start":{"line":757,"column":6},"end":{"line":759,"column":7}},"314":{"start":{"line":758,"column":8},"end":{"line":758,"column":76}},"315":{"start":{"line":760,"column":6},"end":{"line":760,"column":31}},"316":{"start":{"line":764,"column":4},"end":{"line":771,"column":5}},"317":{"start":{"line":766,"column":28},"end":{"line":766,"column":81}},"318":{"start":{"line":767,"column":6},"end":{"line":769,"column":7}},"319":{"start":{"line":768,"column":8},"end":{"line":768,"column":73}},"320":{"start":{"line":770,"column":6},"end":{"line":770,"column":25}},"321":{"start":{"line":774,"column":4},"end":{"line":776,"column":5}},"322":{"start":{"line":775,"column":6},"end":{"line":775,"column":27}},"323":{"start":{"line":779,"column":4},"end":{"line":781,"column":5}},"324":{"start":{"line":780,"column":6},"end":{"line":780,"column":54}},"325":{"start":{"line":786,"column":4},"end":{"line":797,"column":5}},"326":{"start":{"line":787,"column":6},"end":{"line":789,"column":7}},"327":{"start":{"line":788,"column":8},"end":{"line":788,"column":27}},"328":{"start":{"line":790,"column":6},"end":{"line":790,"column":63}},"329":{"start":{"line":790,"column":26},"end":{"line":790,"column":63}},"330":{"start":{"line":791,"column":6},"end":{"line":791,"column":81}},"331":{"start":{"line":791,"column":32},"end":{"line":791,"column":81}},"332":{"start":{"line":792,"column":6},"end":{"line":792,"column":72}},"333":{"start":{"line":792,"column":29},"end":{"line":792,"column":72}},"334":{"start":{"line":793,"column":6},"end":{"line":793,"column":78}},"335":{"start":{"line":793,"column":31},"end":{"line":793,"column":78}},"336":{"start":{"line":794,"column":6},"end":{"line":794,"column":98}},"337":{"start":{"line":794,"column":47},"end":{"line":794,"column":98}},"338":{"start":{"line":795,"column":6},"end":{"line":795,"column":98}},"339":{"start":{"line":795,"column":47},"end":{"line":795,"column":98}},"340":{"start":{"line":796,"column":6},"end":{"line":796,"column":98}},"341":{"start":{"line":796,"column":47},"end":{"line":796,"column":98}},"342":{"start":{"line":799,"column":4},"end":{"line":799,"column":22}},"343":{"start":{"line":801,"column":24},"end":{"line":801,"column":73}},"344":{"start":{"line":802,"column":23},"end":{"line":802,"column":45}},"345":{"start":{"line":803,"column":4},"end":{"line":808,"column":5}},"346":{"start":{"line":804,"column":6},"end":{"line":804,"column":54}},"347":{"start":{"line":805,"column":6},"end":{"line":805,"column":58}},"348":{"start":{"line":806,"column":6},"end":{"line":806,"column":56}},"349":{"start":{"line":807,"column":6},"end":{"line":807,"column":59}},"350":{"start":{"line":810,"column":4},"end":{"line":813,"column":7}},"351":{"start":{"line":816,"column":4},"end":{"line":816,"column":76}},"352":{"start":{"line":826,"column":0},"end":{"line":851,"column":2}},"353":{"start":{"line":827,"column":2},"end":{"line":850,"column":3}},"354":{"start":{"line":828,"column":17},"end":{"line":828,"column":49}},"355":{"start":{"line":829,"column":4},"end":{"line":831,"column":5}},"356":{"start":{"line":830,"column":6},"end":{"line":830,"column":65}},"357":{"start":{"line":832,"column":4},"end":{"line":834,"column":5}},"358":{"start":{"line":833,"column":6},"end":{"line":833,"column":103}},"359":{"start":{"line":836,"column":19},"end":{"line":836,"column":27}},"360":{"start":{"line":839,"column":4},"end":{"line":839,"column":63}},"361":{"start":{"line":840,"column":4},"end":{"line":843,"column":6}},"362":{"start":{"line":845,"column":4},"end":{"line":845,"column":41}},"363":{"start":{"line":847,"column":4},"end":{"line":847,"column":58}},"364":{"start":{"line":849,"column":4},"end":{"line":849,"column":76}},"365":{"start":{"line":857,"column":0},"end":{"line":890,"column":2}},"366":{"start":{"line":858,"column":2},"end":{"line":889,"column":3}},"367":{"start":{"line":859,"column":42},"end":{"line":859,"column":50}},"368":{"start":{"line":862,"column":25},"end":{"line":862,"column":54}},"369":{"start":{"line":863,"column":4},"end":{"line":865,"column":5}},"370":{"start":{"line":864,"column":6},"end":{"line":864,"column":71}},"371":{"start":{"line":868,"column":27},"end":{"line":868,"column":58}},"372":{"start":{"line":870,"column":17},"end":{"line":875,"column":6}},"373":{"start":{"line":877,"column":4},"end":{"line":885,"column":7}},"374":{"start":{"line":888,"column":4},"end":{"line":888,"column":76}},"375":{"start":{"line":896,"column":0},"end":{"line":935,"column":2}},"376":{"start":{"line":897,"column":2},"end":{"line":934,"column":3}},"377":{"start":{"line":898,"column":42},"end":{"line":898,"column":50}},"378":{"start":{"line":901,"column":25},"end":{"line":901,"column":54}},"379":{"start":{"line":902,"column":4},"end":{"line":904,"column":5}},"380":{"start":{"line":903,"column":6},"end":{"line":903,"column":71}},"381":{"start":{"line":907,"column":29},"end":{"line":907,"column":61}},"382":{"start":{"line":908,"column":4},"end":{"line":910,"column":5}},"383":{"start":{"line":909,"column":6},"end":{"line":909,"column":74}},"384":{"start":{"line":913,"column":27},"end":{"line":913,"column":58}},"385":{"start":{"line":915,"column":17},"end":{"line":920,"column":6}},"386":{"start":{"line":922,"column":4},"end":{"line":930,"column":7}},"387":{"start":{"line":933,"column":4},"end":{"line":933,"column":76}},"388":{"start":{"line":941,"column":0},"end":{"line":997,"column":2}},"389":{"start":{"line":942,"column":2},"end":{"line":996,"column":3}},"390":{"start":{"line":943,"column":17},"end":{"line":943,"column":46}},"391":{"start":{"line":944,"column":18},"end":{"line":944,"column":48}},"392":{"start":{"line":945,"column":17},"end":{"line":945,"column":35}},"393":{"start":{"line":946,"column":29},"end":{"line":946,"column":38}},"394":{"start":{"line":948,"column":16},"end":{"line":948,"column":18}},"395":{"start":{"line":951,"column":4},"end":{"line":956,"column":5}},"396":{"start":{"line":952,"column":6},"end":{"line":955,"column":8}},"397":{"start":{"line":959,"column":4},"end":{"line":965,"column":5}},"398":{"start":{"line":960,"column":6},"end":{"line":960,"column":51}},"399":{"start":{"line":962,"column":6},"end":{"line":962,"column":50}},"400":{"start":{"line":962,"column":29},"end":{"line":962,"column":50}},"401":{"start":{"line":963,"column":6},"end":{"line":963,"column":62}},"402":{"start":{"line":963,"column":35},"end":{"line":963,"column":62}},"403":{"start":{"line":964,"column":6},"end":{"line":964,"column":58}},"404":{"start":{"line":964,"column":33},"end":{"line":964,"column":58}},"405":{"start":{"line":967,"column":23},"end":{"line":967,"column":55}},"406":{"start":{"line":968,"column":18},"end":{"line":972,"column":19}},"407":{"start":{"line":974,"column":27},"end":{"line":983,"column":6}},"408":{"start":{"line":975,"column":22},"end":{"line":975,"column":37}},"409":{"start":{"line":976,"column":6},"end":{"line":981,"column":7}},"410":{"start":{"line":977,"column":8},"end":{"line":977,"column":53}},"411":{"start":{"line":978,"column":8},"end":{"line":978,"column":57}},"412":{"start":{"line":979,"column":8},"end":{"line":979,"column":55}},"413":{"start":{"line":980,"column":8},"end":{"line":980,"column":58}},"414":{"start":{"line":982,"column":6},"end":{"line":982,"column":21}},"415":{"start":{"line":985,"column":4},"end":{"line":992,"column":7}},"416":{"start":{"line":995,"column":4},"end":{"line":995,"column":76}},"417":{"start":{"line":1003,"column":0},"end":{"line":1028,"column":2}},"418":{"start":{"line":1004,"column":2},"end":{"line":1027,"column":3}},"419":{"start":{"line":1005,"column":23},"end":{"line":1005,"column":33}},"420":{"start":{"line":1007,"column":17},"end":{"line":1007,"column":44}},"421":{"start":{"line":1008,"column":4},"end":{"line":1010,"column":5}},"422":{"start":{"line":1009,"column":6},"end":{"line":1009,"column":65}},"423":{"start":{"line":1012,"column":4},"end":{"line":1012,"column":35}},"424":{"start":{"line":1013,"column":4},"end":{"line":1013,"column":22}},"425":{"start":{"line":1015,"column":4},"end":{"line":1023,"column":7}},"426":{"start":{"line":1026,"column":4},"end":{"line":1026,"column":76}},"427":{"start":{"line":1034,"column":0},"end":{"line":1068,"column":2}},"428":{"start":{"line":1035,"column":2},"end":{"line":1067,"column":3}},"429":{"start":{"line":1036,"column":23},"end":{"line":1036,"column":33}},"430":{"start":{"line":1037,"column":21},"end":{"line":1037,"column":29}},"431":{"start":{"line":1040,"column":23},"end":{"line":1040,"column":60}},"432":{"start":{"line":1041,"column":4},"end":{"line":1045,"column":5}},"433":{"start":{"line":1042,"column":6},"end":{"line":1044,"column":9}},"434":{"start":{"line":1047,"column":17},"end":{"line":1047,"column":44}},"435":{"start":{"line":1048,"column":4},"end":{"line":1050,"column":5}},"436":{"start":{"line":1049,"column":6},"end":{"line":1049,"column":65}},"437":{"start":{"line":1052,"column":4},"end":{"line":1052,"column":21}},"438":{"start":{"line":1053,"column":4},"end":{"line":1053,"column":22}},"439":{"start":{"line":1055,"column":4},"end":{"line":1063,"column":7}},"440":{"start":{"line":1066,"column":4},"end":{"line":1066,"column":76}},"441":{"start":{"line":1074,"column":0},"end":{"line":1131,"column":2}},"442":{"start":{"line":1075,"column":2},"end":{"line":1130,"column":3}},"443":{"start":{"line":1076,"column":72},"end":{"line":1076,"column":80}},"444":{"start":{"line":1079,"column":4},"end":{"line":1081,"column":5}},"445":{"start":{"line":1080,"column":6},"end":{"line":1080,"column":74}},"446":{"start":{"line":1084,"column":23},"end":{"line":1084,"column":60}},"447":{"start":{"line":1085,"column":4},"end":{"line":1089,"column":5}},"448":{"start":{"line":1086,"column":6},"end":{"line":1088,"column":9}},"449":{"start":{"line":1092,"column":25},"end":{"line":1092,"column":54}},"450":{"start":{"line":1093,"column":4},"end":{"line":1095,"column":5}},"451":{"start":{"line":1094,"column":6},"end":{"line":1094,"column":71}},"452":{"start":{"line":1098,"column":29},"end":{"line":1098,"column":61}},"453":{"start":{"line":1099,"column":4},"end":{"line":1101,"column":5}},"454":{"start":{"line":1100,"column":6},"end":{"line":1100,"column":74}},"455":{"start":{"line":1104,"column":27},"end":{"line":1104,"column":58}},"456":{"start":{"line":1107,"column":19},"end":{"line":1107,"column":118}},"457":{"start":{"line":1109,"column":17},"end":{"line":1115,"column":6}},"458":{"start":{"line":1117,"column":4},"end":{"line":1126,"column":7}},"459":{"start":{"line":1129,"column":4},"end":{"line":1129,"column":76}},"460":{"start":{"line":1137,"column":0},"end":{"line":1247,"column":2}},"461":{"start":{"line":1138,"column":2},"end":{"line":1246,"column":3}},"462":{"start":{"line":1139,"column":23},"end":{"line":1139,"column":33}},"463":{"start":{"line":1140,"column":4},"end":{"line":1140,"column":53}},"464":{"start":{"line":1141,"column":77},"end":{"line":1141,"column":85}},"465":{"start":{"line":1143,"column":17},"end":{"line":1143,"column":44}},"466":{"start":{"line":1144,"column":4},"end":{"line":1146,"column":5}},"467":{"start":{"line":1145,"column":6},"end":{"line":1145,"column":65}},"468":{"start":{"line":1148,"column":23},"end":{"line":1148,"column":25}},"469":{"start":{"line":1151,"column":4},"end":{"line":1157,"column":5}},"470":{"start":{"line":1152,"column":31},"end":{"line":1152,"column":85}},"471":{"start":{"line":1153,"column":6},"end":{"line":1155,"column":7}},"472":{"start":{"line":1154,"column":8},"end":{"line":1154,"column":76}},"473":{"start":{"line":1156,"column":6},"end":{"line":1156,"column":37}},"474":{"start":{"line":1160,"column":4},"end":{"line":1166,"column":5}},"475":{"start":{"line":1161,"column":28},"end":{"line":1161,"column":79}},"476":{"start":{"line":1162,"column":6},"end":{"line":1164,"column":7}},"477":{"start":{"line":1163,"column":8},"end":{"line":1163,"column":73}},"478":{"start":{"line":1165,"column":6},"end":{"line":1165,"column":31}},"479":{"start":{"line":1169,"column":4},"end":{"line":1171,"column":5}},"480":{"start":{"line":1170,"column":6},"end":{"line":1170,"column":60}},"481":{"start":{"line":1174,"column":4},"end":{"line":1182,"column":5}},"482":{"start":{"line":1175,"column":25},"end":{"line":1175,"column":62}},"483":{"start":{"line":1176,"column":6},"end":{"line":1180,"column":7}},"484":{"start":{"line":1177,"column":8},"end":{"line":1179,"column":11}},"485":{"start":{"line":1181,"column":6},"end":{"line":1181,"column":29}},"486":{"start":{"line":1185,"column":4},"end":{"line":1188,"column":5}},"487":{"start":{"line":1186,"column":6},"end":{"line":1186,"column":64}},"488":{"start":{"line":1187,"column":6},"end":{"line":1187,"column":33}},"489":{"start":{"line":1191,"column":4},"end":{"line":1193,"column":5}},"490":{"start":{"line":1192,"column":6},"end":{"line":1192,"column":104}},"491":{"start":{"line":1196,"column":4},"end":{"line":1206,"column":5}},"492":{"start":{"line":1197,"column":6},"end":{"line":1197,"column":36}},"493":{"start":{"line":1199,"column":34},"end":{"line":1199,"column":76}},"494":{"start":{"line":1200,"column":24},"end":{"line":1200,"column":86}},"495":{"start":{"line":1200,"column":70},"end":{"line":1200,"column":85}},"496":{"start":{"line":1202,"column":6},"end":{"line":1204,"column":7}},"497":{"start":{"line":1203,"column":9},"end":{"line":1203,"column":55}},"498":{"start":{"line":1205,"column":6},"end":{"line":1205,"column":50}},"499":{"start":{"line":1209,"column":4},"end":{"line":1227,"column":5}},"500":{"start":{"line":1210,"column":6},"end":{"line":1225,"column":7}},"501":{"start":{"line":1212,"column":20},"end":{"line":1212,"column":40}},"502":{"start":{"line":1213,"column":8},"end":{"line":1213,"column":49}},"503":{"start":{"line":1213,"column":39},"end":{"line":1213,"column":49}},"504":{"start":{"line":1214,"column":8},"end":{"line":1214,"column":41}},"505":{"start":{"line":1216,"column":8},"end":{"line":1216,"column":76}},"506":{"start":{"line":1217,"column":13},"end":{"line":1225,"column":7}},"507":{"start":{"line":1219,"column":23},"end":{"line":1219,"column":42}},"508":{"start":{"line":1220,"column":8},"end":{"line":1220,"column":58}},"509":{"start":{"line":1220,"column":45},"end":{"line":1220,"column":58}},"510":{"start":{"line":1221,"column":8},"end":{"line":1221,"column":41}},"511":{"start":{"line":1221,"column":27},"end":{"line":1221,"column":41}},"512":{"start":{"line":1222,"column":8},"end":{"line":1222,"column":43}},"513":{"start":{"line":1224,"column":8},"end":{"line":1224,"column":56}},"514":{"start":{"line":1226,"column":6},"end":{"line":1226,"column":50}},"515":{"start":{"line":1229,"column":4},"end":{"line":1229,"column":61}},"516":{"start":{"line":1231,"column":24},"end":{"line":1235,"column":25}},"517":{"start":{"line":1237,"column":4},"end":{"line":1237,"column":77}},"518":{"start":{"line":1239,"column":4},"end":{"line":1242,"column":7}},"519":{"start":{"line":1245,"column":4},"end":{"line":1245,"column":76}},"520":{"start":{"line":1253,"column":0},"end":{"line":1286,"column":2}},"521":{"start":{"line":1254,"column":2},"end":{"line":1285,"column":3}},"522":{"start":{"line":1255,"column":17},"end":{"line":1255,"column":69}},"523":{"start":{"line":1257,"column":4},"end":{"line":1259,"column":5}},"524":{"start":{"line":1258,"column":6},"end":{"line":1258,"column":65}},"525":{"start":{"line":1262,"column":21},"end":{"line":1266,"column":5}},"526":{"start":{"line":1268,"column":20},"end":{"line":1268,"column":35}},"527":{"start":{"line":1269,"column":4},"end":{"line":1274,"column":5}},"528":{"start":{"line":1270,"column":6},"end":{"line":1270,"column":51}},"529":{"start":{"line":1271,"column":6},"end":{"line":1271,"column":55}},"530":{"start":{"line":1272,"column":6},"end":{"line":1272,"column":53}},"531":{"start":{"line":1273,"column":6},"end":{"line":1273,"column":56}},"532":{"start":{"line":1276,"column":4},"end":{"line":1281,"column":7}},"533":{"start":{"line":1284,"column":4},"end":{"line":1284,"column":76}},"534":{"start":{"line":1292,"column":0},"end":{"line":1313,"column":2}},"535":{"start":{"line":1293,"column":2},"end":{"line":1312,"column":3}},"536":{"start":{"line":1294,"column":29},"end":{"line":1294,"column":37}},"537":{"start":{"line":1295,"column":19},"end":{"line":1295,"column":30}},"538":{"start":{"line":1297,"column":17},"end":{"line":1297,"column":44}},"539":{"start":{"line":1298,"column":4},"end":{"line":1300,"column":5}},"540":{"start":{"line":1299,"column":6},"end":{"line":1299,"column":65}},"541":{"start":{"line":1302,"column":33},"end":{"line":1302,"column":66}},"542":{"start":{"line":1303,"column":4},"end":{"line":1305,"column":5}},"543":{"start":{"line":1304,"column":6},"end":{"line":1304,"column":78}},"544":{"start":{"line":1307,"column":4},"end":{"line":1307,"column":41}},"545":{"start":{"line":1309,"column":4},"end":{"line":1309,"column":58}},"546":{"start":{"line":1311,"column":4},"end":{"line":1311,"column":76}}},"fnMap":{"0":{"name":"(anonymous_0)","decl":{"start":{"line":15,"column":25},"end":{"line":15,"column":26}},"loc":{"start":{"line":15,"column":31},"end":{"line":17,"column":1}},"line":15},"1":{"name":"(anonymous_1)","decl":{"start":{"line":19,"column":16},"end":{"line":19,"column":17}},"loc":{"start":{"line":19,"column":25},"end":{"line":21,"column":1}},"line":19},"2":{"name":"(anonymous_2)","decl":{"start":{"line":27,"column":19},"end":{"line":27,"column":20}},"loc":{"start":{"line":27,"column":39},"end":{"line":119,"column":1}},"line":27},"3":{"name":"(anonymous_3)","decl":{"start":{"line":125,"column":22},"end":{"line":125,"column":23}},"loc":{"start":{"line":125,"column":42},"end":{"line":178,"column":1}},"line":125},"4":{"name":"(anonymous_4)","decl":{"start":{"line":183,"column":34},"end":{"line":183,"column":35}},"loc":{"start":{"line":183,"column":54},"end":{"line":235,"column":1}},"line":183},"5":{"name":"(anonymous_5)","decl":{"start":{"line":241,"column":16},"end":{"line":241,"column":17}},"loc":{"start":{"line":241,"column":36},"end":{"line":338,"column":1}},"line":241},"6":{"name":"(anonymous_6)","decl":{"start":{"line":344,"column":19},"end":{"line":344,"column":20}},"loc":{"start":{"line":344,"column":39},"end":{"line":420,"column":1}},"line":344},"7":{"name":"(anonymous_7)","decl":{"start":{"line":428,"column":25},"end":{"line":428,"column":26}},"loc":{"start":{"line":428,"column":45},"end":{"line":494,"column":1}},"line":428},"8":{"name":"(anonymous_8)","decl":{"start":{"line":500,"column":26},"end":{"line":500,"column":27}},"loc":{"start":{"line":500,"column":46},"end":{"line":570,"column":1}},"line":500},"9":{"name":"(anonymous_9)","decl":{"start":{"line":576,"column":27},"end":{"line":576,"column":28}},"loc":{"start":{"line":576,"column":47},"end":{"line":603,"column":1}},"line":576},"10":{"name":"(anonymous_10)","decl":{"start":{"line":609,"column":25},"end":{"line":609,"column":26}},"loc":{"start":{"line":609,"column":45},"end":{"line":666,"column":1}},"line":609},"11":{"name":"(anonymous_11)","decl":{"start":{"line":672,"column":24},"end":{"line":672,"column":25}},"loc":{"start":{"line":672,"column":44},"end":{"line":699,"column":1}},"line":672},"12":{"name":"(anonymous_12)","decl":{"start":{"line":705,"column":21},"end":{"line":705,"column":22}},"loc":{"start":{"line":705,"column":41},"end":{"line":731,"column":1}},"line":705},"13":{"name":"(anonymous_13)","decl":{"start":{"line":737,"column":24},"end":{"line":737,"column":25}},"loc":{"start":{"line":737,"column":44},"end":{"line":818,"column":1}},"line":737},"14":{"name":"(anonymous_14)","decl":{"start":{"line":826,"column":26},"end":{"line":826,"column":27}},"loc":{"start":{"line":826,"column":46},"end":{"line":851,"column":1}},"line":826},"15":{"name":"(anonymous_15)","decl":{"start":{"line":857,"column":24},"end":{"line":857,"column":25}},"loc":{"start":{"line":857,"column":44},"end":{"line":890,"column":1}},"line":857},"16":{"name":"(anonymous_16)","decl":{"start":{"line":896,"column":28},"end":{"line":896,"column":29}},"loc":{"start":{"line":896,"column":48},"end":{"line":935,"column":1}},"line":896},"17":{"name":"(anonymous_17)","decl":{"start":{"line":941,"column":22},"end":{"line":941,"column":23}},"loc":{"start":{"line":941,"column":42},"end":{"line":997,"column":1}},"line":941},"18":{"name":"(anonymous_18)","decl":{"start":{"line":974,"column":37},"end":{"line":974,"column":38}},"loc":{"start":{"line":974,"column":47},"end":{"line":983,"column":5}},"line":974},"19":{"name":"(anonymous_19)","decl":{"start":{"line":1003,"column":31},"end":{"line":1003,"column":32}},"loc":{"start":{"line":1003,"column":51},"end":{"line":1028,"column":1}},"line":1003},"20":{"name":"(anonymous_20)","decl":{"start":{"line":1034,"column":21},"end":{"line":1034,"column":22}},"loc":{"start":{"line":1034,"column":41},"end":{"line":1068,"column":1}},"line":1034},"21":{"name":"(anonymous_21)","decl":{"start":{"line":1074,"column":21},"end":{"line":1074,"column":22}},"loc":{"start":{"line":1074,"column":41},"end":{"line":1131,"column":1}},"line":1074},"22":{"name":"(anonymous_22)","decl":{"start":{"line":1137,"column":21},"end":{"line":1137,"column":22}},"loc":{"start":{"line":1137,"column":41},"end":{"line":1247,"column":1}},"line":1137},"23":{"name":"(anonymous_23)","decl":{"start":{"line":1200,"column":65},"end":{"line":1200,"column":66}},"loc":{"start":{"line":1200,"column":70},"end":{"line":1200,"column":85}},"line":1200},"24":{"name":"(anonymous_24)","decl":{"start":{"line":1253,"column":23},"end":{"line":1253,"column":24}},"loc":{"start":{"line":1253,"column":43},"end":{"line":1286,"column":1}},"line":1253},"25":{"name":"(anonymous_25)","decl":{"start":{"line":1292,"column":24},"end":{"line":1292,"column":25}},"loc":{"start":{"line":1292,"column":44},"end":{"line":1313,"column":1}},"line":1292}},"branchMap":{"0":{"loc":{"start":{"line":34,"column":4},"end":{"line":36,"column":5}},"type":"if","locations":[{"start":{"line":34,"column":4},"end":{"line":36,"column":5}},{"start":{},"end":{}}],"line":34},"1":{"loc":{"start":{"line":40,"column":4},"end":{"line":42,"column":5}},"type":"if","locations":[{"start":{"line":40,"column":4},"end":{"line":42,"column":5}},{"start":{},"end":{}}],"line":40},"2":{"loc":{"start":{"line":46,"column":4},"end":{"line":48,"column":5}},"type":"if","locations":[{"start":{"line":46,"column":4},"end":{"line":48,"column":5}},{"start":{},"end":{}}],"line":46},"3":{"loc":{"start":{"line":50,"column":23},"end":{"line":50,"column":114}},"type":"binary-expr","locations":[{"start":{"line":50,"column":23},"end":{"line":50,"column":29}},{"start":{"line":50,"column":33},"end":{"line":50,"column":114}}],"line":50},"4":{"loc":{"start":{"line":54,"column":4},"end":{"line":56,"column":5}},"type":"if","locations":[{"start":{"line":54,"column":4},"end":{"line":56,"column":5}},{"start":{},"end":{}}],"line":54},"5":{"loc":{"start":{"line":62,"column":16},"end":{"line":62,"column":37}},"type":"binary-expr","locations":[{"start":{"line":62,"column":16},"end":{"line":62,"column":24}},{"start":{"line":62,"column":28},"end":{"line":62,"column":37}}],"line":62},"6":{"loc":{"start":{"line":65,"column":24},"end":{"line":65,"column":76}},"type":"cond-expr","locations":[{"start":{"line":65,"column":39},"end":{"line":65,"column":48}},{"start":{"line":65,"column":51},"end":{"line":65,"column":76}}],"line":65},"7":{"loc":{"start":{"line":66,"column":30},"end":{"line":66,"column":99}},"type":"cond-expr","locations":[{"start":{"line":66,"column":45},"end":{"line":66,"column":54}},{"start":{"line":66,"column":57},"end":{"line":66,"column":99}}],"line":66},"8":{"loc":{"start":{"line":69,"column":4},"end":{"line":96,"column":5}},"type":"if","locations":[{"start":{"line":69,"column":4},"end":{"line":96,"column":5}},{"start":{},"end":{}}],"line":69},"9":{"loc":{"start":{"line":99,"column":15},"end":{"line":101,"column":89}},"type":"cond-expr","locations":[{"start":{"line":100,"column":10},"end":{"line":100,"column":37}},{"start":{"line":101,"column":10},"end":{"line":101,"column":89}}],"line":99},"10":{"loc":{"start":{"line":110,"column":4},"end":{"line":115,"column":5}},"type":"if","locations":[{"start":{"line":110,"column":4},"end":{"line":115,"column":5}},{"start":{},"end":{}}],"line":110},"11":{"loc":{"start":{"line":129,"column":4},"end":{"line":131,"column":5}},"type":"if","locations":[{"start":{"line":129,"column":4},"end":{"line":131,"column":5}},{"start":{},"end":{}}],"line":129},"12":{"loc":{"start":{"line":129,"column":8},"end":{"line":129,"column":23}},"type":"binary-expr","locations":[{"start":{"line":129,"column":8},"end":{"line":129,"column":14}},{"start":{"line":129,"column":18},"end":{"line":129,"column":23}}],"line":129},"13":{"loc":{"start":{"line":134,"column":4},"end":{"line":136,"column":5}},"type":"if","locations":[{"start":{"line":134,"column":4},"end":{"line":136,"column":5}},{"start":{},"end":{}}],"line":134},"14":{"loc":{"start":{"line":138,"column":4},"end":{"line":140,"column":5}},"type":"if","locations":[{"start":{"line":138,"column":4},"end":{"line":140,"column":5}},{"start":{},"end":{}}],"line":138},"15":{"loc":{"start":{"line":142,"column":4},"end":{"line":144,"column":5}},"type":"if","locations":[{"start":{"line":142,"column":4},"end":{"line":144,"column":5}},{"start":{},"end":{}}],"line":142},"16":{"loc":{"start":{"line":142,"column":8},"end":{"line":142,"column":62}},"type":"binary-expr","locations":[{"start":{"line":142,"column":8},"end":{"line":142,"column":30}},{"start":{"line":142,"column":34},"end":{"line":142,"column":62}}],"line":142},"17":{"loc":{"start":{"line":146,"column":4},"end":{"line":148,"column":5}},"type":"if","locations":[{"start":{"line":146,"column":4},"end":{"line":148,"column":5}},{"start":{},"end":{}}],"line":146},"18":{"loc":{"start":{"line":151,"column":4},"end":{"line":153,"column":5}},"type":"if","locations":[{"start":{"line":151,"column":4},"end":{"line":153,"column":5}},{"start":{},"end":{}}],"line":151},"19":{"loc":{"start":{"line":164,"column":28},"end":{"line":164,"column":54}},"type":"binary-expr","locations":[{"start":{"line":164,"column":28},"end":{"line":164,"column":37}},{"start":{"line":164,"column":41},"end":{"line":164,"column":54}}],"line":164},"20":{"loc":{"start":{"line":172,"column":12},"end":{"line":172,"column":38}},"type":"binary-expr","locations":[{"start":{"line":172,"column":12},"end":{"line":172,"column":21}},{"start":{"line":172,"column":25},"end":{"line":172,"column":38}}],"line":172},"21":{"loc":{"start":{"line":187,"column":4},"end":{"line":189,"column":5}},"type":"if","locations":[{"start":{"line":187,"column":4},"end":{"line":189,"column":5}},{"start":{},"end":{}}],"line":187},"22":{"loc":{"start":{"line":192,"column":4},"end":{"line":194,"column":5}},"type":"if","locations":[{"start":{"line":192,"column":4},"end":{"line":194,"column":5}},{"start":{},"end":{}}],"line":192},"23":{"loc":{"start":{"line":196,"column":4},"end":{"line":198,"column":5}},"type":"if","locations":[{"start":{"line":196,"column":4},"end":{"line":198,"column":5}},{"start":{},"end":{}}],"line":196},"24":{"loc":{"start":{"line":244,"column":19},"end":{"line":244,"column":44}},"type":"binary-expr","locations":[{"start":{"line":244,"column":19},"end":{"line":244,"column":29}},{"start":{"line":244,"column":33},"end":{"line":244,"column":38}},{"start":{"line":244,"column":42},"end":{"line":244,"column":44}}],"line":244},"25":{"loc":{"start":{"line":246,"column":85},"end":{"line":246,"column":115}},"type":"cond-expr","locations":[{"start":{"line":246,"column":96},"end":{"line":246,"column":111}},{"start":{"line":246,"column":114},"end":{"line":246,"column":115}}],"line":246},"26":{"loc":{"start":{"line":248,"column":4},"end":{"line":250,"column":5}},"type":"if","locations":[{"start":{"line":248,"column":4},"end":{"line":250,"column":5}},{"start":{},"end":{}}],"line":248},"27":{"loc":{"start":{"line":248,"column":8},"end":{"line":248,"column":29}},"type":"binary-expr","locations":[{"start":{"line":248,"column":8},"end":{"line":248,"column":16}},{"start":{"line":248,"column":20},"end":{"line":248,"column":29}}],"line":248},"28":{"loc":{"start":{"line":260,"column":4},"end":{"line":263,"column":5}},"type":"if","locations":[{"start":{"line":260,"column":4},"end":{"line":263,"column":5}},{"start":{},"end":{}}],"line":260},"29":{"loc":{"start":{"line":266,"column":4},"end":{"line":268,"column":5}},"type":"if","locations":[{"start":{"line":266,"column":4},"end":{"line":268,"column":5}},{"start":{},"end":{}}],"line":266},"30":{"loc":{"start":{"line":271,"column":4},"end":{"line":273,"column":5}},"type":"if","locations":[{"start":{"line":271,"column":4},"end":{"line":273,"column":5}},{"start":{},"end":{}}],"line":271},"31":{"loc":{"start":{"line":277,"column":4},"end":{"line":279,"column":5}},"type":"if","locations":[{"start":{"line":277,"column":4},"end":{"line":279,"column":5}},{"start":{},"end":{}}],"line":277},"32":{"loc":{"start":{"line":281,"column":22},"end":{"line":281,"column":95}},"type":"cond-expr","locations":[{"start":{"line":281,"column":65},"end":{"line":281,"column":88}},{"start":{"line":281,"column":91},"end":{"line":281,"column":95}}],"line":281},"33":{"loc":{"start":{"line":281,"column":22},"end":{"line":281,"column":62}},"type":"binary-expr","locations":[{"start":{"line":281,"column":22},"end":{"line":281,"column":35}},{"start":{"line":281,"column":39},"end":{"line":281,"column":62}}],"line":281},"34":{"loc":{"start":{"line":282,"column":4},"end":{"line":319,"column":5}},"type":"if","locations":[{"start":{"line":282,"column":4},"end":{"line":319,"column":5}},{"start":{},"end":{}}],"line":282},"35":{"loc":{"start":{"line":282,"column":8},"end":{"line":282,"column":38}},"type":"binary-expr","locations":[{"start":{"line":282,"column":8},"end":{"line":282,"column":17}},{"start":{"line":282,"column":21},"end":{"line":282,"column":38}}],"line":282},"36":{"loc":{"start":{"line":283,"column":21},"end":{"line":283,"column":47}},"type":"binary-expr","locations":[{"start":{"line":283,"column":21},"end":{"line":283,"column":37}},{"start":{"line":283,"column":41},"end":{"line":283,"column":47}}],"line":283},"37":{"loc":{"start":{"line":285,"column":6},"end":{"line":305,"column":7}},"type":"if","locations":[{"start":{"line":285,"column":6},"end":{"line":305,"column":7}},{"start":{},"end":{}}],"line":285},"38":{"loc":{"start":{"line":322,"column":28},"end":{"line":322,"column":54}},"type":"binary-expr","locations":[{"start":{"line":322,"column":28},"end":{"line":322,"column":37}},{"start":{"line":322,"column":41},"end":{"line":322,"column":54}}],"line":322},"39":{"loc":{"start":{"line":330,"column":12},"end":{"line":330,"column":38}},"type":"binary-expr","locations":[{"start":{"line":330,"column":12},"end":{"line":330,"column":21}},{"start":{"line":330,"column":25},"end":{"line":330,"column":38}}],"line":330},"40":{"loc":{"start":{"line":348,"column":4},"end":{"line":350,"column":5}},"type":"if","locations":[{"start":{"line":348,"column":4},"end":{"line":350,"column":5}},{"start":{},"end":{}}],"line":348},"41":{"loc":{"start":{"line":348,"column":8},"end":{"line":348,"column":32}},"type":"binary-expr","locations":[{"start":{"line":348,"column":8},"end":{"line":348,"column":23}},{"start":{"line":348,"column":27},"end":{"line":348,"column":32}}],"line":348},"42":{"loc":{"start":{"line":359,"column":4},"end":{"line":361,"column":5}},"type":"if","locations":[{"start":{"line":359,"column":4},"end":{"line":361,"column":5}},{"start":{},"end":{}}],"line":359},"43":{"loc":{"start":{"line":359,"column":8},"end":{"line":359,"column":42}},"type":"binary-expr","locations":[{"start":{"line":359,"column":8},"end":{"line":359,"column":16}},{"start":{"line":359,"column":20},"end":{"line":359,"column":42}}],"line":359},"44":{"loc":{"start":{"line":364,"column":4},"end":{"line":366,"column":5}},"type":"if","locations":[{"start":{"line":364,"column":4},"end":{"line":366,"column":5}},{"start":{},"end":{}}],"line":364},"45":{"loc":{"start":{"line":368,"column":22},"end":{"line":368,"column":95}},"type":"cond-expr","locations":[{"start":{"line":368,"column":65},"end":{"line":368,"column":88}},{"start":{"line":368,"column":91},"end":{"line":368,"column":95}}],"line":368},"46":{"loc":{"start":{"line":368,"column":22},"end":{"line":368,"column":62}},"type":"binary-expr","locations":[{"start":{"line":368,"column":22},"end":{"line":368,"column":35}},{"start":{"line":368,"column":39},"end":{"line":368,"column":62}}],"line":368},"47":{"loc":{"start":{"line":369,"column":4},"end":{"line":371,"column":5}},"type":"if","locations":[{"start":{"line":369,"column":4},"end":{"line":371,"column":5}},{"start":{},"end":{}}],"line":369},"48":{"loc":{"start":{"line":369,"column":8},"end":{"line":369,"column":40}},"type":"binary-expr","locations":[{"start":{"line":369,"column":8},"end":{"line":369,"column":18}},{"start":{"line":369,"column":22},"end":{"line":369,"column":40}}],"line":369},"49":{"loc":{"start":{"line":375,"column":19},"end":{"line":375,"column":45}},"type":"binary-expr","locations":[{"start":{"line":375,"column":19},"end":{"line":375,"column":35}},{"start":{"line":375,"column":39},"end":{"line":375,"column":45}}],"line":375},"50":{"loc":{"start":{"line":376,"column":4},"end":{"line":399,"column":5}},"type":"if","locations":[{"start":{"line":376,"column":4},"end":{"line":399,"column":5}},{"start":{"line":386,"column":11},"end":{"line":399,"column":5}}],"line":376},"51":{"loc":{"start":{"line":377,"column":6},"end":{"line":379,"column":7}},"type":"if","locations":[{"start":{"line":377,"column":6},"end":{"line":379,"column":7}},{"start":{},"end":{}}],"line":377},"52":{"loc":{"start":{"line":386,"column":11},"end":{"line":399,"column":5}},"type":"if","locations":[{"start":{"line":386,"column":11},"end":{"line":399,"column":5}},{"start":{},"end":{}}],"line":386},"53":{"loc":{"start":{"line":387,"column":6},"end":{"line":389,"column":7}},"type":"if","locations":[{"start":{"line":387,"column":6},"end":{"line":389,"column":7}},{"start":{},"end":{}}],"line":387},"54":{"loc":{"start":{"line":387,"column":10},"end":{"line":387,"column":63}},"type":"binary-expr","locations":[{"start":{"line":387,"column":10},"end":{"line":387,"column":33}},{"start":{"line":387,"column":37},"end":{"line":387,"column":63}}],"line":387},"55":{"loc":{"start":{"line":390,"column":6},"end":{"line":392,"column":7}},"type":"if","locations":[{"start":{"line":390,"column":6},"end":{"line":392,"column":7}},{"start":{},"end":{}}],"line":390},"56":{"loc":{"start":{"line":394,"column":6},"end":{"line":398,"column":7}},"type":"if","locations":[{"start":{"line":394,"column":6},"end":{"line":398,"column":7}},{"start":{},"end":{}}],"line":394},"57":{"loc":{"start":{"line":401,"column":4},"end":{"line":403,"column":5}},"type":"if","locations":[{"start":{"line":401,"column":4},"end":{"line":403,"column":5}},{"start":{},"end":{}}],"line":401},"58":{"loc":{"start":{"line":406,"column":28},"end":{"line":406,"column":54}},"type":"binary-expr","locations":[{"start":{"line":406,"column":28},"end":{"line":406,"column":37}},{"start":{"line":406,"column":41},"end":{"line":406,"column":54}}],"line":406},"59":{"loc":{"start":{"line":414,"column":12},"end":{"line":414,"column":38}},"type":"binary-expr","locations":[{"start":{"line":414,"column":12},"end":{"line":414,"column":21}},{"start":{"line":414,"column":25},"end":{"line":414,"column":38}}],"line":414},"60":{"loc":{"start":{"line":431,"column":4},"end":{"line":433,"column":5}},"type":"if","locations":[{"start":{"line":431,"column":4},"end":{"line":433,"column":5}},{"start":{},"end":{}}],"line":431},"61":{"loc":{"start":{"line":431,"column":8},"end":{"line":431,"column":47}},"type":"binary-expr","locations":[{"start":{"line":431,"column":8},"end":{"line":43
[...]
02,"column":63}},{"start":{"line":302,"column":67},"end":{"line":302,"column":69}}],"line":302},"68":{"loc":{"start":{"line":306,"column":21},"end":{"line":306,"column":46}},"type":"cond-expr","locations":[{"start":{"line":306,"column":41},"end":{"line":306,"column":42}},{"start":{"line":306,"column":45},"end":{"line":306,"column":46}}],"line":306},"69":{"loc":{"start":{"line":308,"column":21},"end":{"line":308,"column":46}},"type":"cond-expr","locations":[{"start":{"line":308,"column":41},"end":{"line":308,"column":42}},{"start":{"line":308,"column":45},"end":{"line":308,"column":46}}],"line":308},"70":{"loc":{"start":{"line":309,"column":24},"end":{"line":309,"column":96}},"type":"cond-expr","locations":[{"start":{"line":309,"column":91},"end":{"line":309,"column":92}},{"start":{"line":309,"column":95},"end":{"line":309,"column":96}}],"line":309},"71":{"loc":{"start":{"line":309,"column":77},"end":{"line":309,"column":87}},"type":"binary-expr","locations":[{"start":{"line":309,"column":77},"end":{"line":309,"column":81}},{"start":{"line":309,"column":85},"end":{"line":309,"column":87}}],"line":309},"72":{"loc":{"start":{"line":310,"column":18},"end":{"line":310,"column":53}},"type":"cond-expr","locations":[{"start":{"line":310,"column":31},"end":{"line":310,"column":32}},{"start":{"line":310,"column":35},"end":{"line":310,"column":53}}],"line":310},"73":{"loc":{"start":{"line":310,"column":35},"end":{"line":310,"column":53}},"type":"cond-expr","locations":[{"start":{"line":310,"column":48},"end":{"line":310,"column":49}},{"start":{"line":310,"column":52},"end":{"line":310,"column":53}}],"line":310},"74":{"loc":{"start":{"line":320,"column":10},"end":{"line":320,"column":83}},"type":"cond-expr","locations":[{"start":{"line":320,"column":22},"end":{"line":320,"column":78}},{"start":{"line":320,"column":81},"end":{"line":320,"column":83}}],"line":320},"75":{"loc":{"start":{"line":323,"column":68},"end":{"line":323,"column":134}},"type":"cond-expr","locations":[{"start":{"line":323,"column":88},"end":{"line":323,"column":129}},{"start":{"line":323,"column":132},"end":{"line":323,"column":134}}],"line":323},"76":{"loc":{"start":{"line":327,"column":16},"end":{"line":327,"column":32}},"type":"binary-expr","locations":[{"start":{"line":327,"column":16},"end":{"line":327,"column":26}},{"start":{"line":327,"column":30},"end":{"line":327,"column":32}}],"line":327},"77":{"loc":{"start":{"line":332,"column":14},"end":{"line":332,"column":82}},"type":"binary-expr","locations":[{"start":{"line":332,"column":14},"end":{"line":332,"column":41}},{"start":{"line":332,"column":45},"end":{"line":332,"column":82}}],"line":332},"78":{"loc":{"start":{"line":339,"column":4},"end":{"line":341,"column":5}},"type":"if","locations":[{"start":{"line":339,"column":4},"end":{"line":341,"column":5}},{"start":{},"end":{}}],"line":339},"79":{"loc":{"start":{"line":339,"column":8},"end":{"line":339,"column":57}},"type":"binary-expr","locations":[{"start":{"line":339,"column":8},"end":{"line":339,"column":25}},{"start":{"line":339,"column":29},"end":{"line":339,"column":45}},{"start":{"line":339,"column":49},"end":{"line":339,"column":57}}],"line":339},"80":{"loc":{"start":{"line":362,"column":14},"end":{"line":362,"column":78}},"type":"binary-expr","locations":[{"start":{"line":362,"column":14},"end":{"line":362,"column":37}},{"start":{"line":362,"column":41},"end":{"line":362,"column":78}}],"line":362},"81":{"loc":{"start":{"line":363,"column":25},"end":{"line":363,"column":101}},"type":"cond-expr","locations":[{"start":{"line":363,"column":80},"end":{"line":363,"column":92}},{"start":{"line":363,"column":95},"end":{"line":363,"column":101}}],"line":363},"82":{"loc":{"start":{"line":379,"column":4},"end":{"line":381,"column":5}},"type":"if","locations":[{"start":{"line":379,"column":4},"end":{"line":381,"column":5}},{"start":{},"end":{}}],"line":379},"83":{"loc":{"start":{"line":379,"column":8},"end":{"line":379,"column":57}},"type":"binary-expr","locations":[{"start":{"line":379,"column":8},"end":{"line":379,"column":25}},{"start":{"line":379,"column":29},"end":{"line":379,"column":45}},{"start":{"line":379,"column":49},"end":{"line":379,"column":57}}],"line":379}},"s":{"0":10,"1":10,"2":10,"3":10,"4":10,"5":18,"6":18,"7":7,"8":7,"9":7,"10":1,"11":1,"12":1,"13":11,"14":11,"15":11,"16":11,"17":11,"18":11,"19":1,"20":0,"21":1,"22":1,"23":1,"24":0,"25":0,"26":0,"27":0,"28":0,"29":0,"30":0,"31":0,"32":0,"33":0,"34":0,"35":0,"36":0,"37":0,"38":0,"39":0,"40":0,"41":0,"42":0,"43":0,"44":0,"45":0,"46":0,"47":0,"48":0,"49":0,"50":0,"51":0,"52":0,"53":0,"54":0,"55":0,"56":1,"57":0,"58":1,"59":1,"60":1,"61":1,"62":1,"63":0,"64":0,"65":0,"66":0,"67":1,"68":1,"69":5,"70":5,"71":5,"72":5,"73":5,"74":5,"75":0,"76":5,"77":1,"78":5,"79":1,"80":5,"81":0,"82":5,"83":6,"84":6,"85":6,"86":6,"87":6,"88":6,"89":6,"90":5,"91":5,"92":5,"93":0,"94":5,"95":5,"96":5,"97":5,"98":5,"99":8,"100":8,"101":5,"102":5,"103":5,"104":5,"105":5,"106":6,"107":6,"108":6,"109":6,"110":6,"111":6,"112":6,"113":1,"114":1,"115":0,"116":0,"117":0,"118":0,"119":0,"120":0,"121":0,"122":0,"123":0,"124":0,"125":5,"126":5,"127":5,"128":1,"129":1,"130":1,"131":1,"132":0,"133":1,"134":0,"135":1,"136":0,"137":1,"138":1,"139":1,"140":0,"141":3,"142":3,"143":3,"144":0,"145":2,"146":1,"147":2,"148":5,"149":5,"150":5,"151":5,"152":0,"153":3,"154":3,"155":2,"156":2,"157":10},"f":{"0":18,"1":7,"2":1,"3":1,"4":11,"5":1,"6":0,"7":0,"8":0,"9":0,"10":0,"11":0,"12":0,"13":0,"14":0,"15":0,"16":0,"17":1,"18":5,"19":6,"20":5,"21":8,"22":6,"23":0,"24":1,"25":0,"26":3,"27":0,"28":5,"29":0},"b":{"0":[18,12],"1":[7,1],"2":[7,1],"3":[1,0],"4":[1,0],"5":[1,0],"6":[11,0],"7":[11,0],"8":[11,11],"9":[11,0,0],"10":[11,0],"11":[0,1],"12":[1,1,1],"13":[0,0],"14":[0,0],"15":[0],"16":[0,0],"17":[0,0],"18":[0,0],"19":[0,0,0],"20":[0,0],"21":[0,0],"22":[0,0],"23":[0,0],"24":[0,1],"25":[1,1],"26":[0,0],"27":[0,0],"28":[0,0],"29":[5,4],"30":[5,4],"31":[5,4],"32":[5,4],"33":[0,5],"34":[1,4],"35":[1,4],"36":[0,5],"37":[6,4],"38":[6,5],"39":[5,0],"40":[0,5],"41":[5,5],"42":[0,5],"43":[0,5],"44":[5,4],"45":[5,4],"46":[5],"47":[1,5],"48":[6,1,0],"49":[1,0],"50":[1,0],"51":[1,0],"52":[6,5],"53":[6,0],"54":[6,6],"55":[1,5],"56":[1,0],"57":[0,0],"58":[0,0],"59":[0,0],"60":[5,0],"61":[1,0],"62":[0,1],"63":[1,0],"64":[0,1],"65":[1,0],"66":[0,1],"67":[1,0],"68":[0,1],"69":[0,1],"70":[0,1],"71":[1,0],"72":[0,1],"73":[0,1],"74":[1,0],"75":[0,1],"76":[1,0],"77":[3,3],"78":[1,1],"79":[2,2,1],"80":[5,5],"81":[4,1],"82":[3,0],"83":[3,3,3]},"_coverageSchema":"1a1c01bbd47fc00a2c39e90264f33305004495a9","hash":"9b7f9ed2d6e8f1ed97b803a6258dfb7691e8f9fd"}
,"C:\\Users\\windows 10\\Desktop\\fotcode_test\\-Esprit-PIFSJS-4TWIN3--2026-FortCode\\Back\\src\\utils\\stageChallengeSync.js": {"path":"C:\\Users\\windows 10\\Desktop\\fotcode_test\\-Esprit-PIFSJS-4TWIN3--2026-FortCode\\Back\\src\\utils\\stageChallengeSync.js","statementMap":{"0":{"start":{"line":1,"column":17},"end":{"line":1,"column":36}},"1":{"start":{"line":2,"column":14},"end":{"line":2,"column":40}},"2":{"start":{"line":3,"column":18},"end":{"line":3,"column":48}},"3":{"start":{"line":9,"column":14},"end":{"line":9,"column":58}},"4":{"start":{"line":10,"column":14},"end":{"line":10,"column":62}},"5":{"start":{"line":11,"column":13},"end":{"line":11,"column":42}},"6":{"start":{"line":12,"column":2},"end":{"line":16,"column":3}},"7":{"start":{"line":13,"column":14},"end":{"line":13,"column":46}},"8":{"start":{"line":14,"column":4},"end":{"line":14,"column":25}},"9":{"start":{"line":15,"column":4},"end":{"line":15,"column":12}},"10":{"start":{"line":17,"column":2},"end":{"line":21,"column":3}},"11":{"start":{"line":18,"column":14},"end":{"line":18,"column":78}},"12":{"start":{"line":19,"column":4},"end":{"line":19,"column":34}},"13":{"start":{"line":20,"column":4},"end":{"line":20,"column":12}},"14":{"start":{"line":22,"column":2},"end":{"line":24,"column":3}},"15":{"start":{"line":23,"column":4},"end":{"line":23,"column":79}},"16":{"start":{"line":25,"column":2},"end":{"line":25,"column":19}},"17":{"start":{"line":26,"column":2},"end":{"line":26,"column":18}},"18":{"start":{"line":27,"column":2},"end":{"line":27,"column":12}},"19":{"start":{"line":34,"column":14},"end":{"line":34,"column":58}},"20":{"start":{"line":35,"column":14},"end":{"line":35,"column":62}},"21":{"start":{"line":36,"column":2},"end":{"line":36,"column":100}},"22":{"start":{"line":43,"column":14},"end":{"line":43,"column":62}},"23":{"start":{"line":44,"column":13},"end":{"line":44,"column":42}},"24":{"start":{"line":45,"column":2},"end":{"line":49,"column":3}},"25":{"start":{"line":46,"column":14},"end":{"line":46,"column":46}},"26":{"start":{"line":47,"column":4},"end":{"line":47,"column":25}},"27":{"start":{"line":48,"column":4},"end":{"line":48,"column":12}},"28":{"start":{"line":51,"column":2},"end":{"line":55,"column":3}},"29":{"start":{"line":52,"column":14},"end":{"line":52,"column":74}},"30":{"start":{"line":53,"column":4},"end":{"line":53,"column":34}},"31":{"start":{"line":54,"column":4},"end":{"line":54,"column":12}},"32":{"start":{"line":57,"column":17},"end":{"line":57,"column":27}},"33":{"start":{"line":58,"column":17},"end":{"line":58,"column":102}},"34":{"start":{"line":60,"column":2},"end":{"line":62,"column":3}},"35":{"start":{"line":61,"column":4},"end":{"line":61,"column":75}},"36":{"start":{"line":64,"column":2},"end":{"line":68,"column":3}},"37":{"start":{"line":65,"column":4},"end":{"line":65,"column":22}},"38":{"start":{"line":66,"column":4},"end":{"line":66,"column":20}},"39":{"start":{"line":67,"column":4},"end":{"line":67,"column":14}},"40":{"start":{"line":70,"column":13},"end":{"line":70,"column":41}},"41":{"start":{"line":71,"column":2},"end":{"line":75,"column":3}},"42":{"start":{"line":72,"column":14},"end":{"line":72,"column":42}},"43":{"start":{"line":73,"column":4},"end":{"line":73,"column":25}},"44":{"start":{"line":74,"column":4},"end":{"line":74,"column":12}},"45":{"start":{"line":77,"column":2},"end":{"line":77,"column":22}},"46":{"start":{"line":78,"column":2},"end":{"line":78,"column":18}},"47":{"start":{"line":79,"column":2},"end":{"line":81,"column":3}},"48":{"start":{"line":79,"column":33},"end":{"line":79,"column":46}},"49":{"start":{"line":80,"column":4},"end":{"line":80,"column":28}},"50":{"start":{"line":82,"column":2},"end":{"line":82,"column":18}},"51":{"start":{"line":83,"column":2},"end":{"line":83,"column":12}},"52":{"start":{"line":90,"column":14},"end":{"line":90,"column":58}},"53":{"start":{"line":91,"column":17},"end":{"line":91,"column":87}},"54":{"start":{"line":91,"column":48},"end":{"line":91,"column":86}},"55":{"start":{"line":93,"column":2},"end":{"line":97,"column":3}},"56":{"start":{"line":94,"column":14},"end":{"line":94,"column":58}},"57":{"start":{"line":95,"column":4},"end":{"line":95,"column":29}},"58":{"start":{"line":96,"column":4},"end":{"line":96,"column":12}},"59":{"start":{"line":99,"column":16},"end":{"line":99,"column":62}},"60":{"start":{"line":100,"column":2},"end":{"line":104,"column":3}},"61":{"start":{"line":101,"column":14},"end":{"line":101,"column":64}},"62":{"start":{"line":102,"column":4},"end":{"line":102,"column":23}},"63":{"start":{"line":103,"column":4},"end":{"line":103,"column":12}},"64":{"start":{"line":105,"column":2},"end":{"line":109,"column":3}},"65":{"start":{"line":105,"column":24},"end":{"line":105,"column":43}},"66":{"start":{"line":106,"column":14},"end":{"line":106,"column":83}},"67":{"start":{"line":107,"column":4},"end":{"line":107,"column":34}},"68":{"start":{"line":108,"column":4},"end":{"line":108,"column":12}},"69":{"start":{"line":111,"column":16},"end":{"line":111,"column":41}},"70":{"start":{"line":112,"column":2},"end":{"line":116,"column":3}},"71":{"start":{"line":113,"column":14},"end":{"line":113,"column":42}},"72":{"start":{"line":114,"column":4},"end":{"line":114,"column":25}},"73":{"start":{"line":115,"column":4},"end":{"line":115,"column":12}},"74":{"start":{"line":118,"column":15},"end":{"line":118,"column":66}},"75":{"start":{"line":118,"column":52},"end":{"line":118,"column":65}},"76":{"start":{"line":119,"column":15},"end":{"line":119,"column":48}},"77":{"start":{"line":119,"column":34},"end":{"line":119,"column":47}},"78":{"start":{"line":121,"column":2},"end":{"line":125,"column":3}},"79":{"start":{"line":122,"column":4},"end":{"line":124,"column":5}},"80":{"start":{"line":123,"column":6},"end":{"line":123,"column":45}},"81":{"start":{"line":127,"column":2},"end":{"line":129,"column":3}},"82":{"start":{"line":128,"column":4},"end":{"line":128,"column":43}},"83":{"start":{"line":131,"column":2},"end":{"line":131,"column":28}},"84":{"start":{"line":132,"column":2},"end":{"line":132,"column":21}},"85":{"start":{"line":133,"column":2},"end":{"line":133,"column":15}},"86":{"start":{"line":138,"column":14},"end":{"line":138,"column":58}},"87":{"start":{"line":139,"column":2},"end":{"line":139,"column":91}},"88":{"start":{"line":142,"column":0},"end":{"line":148,"column":2}}},"fnMap":{"0":{"name":"attachChallengeToStage","decl":{"start":{"line":8,"column":15},"end":{"line":8,"column":37}},"loc":{"start":{"line":8,"column":60},"end":{"line":28,"column":1}},"line":8},"1":{"name":"detachChallengeFromStage","decl":{"start":{"line":33,"column":15},"end":{"line":33,"column":39}},"loc":{"start":{"line":33,"column":62},"end":{"line":37,"column":1}},"line":33},"2":{"name":"moveChallengeToStage","decl":{"start":{"line":42,"column":15},"end":{"line":42,"column":35}},"loc":{"start":{"line":42,"column":70},"end":{"line":84,"column":1}},"line":42},"3":{"name":"(anonymous_3)","decl":{"start":{"line":79,"column":26},"end":{"line":79,"column":27}},"loc":{"start":{"line":79,"column":33},"end":{"line":79,"column":46}},"line":79},"4":{"name":"replaceStageChallenges","decl":{"start":{"line":89,"column":15},"end":{"line":89,"column":37}},"loc":{"start":{"line":89,"column":68},"end":{"line":134,"column":1}},"line":89},"5":{"name":"(anonymous_5)","decl":{"start":{"line":91,"column":41},"end":{"line":91,"column":42}},"loc":{"start":{"line":91,"column":48},"end":{"line":91,"column":86}},"line":91},"6":{"name":"(anonymous_6)","decl":{"start":{"line":105,"column":17},"end":{"line":105,"column":18}},"loc":{"start":{"line":105,"column":24},"end":{"line":105,"column":43}},"line":105},"7":{"name":"(anonymous_7)","decl":{"start":{"line":118,"column":44},"end":{"line":118,"column":45}},"loc":{"start":{"line":118,"column":52},"end":{"line":118,"column":65}},"line":118},"8":{"name":"(anonymous_8)","decl":{"start":{"line":119,"column":26},"end":{"line":119,"column":27}},"loc":{"start":{"line":119,"column":34},"end":{"line":119,"column":47}},"line":119},"9":{"name":"clearStageIdForDeletedStage","decl":{"start":{"line":137,"column":15},"end":{"line":137,"column":42}},"loc":{"start":{"line":137,"column":52},"end":{"line":140,"column":1}},"line":137}},"branchMap":{"0":{"loc":{"start":{"line":12,"column":2},"end":{"line":16,"column":3}},"type":"if","locations":[{"start":{"line":12,"column":2},"end":{"line":16,"column":3}},{"start":{},"end":{}}],"line":12},"1":{"loc":{"start":{"line":17,"column":2},"end":{"line":21,"column":3}},"type":"if","locations":[{"start":{"line":17,"column":2},"end":{"line":21,"column":3}},{"start":{},"end":{}}],"line":17},"2":{"loc":{"start":{"line":22,"column":2},"end":{"line":24,"column":3}},"type":"if","locations":[{"start":{"line":22,"column":2},"end":{"line":24,"column":3}},{"start":{},"end":{}}],"line":22},"3":{"loc":{"start":{"line":22,"column":6},"end":{"line":22,"column":43}},"type":"binary-expr","locations":[{"start":{"line":22,"column":6},"end":{"line":22,"column":16}},{"start":{"line":22,"column":20},"end":{"line":22,"column":43}}],"line":22},"4":{"loc":{"start":{"line":45,"column":2},"end":{"line":49,"column":3}},"type":"if","locations":[{"start":{"line":45,"column":2},"end":{"line":49,"column":3}},{"start":{},"end":{}}],"line":45},"5":{"loc":{"start":{"line":51,"column":2},"end":{"line":55,"column":3}},"type":"if","locations":[{"start":{"line":51,"column":2},"end":{"line":55,"column":3}},{"start":{},"end":{}}],"line":51},"6":{"loc":{"start":{"line":51,"column":6},"end":{"line":51,"column":49}},"type":"binary-expr","locations":[{"start":{"line":51,"column":6},"end":{"line":51,"column":26}},{"start":{"line":51,"column":30},"end":{"line":51,"column":49}}],"line":51},"7":{"loc":{"start":{"line":58,"column":17},"end":{"line":58,"column":102}},"type":"cond-expr","locations":[{"start":{"line":58,"column":39},"end":{"line":58,"column":95}},{"start":{"line":58,"column":98},"end":{"line":58,"column":102}}],"line":58},"8":{"loc":{"start":{"line":60,"column":2},"end":{"line":62,"column":3}},"type":"if","locations":[{"start":{"line":60,"column":2},"end":{"line":62,"column":3}},{"start":{},"end":{}}],"line":60},"9":{"loc":{"start":{"line":60,"column":6},"end":{"line":60,"column":51}},"type":"binary-expr","locations":[{"start":{"line":60,"column":6},"end":{"line":60,"column":12}},{"start":{"line":60,"column":17},"end":{"line":60,"column":24}},{"start":{"line":60,"column":28},"end":{"line":60,"column":50}}],"line":60},"10":{"loc":{"start":{"line":64,"column":2},"end":{"line":68,"column":3}},"type":"if","locations":[{"start":{"line":64,"column":2},"end":{"line":68,"column":3}},{"start":{},"end":{}}],"line":64},"11":{"loc":{"start":{"line":71,"column":2},"end":{"line":75,"column":3}},"type":"if","locations":[{"start":{"line":71,"column":2},"end":{"line":75,"column":3}},{"start":{},"end":{}}],"line":71},"12":{"loc":{"start":{"line":79,"column":2},"end":{"line":81,"column":3}},"type":"if","locations":[{"start":{"line":79,"column":2},"end":{"line":81,"column":3}},{"start":{},"end":{}}],"line":79},"13":{"loc":{"start":{"line":93,"column":2},"end":{"line":97,"column":3}},"type":"if","locations":[{"start":{"line":93,"column":2},"end":{"line":97,"column":3}},{"start":{},"end":{}}],"line":93},"14":{"loc":{"start":{"line":100,"column":2},"end":{"line":104,"column":3}},"type":"if","locations":[{"start":{"line":100,"column":2},"end":{"line":104,"column":3}},{"start":{},"end":{}}],"line":100},"15":{"loc":{"start":{"line":105,"column":2},"end":{"line":109,"column":3}},"type":"if","locations":[{"start":{"line":105,"column":2},"end":{"line":109,"column":3}},{"start":{},"end":{}}],"line":105},"16":{"loc":{"start":{"line":112,"column":2},"end":{"line":116,"column":3}},"type":"if","locations":[{"start":{"line":112,"column":2},"end":{"line":116,"column":3}},{"start":{},"end":{}}],"line":112},"17":{"loc":{"start":{"line":118,"column":16},"end":{"line":118,"column":38}},"type":"binary-expr","locations":[{"start":{"line":118,"column":16},"end":{"line":118,"column":32}},{"start":{"line":118,"column":36},"end":{"line":118,"column":38}}],"line":118},"18":{"loc":{"start":{"line":122,"column":4},"end":{"line":124,"column":5}},"type":"if","locations":[{"start":{"line":122,"column":4},"end":{"line":124,"column":5}},{"start":{},"end":{}}],"line":122}},"s":{"0":10,"1":10,"2":10,"3":15,"4":15,"5":15,"6":15,"7":1,"8":1,"9":1,"10":14,"11":1,"12":1,"13":1,"14":13,"15":1,"16":13,"17":13,"18":13,"19":3,"20":3,"21":3,"22":6,"23":6,"24":6,"25":1,"26":1,"27":1,"28":5,"29":1,"30":1,"31":1,"32":4,"33":4,"34":4,"35":2,"36":4,"37":1,"38":1,"39":1,"40":3,"41":3,"42":1,"43":1,"44":1,"45":2,"46":2,"47":2,"48":0,"49":2,"50":2,"51":2,"52":7,"53":7,"54":12,"55":7,"56":1,"57":1,"58":1,"59":6,"60":6,"61":1,"62":1,"63":1,"64":5,"65":8,"66":1,"67":1,"68":1,"69":4,"70":4,"71":1,"72":1,"73":1,"74":3,"75":2,"76":3,"77":5,"78":3,"79":2,"80":1,"81":3,"82":5,"83":3,"84":3,"85":3,"86":2,"87":2,"88":10},"f":{"0":15,"1":3,"2":6,"3":0,"4":7,"5":12,"6":8,"7":2,"8":5,"9":2},"b":{"0":[1,14],"1":[1,13],"2":[1,12],"3":[13,2],"4":[1,5],"5":[1,4],"6":[5,1],"7":[3,1],"8":[2,2],"9":[4,2,1],"10":[1,3],"11":[1,2],"12":[2,0],"13":[1,6],"14":[1,5],"15":[1,4],"16":[1,3],"17":[3,0],"18":[1,1]},"_coverageSchema":"1a1c01bbd47fc00a2c39e90264f33305004495a9","hash":"12227c1c8a97f5f62dab55ae2e5533f44d2c68e0"}
}
