TN:
SF:src\app.js
FN:42,(anonymous_0)
FN:58,(anonymous_1)
FNF:2
FNH:1
FNDA:0,(anonymous_0)
FNDA:1,(anonymous_1)
DA:1,11
DA:2,11
DA:3,11
DA:4,11
DA:5,11
DA:6,11
DA:8,11
DA:10,11
DA:12,11
DA:14,11
DA:15,11
DA:19,11
DA:22,11
DA:23,11
DA:26,11
DA:34,11
DA:35,11
DA:38,11
DA:39,11
DA:42,11
DA:43,0
DA:46,11
DA:47,11
DA:48,11
DA:49,11
DA:50,11
DA:51,11
DA:52,11
DA:53,11
DA:54,11
DA:55,11
DA:58,11
DA:59,1
DA:61,1
DA:62,0
DA:70,1
DA:71,0
DA:74,1
DA:77,11
LF:39
LH:36
BRDA:27,0,0,11
BRDA:27,0,1,11
BRDA:59,1,0,0
BRDA:59,1,1,1
BRDA:61,2,0,0
BRDA:61,2,1,1
BRDA:63,3,0,0
BRDA:63,3,1,0
BRDA:70,4,0,0
BRDA:70,4,1,1
BRDA:70,5,0,1
BRDA:70,5,1,1
BRDA:70,5,2,0
BRDA:74,6,0,1
BRDA:74,6,1,0
BRF:15
BRH:8
end_of_record
TN:
SF:src\config\db.js
FN:3,(anonymous_0)
FNF:1
FNH:1
FNDA:21,(anonymous_0)
DA:1,12
DA:3,12
DA:4,21
DA:5,21
DA:7,21
DA:8,14
DA:9,14
DA:10,14
DA:13,7
DA:14,5
DA:17,7
DA:20,4
DA:22,3
DA:23,1
DA:24,1
DA:26,2
DA:31,12
LF:17
LH:17
BRDA:7,0,0,14
BRDA:7,0,1,7
BRDA:9,1,0,2
BRDA:9,1,1,12
BRDA:13,2,0,5
BRDA:13,2,1,2
BRDA:22,3,0,1
BRDA:22,3,1,2
BRF:8
BRH:8
end_of_record
TN:
SF:src\config\passport.js
FN:13,(anonymous_0)
FN:54,(anonymous_1)
FN:58,(anonymous_2)
FNF:3
FNH:3
FNDA:5,(anonymous_0)
FNDA:1,(anonymous_1)
FNDA:1,(anonymous_2)
DA:1,13
DA:2,13
DA:3,13
DA:5,13
DA:6,1
DA:14,5
DA:16,5
DA:17,5
DA:18,5
DA:19,5
DA:22,4
DA:24,4
DA:26,2
DA:27,1
DA:28,1
DA:30,1
DA:34,2
DA:45,2
DA:51,12
DA:54,13
DA:55,1
DA:58,13
DA:59,1
DA:62,13
LF:24
LH:24
BRDA:5,0,0,1
BRDA:5,0,1,12
BRDA:5,1,0,13
BRDA:5,1,1,1
BRDA:11,2,0,1
BRDA:11,2,1,0
BRDA:19,3,0,5
BRDA:19,3,1,1
BRDA:24,4,0,2
BRDA:24,4,1,2
BRDA:26,5,0,1
BRDA:26,5,1,1
BRF:12
BRH:11
end_of_record
TN:
SF:src\controllers\activityController.js
FN:4,(anonymous_0)
FN:22,(anonymous_1)
FN:61,(anonymous_2)
FN:104,(anonymous_3)
FNF:4
FNH:1
FNDA:0,(anonymous_0)
FNDA:0,(anonymous_1)
FNDA:0,(anonymous_2)
FNDA:8,(anonymous_3)
DA:1,11
DA:2,11
DA:4,11
DA:5,0
DA:6,0
DA:8,0
DA:10,0
DA:12,0
DA:13,0
DA:16,0
DA:22,0
DA:26,0
DA:27,0
DA:30,0
DA:31,0
DA:34,0
DA:35,0
DA:36,0
DA:37,0
DA:40,0
DA:47,0
DA:49,0
DA:56,0
DA:57,0
DA:61,11
DA:62,0
DA:63,0
DA:67,0
DA:68,0
DA:70,0
DA:71,0
DA:74,0
DA:75,0
DA:78,0
DA:79,0
DA:80,0
DA:81,0
DA:84,0
DA:90,0
DA:92,0
DA:99,0
DA:100,0
DA:104,11
DA:105,8
DA:106,8
DA:107,0
DA:108,0
DA:110,0
DA:112,8
DA:113,8
LF:50
LH:9
BRDA:6,0,0,0
BRDA:6,1,0,0
BRDA:10,2,0,0
BRDA:10,2,1,0
BRDA:12,3,0,0
BRDA:12,3,1,0
BRDA:26,4,0,0
BRDA:26,4,1,0
BRDA:30,5,0,0
BRDA:30,5,1,0
BRDA:34,6,0,0
BRDA:34,6,1,0
BRDA:34,7,0,0
BRDA:34,7,1,0
BRDA:36,8,0,0
BRDA:36,8,1,0
BRDA:37,9,0,0
BRDA:37,9,1,0
BRDA:63,10,0,0
BRDA:63,11,0,0
BRDA:67,12,0,0
BRDA:67,12,1,0
BRDA:70,13,0,0
BRDA:70,13,1,0
BRDA:74,14,0,0
BRDA:74,14,1,0
BRDA:78,15,0,0
BRDA:78,15,1,0
BRDA:78,16,0,0
BRDA:78,16,1,0
BRDA:80,17,0,0
BRDA:80,17,1,0
BRDA:81,18,0,0
BRDA:81,18,1,0
BRDA:107,19,0,0
BRDA:107,19,1,0
BRF:36
BRH:0
end_of_record
TN:
SF:src\controllers\authController.js
FN:15,(anonymous_0)
FN:19,(anonymous_1)
FN:27,(anonymous_2)
FN:125,(anonymous_3)
FN:183,(anonymous_4)
FN:241,(anonymous_5)
FN:344,(anonymous_6)
FN:428,(anonymous_7)
FN:500,(anonymous_8)
FN:576,(anonymous_9)
FN:609,(anonymous_10)
FN:672,(anonymous_11)
FN:705,(anonymous_12)
FN:737,(anonymous_13)
FN:826,(anonymous_14)
FN:857,(anonymous_15)
FN:896,(anonymous_16)
FN:941,(anonymous_17)
FN:974,(anonymous_18)
FN:1003,(anonymous_19)
FN:1034,(anonymous_20)
FN:1074,(anonymous_21)
FN:1137,(anonymous_22)
FN:1200,(anonymous_23)
FN:1253,(anonymous_24)
FN:1292,(anonymous_25)
FNF:26
FNH:18
FNDA:1,(anonymous_0)
FNDA:8,(anonymous_1)
FNDA:5,(anonymous_2)
FNDA:4,(anonymous_3)
FNDA:3,(anonymous_4)
FNDA:4,(anonymous_5)
FNDA:0,(anonymous_6)
FNDA:2,(anonymous_7)
FNDA:0,(anonymous_8)
FNDA:0,(anonymous_9)
FNDA:2,(anonymous_10)
FNDA:3,(anonymous_11)
FNDA:1,(anonymous_12)
FNDA:4,(anonymous_13)
FNDA:0,(anonymous_14)
FNDA:2,(anonymous_15)
FNDA:0,(anonymous_16)
FNDA:0,(anonymous_17)
FNDA:0,(anonymous_18)
FNDA:1,(anonymous_19)
FNDA:1,(anonymous_20)
FNDA:2,(anonymous_21)
FNDA:1,(anonymous_22)
FNDA:6,(anonymous_23)
FNDA:1,(anonymous_24)
FNDA:0,(anonymous_25)
DA:1,11
DA:2,11
DA:3,11
DA:4,11
DA:5,11
DA:6,11
DA:7,11
DA:8,11
DA:9,11
DA:10,11
DA:11,11
DA:13,11
DA:15,11
DA:16,1
DA:19,11
DA:20,8
DA:27,11
DA:28,5
DA:29,5
DA:30,5
DA:33,5
DA:34,5
DA:35,0
DA:39,5
DA:40,5
DA:41,0
DA:45,5
DA:46,5
DA:47,4
DA:50,5
DA:52,5
DA:54,5
DA:55,4
DA:58,5
DA:69,5
DA:71,4
DA:72,4
DA:73,4
DA:75,4
DA:79,4
DA:80,4
DA:94,4
DA:98,5
DA:107,0
DA:110,0
DA:111,0
DA:112,0
DA:117,0
DA:125,11
DA:126,4
DA:127,4
DA:129,4
DA:130,0
DA:133,4
DA:134,4
DA:135,2
DA:138,2
DA:139,0
DA:142,2
DA:143,0
DA:146,2
DA:147,0
DA:150,2
DA:151,2
DA:152,1
DA:156,1
DA:157,1
DA:158,1
DA:160,1
DA:163,1
DA:169,1
DA:176,0
DA:183,11
DA:184,3
DA:185,3
DA:187,3
DA:188,0
DA:191,3
DA:192,3
DA:193,1
DA:196,2
DA:197,1
DA:200,1
DA:202,1
DA:203,1
DA:205,1
DA:208,1
DA:209,1
DA:210,1
DA:212,1
DA:216,1
DA:230,0
DA:232,1
DA:233,1
DA:241,11
DA:242,4
DA:243,4
DA:244,4
DA:246,4
DA:248,4
DA:249,0
DA:253,4
DA:260,4
DA:261,1
DA:262,1
DA:266,3
DA:267,0
DA:271,3
DA:272,0
DA:275,3
DA:276,3
DA:277,3
DA:278,1
DA:281,2
DA:282,2
DA:283,0
DA:285,0
DA:286,0
DA:287,0
DA:288,0
DA:289,0
DA:291,0
DA:300,0
DA:307,0
DA:313,0
DA:321,2
DA:327,2
DA:336,0
DA:344,11
DA:345,0
DA:346,0
DA:348,0
DA:349,0
DA:353,0
DA:354,0
DA:356,0
DA:359,0
DA:360,0
DA:363,0
DA:364,0
DA:365,0
DA:368,0
DA:369,0
DA:370,0
DA:373,0
DA:375,0
DA:376,0
DA:377,0
DA:378,0
DA:380,0
DA:386,0
DA:387,0
DA:388,0
DA:390,0
DA:391,0
DA:393,0
DA:394,0
DA:395,0
DA:396,0
DA:397,0
DA:401,0
DA:402,0
DA:405,0
DA:411,0
DA:418,0
DA:428,11
DA:429,2
DA:430,2
DA:431,2
DA:432,0
DA:435,2
DA:436,2
DA:437,0
DA:440,2
DA:441,0
DA:443,2
DA:444,0
DA:447,2
DA:448,2
DA:450,2
DA:451,1
DA:455,1
DA:456,1
DA:458,1
DA:460,1
DA:467,1
DA:468,1
DA:469,1
DA:470,1
DA:472,1
DA:481,1
DA:487,0
DA:492,1
DA:500,11
DA:501,0
DA:502,0
DA:503,0
DA:504,0
DA:507,0
DA:508,0
DA:509,0
DA:512,0
DA:513,0
DA:514,0
DA:517,0
DA:518,0
DA:520,0
DA:521,0
DA:522,0
DA:524,0
DA:531,0
DA:532,0
DA:533,0
DA:534,0
DA:535,0
DA:537,0
DA:538,0
DA:539,0
DA:541,0
DA:542,0
DA:544,0
DA:546,0
DA:547,0
DA:548,0
DA:549,0
DA:550,0
DA:554,0
DA:555,0
DA:558,0
DA:560,0
DA:568,0
DA:576,11
DA:577,0
DA:578,0
DA:579,0
DA:580,0
DA:583,0
DA:584,0
DA:586,0
DA:587,0
DA:590,0
DA:591,0
DA:592,0
DA:593,0
DA:594,0
DA:595,0
DA:597,0
DA:599,0
DA:601,0
DA:609,11
DA:610,2
DA:611,2
DA:613,2
DA:614,2
DA:615,1
DA:619,1
DA:621,1
DA:622,1
DA:624,1
DA:627,1
DA:630,1
DA:631,1
DA:632,1
DA:635,1
DA:639,1
DA:640,1
DA:653,0
DA:655,1
DA:656,1
DA:657,1
DA:658,1
DA:660,1
DA:664,0
DA:672,11
DA:673,3
DA:674,3
DA:675,3
DA:677,3
DA:682,3
DA:683,2
DA:686,1
DA:688,1
DA:689,1
DA:690,1
DA:692,1
DA:694,0
DA:697,1
DA:705,11
DA:706,1
DA:707,1
DA:709,1
DA:710,0
DA:713,1
DA:714,1
DA:715,1
DA:716,1
DA:717,1
DA:718,1
DA:719,1
DA:720,1
DA:723,1
DA:729,0
DA:737,11
DA:738,4
DA:739,4
DA:740,4
DA:743,4
DA:744,0
DA:747,4
DA:749,4
DA:750,0
DA:754,4
DA:756,2
DA:757,2
DA:758,0
DA:760,2
DA:764,4
DA:766,0
DA:767,0
DA:768,0
DA:770,0
DA:774,4
DA:775,1
DA:779,4
DA:780,1
DA:786,4
DA:787,0
DA:788,0
DA:790,0
DA:791,0
DA:792,0
DA:793,0
DA:794,0
DA:795,0
DA:796,0
DA:799,4
DA:801,3
DA:802,3
DA:803,2
DA:804,2
DA:805,2
DA:806,2
DA:807,2
DA:810,2
DA:816,2
DA:826,11
DA:827,0
DA:828,0
DA:829,0
DA:830,0
DA:832,0
DA:833,0
DA:836,0
DA:839,0
DA:840,0
DA:845,0
DA:847,0
DA:849,0
DA:857,11
DA:858,2
DA:859,2
DA:862,2
DA:863,2
DA:864,0
DA:868,2
DA:870,2
DA:877,2
DA:888,0
DA:896,11
DA:897,0
DA:898,0
DA:901,0
DA:902,0
DA:903,0
DA:907,0
DA:908,0
DA:909,0
DA:913,0
DA:915,0
DA:922,0
DA:933,0
DA:941,11
DA:942,0
DA:943,0
DA:944,0
DA:945,0
DA:946,0
DA:948,0
DA:951,0
DA:952,0
DA:959,0
DA:960,0
DA:962,0
DA:963,0
DA:964,0
DA:967,0
DA:968,0
DA:974,0
DA:975,0
DA:976,0
DA:977,0
DA:978,0
DA:979,0
DA:980,0
DA:982,0
DA:985,0
DA:995,0
DA:1003,11
DA:1004,1
DA:1005,1
DA:1007,1
DA:1008,1
DA:1009,0
DA:1012,1
DA:1013,1
DA:1015,1
DA:1026,0
DA:1034,11
DA:1035,1
DA:1036,1
DA:1037,1
DA:1040,1
DA:1041,1
DA:1042,0
DA:1047,1
DA:1048,1
DA:1049,0
DA:1052,1
DA:1053,1
DA:1055,1
DA:1066,0
DA:1074,11
DA:1075,2
DA:1076,2
DA:1079,2
DA:1080,0
DA:1084,2
DA:1085,2
DA:1086,0
DA:1092,2
DA:1093,2
DA:1094,0
DA:1098,2
DA:1099,2
DA:1100,0
DA:1104,2
DA:1107,2
DA:1109,2
DA:1117,2
DA:1129,0
DA:1137,11
DA:1138,1
DA:1139,1
DA:1140,1
DA:1141,1
DA:1143,1
DA:1144,1
DA:1145,0
DA:1148,1
DA:1151,1
DA:1152,1
DA:1153,1
DA:1154,0
DA:1156,1
DA:1160,1
DA:1161,0
DA:1162,0
DA:1163,0
DA:1165,0
DA:1169,1
DA:1170,0
DA:1174,1
DA:1175,0
DA:1176,0
DA:1177,0
DA:1181,0
DA:1185,1
DA:1186,0
DA:1187,0
DA:1191,1
DA:1192,0
DA:1196,1
DA:1197,1
DA:1199,1
DA:1200,6
DA:1202,1
DA:1203,1
DA:1205,1
DA:1209,1
DA:1210,1
DA:1212,1
DA:1213,1
DA:1214,1
DA:1216,1
DA:1217,0
DA:1219,0
DA:1220,0
DA:1221,0
DA:1222,0
DA:1224,0
DA:1226,1
DA:1229,1
DA:1231,1
DA:1237,1
DA:1239,1
DA:1245,0
DA:1253,11
DA:1254,1
DA:1255,1
DA:1257,1
DA:1258,1
DA:1262,0
DA:1268,0
DA:1269,0
DA:1270,0
DA:1271,0
DA:1272,0
DA:1273,0
DA:1276,0
DA:1284,0
DA:1292,11
DA:1293,0
DA:1294,0
DA:1295,0
DA:1297,0
DA:1298,0
DA:1299,0
DA:1302,0
DA:1303,0
DA:1304,0
DA:1307,0
DA:1309,0
DA:1311,0
LF:533
LH:286
BRDA:34,0,0,0
BRDA:34,0,1,5
BRDA:40,1,0,0
BRDA:40,1,1,5
BRDA:46,2,0,4
BRDA:46,2,1,1
BRDA:50,3,0,5
BRDA:50,3,1,5
BRDA:54,4,0,4
BRDA:54,4,1,1
BRDA:62,5,0,5
BRDA:62,5,1,4
BRDA:65,6,0,1
BRDA:65,6,1,4
BRDA:66,7,0,1
BRDA:66,7,1,4
BRDA:69,8,0,4
BRDA:69,8,1,1
BRDA:99,9,0,1
BRDA:99,9,1,4
BRDA:110,10,0,0
BRDA:110,10,1,0
BRDA:129,11,0,0
BRDA:129,11,1,4
BRDA:129,12,0,4
BRDA:129,12,1,4
BRDA:134,13,0,2
BRDA:134,13,1,2
BRDA:138,14,0,0
BRDA:138,14,1,2
BRDA:142,15,0,0
BRDA:142,15,1,2
BRDA:142,16,0,2
BRDA:142,16,1,2
BRDA:146,17,0,0
BRDA:146,17,1,2
BRDA:151,18,0,1
BRDA:151,18,1,1
BRDA:164,19,0,1
BRDA:164,19,1,0
BRDA:172,20,0,1
BRDA:172,20,1,0
BRDA:187,21,0,0
BRDA:187,21,1,3
BRDA:192,22,0,1
BRDA:192,22,1,2
BRDA:196,23,0,1
BRDA:196,23,1,1
BRDA:244,24,0,4
BRDA:244,24,1,0
BRDA:244,24,2,0
BRDA:246,25,0,4
BRDA:246,25,1,0
BRDA:248,26,0,0
BRDA:248,26,1,4
BRDA:248,27,0,4
BRDA:248,27,1,4
BRDA:260,28,0,1
BRDA:260,28,1,3
BRDA:266,29,0,0
BRDA:266,29,1,3
BRDA:271,30,0,0
BRDA:271,30,1,3
BRDA:277,31,0,1
BRDA:277,31,1,2
BRDA:281,32,0,2
BRDA:281,32,1,0
BRDA:281,33,0,2
BRDA:281,33,1,2
BRDA:282,34,0,0
BRDA:282,34,1,2
BRDA:282,35,0,2
BRDA:282,35,1,2
BRDA:283,36,0,0
BRDA:283,36,1,0
BRDA:285,37,0,0
BRDA:285,37,1,0
BRDA:322,38,0,2
BRDA:322,38,1,0
BRDA:330,39,0,2
BRDA:330,39,1,0
BRDA:348,40,0,0
BRDA:348,40,1,0
BRDA:348,41,0,0
BRDA:348,41,1,0
BRDA:359,42,0,0
BRDA:359,42,1,0
BRDA:359,43,0,0
BRDA:359,43,1,0
BRDA:364,44,0,0
BRDA:364,44,1,0
BRDA:368,45,0,0
BRDA:368,45,1,0
BRDA:368,46,0,0
BRDA:368,46,1,0
BRDA:369,47,0,0
BRDA:369,47,1,0
BRDA:369,48,0,0
BRDA:369,48,1,0
BRDA:375,49,0,0
BRDA:375,49,1,0
BRDA:376,50,0,0
BRDA:376,50,1,0
BRDA:377,51,0,0
BRDA:377,51,1,0
BRDA:386,52,0,0
BRDA:386,52,1,0
BRDA:387,53,0,0
BRDA:387,53,1,0
BRDA:387,54,0,0
BRDA:387,54,1,0
BRDA:390,55,0,0
BRDA:390,55,1,0
BRDA:394,56,0,0
BRDA:394,56,1,0
BRDA:401,57,0,0
BRDA:401,57,1,0
BRDA:406,58,0,0
BRDA:406,58,1,0
BRDA:414,59,0,0
BRDA:414,59,1,0
BRDA:431,60,0,0
BRDA:431,60,1,2
BRDA:431,61,0,2
BRDA:431,61,1,1
BRDA:436,62,0,0
BRDA:436,62,1,2
BRDA:440,63,0,0
BRDA:440,63,1,2
BRDA:443,64,0,0
BRDA:443,64,1,2
BRDA:450,65,0,1
BRDA:450,65,1,1
BRDA:503,66,0,0
BRDA:503,66,1,0
BRDA:508,67,0,0
BRDA:508,67,1,0
BRDA:512,68,0,0
BRDA:512,68,1,0
BRDA:512,69,0,0
BRDA:512,69,1,0
BRDA:513,70,0,0
BRDA:513,70,1,0
BRDA:517,71,0,0
BRDA:517,71,1,0
BRDA:517,71,2,0
BRDA:520,72,0,0
BRDA:520,72,1,0
BRDA:521,73,0,0
BRDA:521,73,1,0
BRDA:531,74,0,0
BRDA:531,74,1,0
BRDA:537,75,0,0
BRDA:537,75,1,0
BRDA:538,76,0,0
BRDA:538,76,1,0
BRDA:538,77,0,0
BRDA:538,77,1,0
BRDA:541,78,0,0
BRDA:541,78,1,0
BRDA:546,79,0,0
BRDA:546,79,1,0
BRDA:554,80,0,0
BRDA:554,80,1,0
BRDA:579,81,0,0
BRDA:579,81,1,0
BRDA:583,82,0,0
BRDA:583,82,1,0
BRDA:586,83,0,0
BRDA:586,83,1,0
BRDA:614,84,0,1
BRDA:614,84,1,1
BRDA:682,85,0,2
BRDA:682,85,1,1
BRDA:709,86,0,0
BRDA:709,86,1,1
BRDA:714,87,0,1
BRDA:714,87,1,1
BRDA:716,88,0,1
BRDA:716,88,1,0
BRDA:716,89,0,1
BRDA:716,89,1,1
BRDA:743,90,0,0
BRDA:743,90,1,4
BRDA:743,91,0,4
BRDA:743,91,1,4
BRDA:743,91,2,4
BRDA:749,92,0,0
BRDA:749,92,1,4
BRDA:754,93,0,2
BRDA:754,93,1,2
BRDA:757,94,0,0
BRDA:757,94,1,2
BRDA:764,95,0,0
BRDA:764,95,1,4
BRDA:767,96,0,0
BRDA:767,96,1,0
BRDA:774,97,0,1
BRDA:774,97,1,3
BRDA:779,98,0,1
BRDA:779,98,1,3
BRDA:786,99,0,0
BRDA:786,99,1,4
BRDA:787,100,0,0
BRDA:787,100,1,0
BRDA:790,101,0,0
BRDA:790,101,1,0
BRDA:791,102,0,0
BRDA:791,102,1,0
BRDA:792,103,0,0
BRDA:792,103,1,0
BRDA:793,104,0,0
BRDA:793,104,1,0
BRDA:794,105,0,0
BRDA:794,105,1,0
BRDA:795,106,0,0
BRDA:795,106,1,0
BRDA:796,107,0,0
BRDA:796,107,1,0
BRDA:803,108,0,2
BRDA:803,108,1,0
BRDA:803,109,0,2
BRDA:803,109,1,2
BRDA:829,110,0,0
BRDA:829,110,1,0
BRDA:832,111,0,0
BRDA:832,111,1,0
BRDA:863,112,0,0
BRDA:863,112,1,2
BRDA:902,113,0,0
BRDA:902,113,1,0
BRDA:908,114,0,0
BRDA:908,114,1,0
BRDA:943,115,0,0
BRDA:943,115,1,0
BRDA:944,116,0,0
BRDA:944,116,1,0
BRDA:951,117,0,0
BRDA:951,117,1,0
BRDA:959,118,0,0
BRDA:959,118,1,0
BRDA:959,119,0,0
BRDA:959,119,1,0
BRDA:962,120,0,0
BRDA:962,120,1,0
BRDA:963,121,0,0
BRDA:963,121,1,0
BRDA:964,122,0,0
BRDA:964,122,1,0
BRDA:976,123,0,0
BRDA:976,123,1,0
BRDA:976,124,0,0
BRDA:976,124,1,0
BRDA:1008,125,0,0
BRDA:1008,125,1,1
BRDA:1016,126,0,0
BRDA:1016,126,1,1
BRDA:1041,127,0,0
BRDA:1041,127,1,1
BRDA:1048,128,0,0
BRDA:1048,128,1,1
BRDA:1079,129,0,0
BRDA:1079,129,1,2
BRDA:1079,130,0,2
BRDA:1079,130,1,2
BRDA:1079,130,2,2
BRDA:1079,130,3,2
BRDA:1085,131,0,0
BRDA:1085,131,1,2
BRDA:1093,132,0,0
BRDA:1093,132,1,2
BRDA:1099,133,0,0
BRDA:1099,133,1,2
BRDA:1107,134,0,2
BRDA:1107,134,1,2
BRDA:1144,135,0,0
BRDA:1144,135,1,1
BRDA:1151,136,0,1
BRDA:1151,136,1,0
BRDA:1151,137,0,1
BRDA:1151,137,1,1
BRDA:1153,138,0,0
BRDA:1153,138,1,1
BRDA:1160,139,0,0
BRDA:1160,139,1,1
BRDA:1160,140,0,1
BRDA:1160,140,1,0
BRDA:1162,141,0,0
BRDA:1162,141,1,0
BRDA:1169,142,0,0
BRDA:1169,142,1,1
BRDA:1174,143,0,0
BRDA:1174,143,1,1
BRDA:1176,144,0,0
BRDA:1176,144,1,0
BRDA:1185,145,0,0
BRDA:1185,145,1,1
BRDA:1191,146,0,0
BRDA:1191,146,1,1
BRDA:1196,147,0,1
BRDA:1196,147,1,0
BRDA:1202,148,0,1
BRDA:1202,148,1,0
BRDA:1209,149,0,1
BRDA:1209,149,1,0
BRDA:1209,150,0,1
BRDA:1209,150,1,0
BRDA:1210,151,0,1
BRDA:1210,151,1,0
BRDA:1213,152,0,0
BRDA:1213,152,1,1
BRDA:1213,153,0,1
BRDA:1213,153,1,1
BRDA:1217,154,0,0
BRDA:1217,154,1,0
BRDA:1220,155,0,0
BRDA:1220,155,1,0
BRDA:1220,156,0,0
BRDA:1220,156,1,0
BRDA:1221,157,0,0
BRDA:1221,157,1,0
BRDA:1257,158,0,1
BRDA:1257,158,1,0
BRDA:1263,159,0,0
BRDA:1263,159,1,0
BRDA:1269,160,0,0
BRDA:1269,160,1,0
BRDA:1269,161,0,0
BRDA:1269,161,1,0
BRDA:1279,162,0,0
BRDA:1279,162,1,0
BRDA:1298,163,0,0
BRDA:1298,163,1,0
BRDA:1303,164,0,0
BRDA:1303,164,1,0
BRF:335
BRH:126
end_of_record
TN:
SF:src\controllers\battleRoomController.js
FN:13,(anonymous_0)
FN:14,(anonymous_1)
FN:19,(anonymous_2)
FN:20,(anonymous_3)
FN:21,(anonymous_4)
FN:22,(anonymous_5)
FN:31,(anonymous_6)
FN:41,(anonymous_7)
FN:59,(anonymous_8)
FN:63,(anonymous_9)
FN:75,(anonymous_10)
FN:86,(anonymous_11)
FN:90,(anonymous_12)
FN:94,(anonymous_13)
FN:97,(anonymous_14)
FN:99,(anonymous_15)
FN:104,(anonymous_16)
FN:107,(anonymous_17)
FN:112,(anonymous_18)
FN:115,(anonymous_19)
FN:118,(anonymous_20)
FN:123,(anonymous_21)
FN:131,(anonymous_22)
FN:143,(anonymous_23)
FN:230,(anonymous_24)
FN:251,(anonymous_25)
FN:259,(anonymous_26)
FN:268,(anonymous_27)
FN:296,(anonymous_28)
FN:297,(anonymous_29)
FN:300,(anonymous_30)
FN:328,(anonymous_31)
FN:351,(anonymous_32)
FN:367,(anonymous_33)
FN:411,(anonymous_34)
FN:431,(anonymous_35)
FN:447,(anonymous_36)
FN:451,(anonymous_37)
FN:452,(anonymous_38)
FN:453,(anonymous_39)
FN:482,(anonymous_40)
FN:545,(anonymous_41)
FN:565,(anonymous_42)
FN:596,(anonymous_43)
FN:610,(anonymous_44)
FN:636,(anonymous_45)
FN:702,(anonymous_46)
FN:757,(anonymous_47)
FN:775,(anonymous_48)
FN:805,(anonymous_49)
FN:806,(anonymous_50)
FN:823,(anonymous_51)
FN:861,(anonymous_52)
FN:898,(anonymous_53)
FN:965,(anonymous_54)
FN:1081,(anonymous_55)
FN:1100,(anonymous_56)
FNF:57
FNH:34
FNDA:20,(anonymous_0)
FNDA:4,(anonymous_1)
FNDA:5,(anonymous_2)
FNDA:4,(anonymous_3)
FNDA:10,(anonymous_4)
FNDA:0,(anonymous_5)
FNDA:0,(anonymous_6)
FNDA:0,(anonymous_7)
FNDA:0,(anonymous_8)
FNDA:14,(anonymous_9)
FNDA:7,(anonymous_10)
FNDA:3,(anonymous_11)
FNDA:0,(anonymous_12)
FNDA:4,(anonymous_13)
FNDA:1,(anonymous_14)
FNDA:1,(anonymous_15)
FNDA:8,(anonymous_16)
FNDA:2,(anonymous_17)
FNDA:2,(anonymous_18)
FNDA:0,(anonymous_19)
FNDA:0,(anonymous_20)
FNDA:0,(anonymous_21)
FNDA:1,(anonymous_22)
FNDA:3,(anonymous_23)
FNDA:7,(anonymous_24)
FNDA:3,(anonymous_25)
FNDA:4,(anonymous_26)
FNDA:4,(anonymous_27)
FNDA:1,(anonymous_28)
FNDA:0,(anonymous_29)
FNDA:2,(anonymous_30)
FNDA:2,(anonymous_31)
FNDA:0,(anonymous_32)
FNDA:2,(anonymous_33)
FNDA:3,(anonymous_34)
FNDA:2,(anonymous_35)
FNDA:0,(anonymous_36)
FNDA:0,(anonymous_37)
FNDA:0,(anonymous_38)
FNDA:0,(anonymous_39)
FNDA:4,(anonymous_40)
FNDA:1,(anonymous_41)
FNDA:2,(anonymous_42)
FNDA:3,(anonymous_43)
FNDA:1,(anonymous_44)
FNDA:3,(anonymous_45)
FNDA:0,(anonymous_46)
FNDA:1,(anonymous_47)
FNDA:0,(anonymous_48)
FNDA:0,(anonymous_49)
FNDA:0,(anonymous_50)
FNDA:0,(anonymous_51)
FNDA:0,(anonymous_52)
FNDA:0,(anonymous_53)
FNDA:0,(anonymous_54)
FNDA:1,(anonymous_55)
FNDA:0,(anonymous_56)
DA:1,11
DA:2,11
DA:3,11
DA:4,11
DA:5,11
DA:6,11
DA:7,11
DA:8,11
DA:9,11
DA:10,11
DA:11,11
DA:13,20
DA:14,11
DA:16,11
DA:17,11
DA:19,11
DA:20,11
DA:21,11
DA:22,11
DA:23,0
DA:24,0
DA:25,0
DA:26,0
DA:27,0
DA:28,0
DA:29,0
DA:31,11
DA:32,0
DA:33,0
DA:34,0
DA:35,0
DA:36,0
DA:37,0
DA:38,0
DA:39,0
DA:41,11
DA:42,0
DA:47,0
DA:49,0
DA:59,11
DA:60,0
DA:61,0
DA:63,11
DA:64,14
DA:65,9
DA:66,0
DA:67,0
DA:68,0
DA:69,0
DA:70,0
DA:72,0
DA:75,11
DA:76,7
DA:77,3
DA:78,0
DA:79,0
DA:80,0
DA:81,0
DA:83,0
DA:86,11
DA:87,3
DA:88,3
DA:90,0
DA:94,11
DA:95,4
DA:96,1
DA:97,1
DA:99,1
DA:101,1
DA:102,1
DA:104,11
DA:105,8
DA:106,5
DA:107,2
DA:112,2
DA:115,11
DA:116,0
DA:117,0
DA:118,0
DA:119,0
DA:121,0
DA:123,11
DA:124,0
DA:125,0
DA:126,0
DA:127,0
DA:131,11
DA:132,1
DA:133,1
DA:136,1
DA:138,0
DA:143,11
DA:144,3
DA:145,3
DA:146,3
DA:147,3
DA:148,0
DA:151,3
DA:152,3
DA:153,3
DA:154,3
DA:155,3
DA:156,3
DA:157,3
DA:158,3
DA:160,3
DA:161,1
DA:164,2
DA:172,2
DA:173,2
DA:183,1
DA:184,1
DA:185,1
DA:189,1
DA:190,1
DA:191,1
DA:194,1
DA:195,1
DA:196,0
DA:199,1
DA:210,1
DA:211,0
DA:217,1
DA:225,0
DA:230,11
DA:231,7
DA:232,7
DA:233,7
DA:234,7
DA:235,0
DA:237,7
DA:238,7
DA:239,7
DA:240,7
DA:241,7
DA:242,7
DA:243,7
DA:244,7
DA:245,2
DA:248,5
DA:251,3
DA:256,5
DA:259,4
DA:264,5
DA:265,1
DA:268,4
DA:269,4
DA:270,1
DA:273,3
DA:281,3
DA:282,1
DA:285,2
DA:295,2
DA:296,1
DA:297,0
DA:300,2
DA:301,2
DA:302,2
DA:303,2
DA:313,2
DA:323,2
DA:328,2
DA:349,1
DA:350,0
DA:351,0
DA:359,1
DA:363,1
DA:364,1
DA:366,1
DA:368,2
DA:369,2
DA:383,2
DA:384,2
DA:390,0
DA:392,2
DA:396,1
DA:406,1
DA:411,11
DA:412,3
DA:413,3
DA:414,3
DA:416,3
DA:417,3
DA:418,3
DA:420,3
DA:424,3
DA:426,0
DA:431,11
DA:432,2
DA:433,2
DA:434,2
DA:436,2
DA:439,2
DA:441,1
DA:446,1
DA:447,0
DA:450,1
DA:451,0
DA:452,0
DA:454,0
DA:455,0
DA:475,1
DA:477,0
DA:482,11
DA:483,4
DA:484,4
DA:485,4
DA:487,4
DA:488,4
DA:489,4
DA:491,4
DA:492,0
DA:495,4
DA:496,1
DA:499,3
DA:500,3
DA:502,3
DA:503,3
DA:514,3
DA:515,3
DA:516,0
DA:518,3
DA:519,0
DA:522,3
DA:523,3
DA:524,3
DA:527,3
DA:528,0
DA:529,0
DA:532,3
DA:534,3
DA:537,3
DA:539,0
DA:545,11
DA:546,1
DA:547,1
DA:548,1
DA:550,1
DA:558,1
DA:560,0
DA:565,11
DA:566,2
DA:567,2
DA:568,2
DA:570,2
DA:571,1
DA:574,1
DA:582,1
DA:584,1
DA:589,1
DA:591,0
DA:596,11
DA:597,3
DA:598,3
DA:599,3
DA:601,2
DA:602,2
DA:604,2
DA:608,2
DA:610,1
DA:611,1
DA:612,0
DA:615,1
DA:630,0
DA:636,11
DA:637,3
DA:638,3
DA:639,3
DA:640,3
DA:641,1
DA:643,2
DA:644,2
DA:645,2
DA:648,2
DA:657,2
DA:659,2
DA:660,2
DA:661,2
DA:662,2
DA:663,1
DA:665,1
DA:666,0
DA:670,0
DA:673,1
DA:676,1
DA:677,1
DA:679,1
DA:680,1
DA:681,1
DA:682,1
DA:683,0
DA:686,1
DA:695,0
DA:697,0
DA:698,0
DA:702,1
DA:703,1
DA:704,1
DA:711,1
DA:723,1
DA:730,1
DA:736,1
DA:752,0
DA:757,11
DA:758,1
DA:759,1
DA:760,1
DA:761,1
DA:762,0
DA:765,1
DA:772,1
DA:774,1
DA:775,0
DA:777,1
DA:778,1
DA:787,1
DA:793,1
DA:798,1
DA:799,1
DA:800,0
DA:804,0
DA:805,0
DA:807,0
DA:808,0
DA:809,0
DA:811,0
DA:812,0
DA:813,0
DA:815,0
DA:816,0
DA:817,0
DA:819,0
DA:820,0
DA:821,0
DA:824,0
DA:825,0
DA:839,1
DA:856,0
DA:861,11
DA:862,0
DA:863,0
DA:864,0
DA:865,0
DA:866,0
DA:869,0
DA:870,0
DA:872,0
DA:873,0
DA:874,0
DA:888,0
DA:893,0
DA:898,11
DA:899,0
DA:900,0
DA:901,0
DA:902,0
DA:903,0
DA:906,0
DA:907,0
DA:908,0
DA:909,0
DA:912,0
DA:916,0
DA:917,0
DA:923,0
DA:924,0
DA:925,0
DA:927,0
DA:945,0
DA:960,0
DA:965,11
DA:966,0
DA:967,0
DA:968,0
DA:969,0
DA:970,0
DA:973,0
DA:974,0
DA:975,0
DA:976,0
DA:979,0
DA:983,0
DA:984,0
DA:989,0
DA:990,0
DA:996,0
DA:997,0
DA:998,0
DA:999,0
DA:1004,0
DA:1005,0
DA:1009,0
DA:1010,0
DA:1058,0
DA:1076,0
DA:1081,11
DA:1082,1
DA:1083,1
DA:1084,1
DA:1086,1
DA:1087,1
DA:1089,1
DA:1093,1
DA:1095,0
DA:1100,11
DA:1101,0
DA:1102,0
DA:1103,0
DA:1105,0
DA:1106,0
DA:1108,0
DA:1112,0
DA:1114,0
DA:1115,0
DA:1116,0
DA:1117,0
DA:1118,0
DA:1119,0
DA:1121,0
DA:1122,0
DA:1124,0
DA:1127,0
DA:1129,0
LF:423
LH:255
BRDA:13,0,0,20
BRDA:13,0,1,20
BRDA:13,0,2,0
BRDA:14,1,0,4
BRDA:14,1,1,4
BRDA:14,1,2,0
BRDA:19,2,0,5
BRDA:19,2,1,0
BRDA:24,3,0,0
BRDA:24,3,1,0
BRDA:25,4,0,0
BRDA:25,4,1,0
BRDA:26,5,0,0
BRDA:26,5,1,0
BRDA:27,6,0,0
BRDA:27,6,1,0
BRDA:28,7,0,0
BRDA:28,7,1,0
BRDA:32,8,0,0
BRDA:32,8,1,0
BRDA:34,9,0,0
BRDA:34,9,1,0
BRDA:35,10,0,0
BRDA:35,10,1,0
BRDA:36,11,0,0
BRDA:36,11,1,0
BRDA:37,12,0,0
BRDA:37,12,1,0
BRDA:38,13,0,0
BRDA:38,13,1,0
BRDA:41,14,0,0
BRDA:47,15,0,0
BRDA:47,15,1,0
BRDA:52,16,0,0
BRDA:52,16,1,0
BRDA:54,17,0,0
BRDA:54,17,1,0
BRDA:56,18,0,0
BRDA:56,18,1,0
BRDA:60,19,0,0
BRDA:60,19,1,0
BRDA:61,20,0,0
BRDA:61,20,1,0
BRDA:64,21,0,5
BRDA:64,21,1,9
BRDA:65,22,0,9
BRDA:65,22,1,0
BRDA:67,23,0,0
BRDA:67,23,1,0
BRDA:70,24,0,0
BRDA:70,24,1,0
BRDA:76,25,0,4
BRDA:76,25,1,3
BRDA:76,26,0,7
BRDA:76,26,1,4
BRDA:77,27,0,3
BRDA:77,27,1,0
BRDA:79,28,0,0
BRDA:79,28,1,0
BRDA:87,29,0,3
BRDA:87,29,1,0
BRDA:90,30,0,0
BRDA:90,30,1,0
BRDA:95,31,0,3
BRDA:95,31,1,1
BRDA:97,32,0,1
BRDA:97,32,1,0
BRDA:102,33,0,1
BRDA:102,33,1,0
BRDA:105,34,0,3
BRDA:105,34,1,5
BRDA:108,35,0,2
BRDA:108,35,1,0
BRDA:109,36,0,2
BRDA:109,36,1,0
BRDA:116,37,0,0
BRDA:116,37,1,0
BRDA:119,38,0,0
BRDA:119,38,1,0
BRDA:124,39,0,0
BRDA:124,39,1,0
BRDA:124,40,0,0
BRDA:124,40,1,0
BRDA:125,41,0,0
BRDA:125,41,1,0
BRDA:125,42,0,0
BRDA:125,42,1,0
BRDA:126,43,0,0
BRDA:126,43,1,0
BRDA:126,44,0,0
BRDA:126,44,1,0
BRDA:146,45,0,0
BRDA:146,45,1,3
BRDA:147,46,0,0
BRDA:147,46,1,3
BRDA:151,47,0,3
BRDA:151,47,1,1
BRDA:152,48,0,3
BRDA:152,48,1,2
BRDA:153,49,0,3
BRDA:153,49,1,2
BRDA:155,50,0,3
BRDA:155,50,1,3
BRDA:158,51,0,3
BRDA:158,51,1,0
BRDA:160,52,0,1
BRDA:160,52,1,2
BRDA:165,53,0,0
BRDA:165,53,1,2
BRDA:166,54,0,2
BRDA:166,54,1,0
BRDA:183,55,0,1
BRDA:183,55,1,1
BRDA:186,56,0,1
BRDA:186,56,1,0
BRDA:189,57,0,0
BRDA:189,57,1,1
BRDA:190,58,0,0
BRDA:190,58,1,1
BRDA:195,59,0,0
BRDA:195,59,1,1
BRDA:200,60,0,1
BRDA:200,60,1,0
BRDA:201,61,0,1
BRDA:201,61,1,0
BRDA:202,62,0,1
BRDA:202,62,1,0
BRDA:203,63,0,1
BRDA:203,63,1,0
BRDA:206,64,0,1
BRDA:206,64,1,1
BRDA:207,65,0,1
BRDA:207,65,1,0
BRDA:210,66,0,0
BRDA:210,66,1,1
BRDA:210,67,0,1
BRDA:210,67,1,1
BRDA:210,67,2,1
BRDA:222,68,0,1
BRDA:222,68,1,1
BRDA:233,69,0,0
BRDA:233,69,1,7
BRDA:234,70,0,0
BRDA:234,70,1,7
BRDA:237,71,0,7
BRDA:237,71,1,1
BRDA:238,72,0,7
BRDA:238,72,1,5
BRDA:244,73,0,2
BRDA:244,73,1,5
BRDA:244,74,0,7
BRDA:244,74,1,6
BRDA:250,75,0,5
BRDA:250,75,1,0
BRDA:251,76,0,3
BRDA:251,76,1,0
BRDA:258,77,0,5
BRDA:258,77,1,0
BRDA:264,78,0,1
BRDA:264,78,1,4
BRDA:264,79,0,5
BRDA:264,79,1,3
BRDA:269,80,0,1
BRDA:269,80,1,3
BRDA:281,81,0,1
BRDA:281,81,1,2
BRDA:285,82,0,1
BRDA:285,82,1,1
BRDA:313,83,0,0
BRDA:313,83,1,2
BRDA:336,84,0,2
BRDA:336,84,1,0
BRDA:337,85,0,2
BRDA:337,85,1,2
BRDA:338,86,0,2
BRDA:338,86,1,2
BRDA:339,87,0,2
BRDA:339,87,1,2
BRDA:340,88,0,2
BRDA:340,88,1,2
BRDA:344,89,0,2
BRDA:344,89,1,0
BRDA:349,90,0,0
BRDA:349,90,1,1
BRDA:363,91,0,1
BRDA:363,91,1,1
BRDA:373,92,0,2
BRDA:373,92,1,0
BRDA:374,93,0,2
BRDA:374,93,1,0
BRDA:414,94,0,0
BRDA:414,94,1,3
BRDA:418,95,0,2
BRDA:418,95,1,1
BRDA:434,96,0,0
BRDA:434,96,1,2
BRDA:439,97,0,1
BRDA:439,97,1,1
BRDA:447,98,0,0
BRDA:447,98,1,0
BRDA:450,99,0,1
BRDA:450,99,1,0
BRDA:452,100,0,0
BRDA:452,100,1,0
BRDA:452,101,0,0
BRDA:452,101,1,0
BRDA:454,102,0,0
BRDA:454,102,1,0
BRDA:458,103,0,0
BRDA:458,103,1,0
BRDA:459,104,0,0
BRDA:459,104,1,0
BRDA:460,105,0,0
BRDA:460,105,1,0
BRDA:461,106,0,0
BRDA:461,106,1,0
BRDA:462,107,0,0
BRDA:462,107,1,0
BRDA:463,108,0,0
BRDA:463,108,1,0
BRDA:464,109,0,0
BRDA:464,109,1,0
BRDA:465,110,0,0
BRDA:465,110,1,0
BRDA:466,111,0,0
BRDA:466,111,1,0
BRDA:467,112,0,0
BRDA:467,112,1,0
BRDA:468,113,0,0
BRDA:468,113,1,0
BRDA:469,114,0,0
BRDA:469,114,1,0
BRDA:470,115,0,0
BRDA:470,115,1,0
BRDA:471,116,0,0
BRDA:471,116,1,0
BRDA:485,117,0,0
BRDA:485,117,1,4
BRDA:488,118,0,4
BRDA:488,118,1,4
BRDA:491,119,0,0
BRDA:491,119,1,4
BRDA:491,120,0,4
BRDA:491,120,1,0
BRDA:495,121,0,1
BRDA:495,121,1,3
BRDA:495,122,0,4
BRDA:495,122,1,4
BRDA:500,123,0,0
BRDA:500,123,1,3
BRDA:502,124,0,3
BRDA:502,124,1,0
BRDA:515,125,0,0
BRDA:515,125,1,3
BRDA:518,126,0,0
BRDA:518,126,1,3
BRDA:523,127,0,1
BRDA:523,127,1,2
BRDA:524,128,0,1
BRDA:524,128,1,2
BRDA:527,129,0,0
BRDA:527,129,1,3
BRDA:529,130,0,0
BRDA:529,130,1,0
BRDA:548,131,0,0
BRDA:548,131,1,1
BRDA:568,132,0,0
BRDA:568,132,1,2
BRDA:570,133,0,1
BRDA:570,133,1,1
BRDA:582,134,0,0
BRDA:582,134,1,1
BRDA:589,135,0,1
BRDA:589,135,1,1
BRDA:598,136,0,3
BRDA:598,136,1,1
BRDA:599,137,0,1
BRDA:599,137,1,2
BRDA:608,138,0,1
BRDA:608,138,1,1
BRDA:610,139,0,1
BRDA:610,139,1,0
BRDA:611,140,0,0
BRDA:611,140,1,1
BRDA:611,141,0,1
BRDA:611,141,1,1
BRDA:611,141,2,1
BRDA:638,142,0,3
BRDA:638,142,1,1
BRDA:639,143,0,3
BRDA:639,143,1,0
BRDA:640,144,0,1
BRDA:640,144,1,2
BRDA:640,145,0,3
BRDA:640,145,1,2
BRDA:657,146,0,0
BRDA:657,146,1,2
BRDA:660,147,0,0
BRDA:660,147,1,2
BRDA:661,148,0,0
BRDA:661,148,1,2
BRDA:662,149,0,1
BRDA:662,149,1,1
BRDA:665,150,0,0
BRDA:665,150,1,1
BRDA:677,151,0,1
BRDA:677,151,1,0
BRDA:695,152,0,0
BRDA:695,152,1,0
BRDA:703,153,0,1
BRDA:703,153,1,0
BRDA:733,154,0,1
BRDA:733,154,1,1
BRDA:760,155,0,0
BRDA:760,155,1,1
BRDA:761,156,0,0
BRDA:761,156,1,1
BRDA:772,157,0,0
BRDA:772,157,1,1
BRDA:774,158,0,1
BRDA:774,158,1,1
BRDA:777,159,0,1
BRDA:777,159,1,0
BRDA:787,160,0,0
BRDA:787,160,1,1
BRDA:799,161,0,0
BRDA:799,161,1,1
BRDA:805,162,0,0
BRDA:805,162,1,0
BRDA:805,162,2,0
BRDA:807,163,0,0
BRDA:807,163,1,0
BRDA:807,163,2,0
BRDA:808,164,0,0
BRDA:808,164,1,0
BRDA:808,164,2,0
BRDA:809,165,0,0
BRDA:809,165,1,0
BRDA:811,166,0,0
BRDA:811,166,1,0
BRDA:812,167,0,0
BRDA:812,167,1,0
BRDA:813,168,0,0
BRDA:813,168,1,0
BRDA:815,169,0,0
BRDA:815,169,1,0
BRDA:816,170,0,0
BRDA:816,170,1,0
BRDA:817,171,0,0
BRDA:817,171,1,0
BRDA:819,172,0,0
BRDA:819,172,1,0
BRDA:819,172,2,0
BRDA:820,173,0,0
BRDA:820,173,1,0
BRDA:820,173,2,0
BRDA:824,174,0,0
BRDA:824,174,1,0
BRDA:827,175,0,0
BRDA:827,175,1,0
BRDA:828,176,0,0
BRDA:828,176,1,0
BRDA:828,176,2,0
BRDA:828,176,3,0
BRDA:829,177,0,0
BRDA:829,177,1,0
BRDA:830,178,0,0
BRDA:830,178,1,0
BRDA:830,178,2,0
BRDA:831,179,0,0
BRDA:831,179,1,0
BRDA:832,180,0,0
BRDA:832,180,1,0
BRDA:833,181,0,0
BRDA:833,181,1,0
BRDA:834,182,0,0
BRDA:834,182,1,0
BRDA:834,182,2,0
BRDA:851,183,0,1
BRDA:851,183,1,0
BRDA:852,184,0,1
BRDA:852,184,1,1
BRDA:864,185,0,0
BRDA:864,185,1,0
BRDA:865,186,0,0
BRDA:865,186,1,0
BRDA:870,187,0,0
BRDA:870,187,1,0
BRDA:901,188,0,0
BRDA:901,188,1,0
BRDA:902,189,0,0
BRDA:902,189,1,0
BRDA:907,190,0,0
BRDA:907,190,1,0
BRDA:908,191,0,0
BRDA:908,191,1,0
BRDA:908,192,0,0
BRDA:908,192,1,0
BRDA:916,193,0,0
BRDA:916,193,1,0
BRDA:923,194,0,0
BRDA:923,194,1,0
BRDA:924,195,0,0
BRDA:924,195,1,0
BRDA:932,196,0,0
BRDA:932,196,1,0
BRDA:933,197,0,0
BRDA:933,197,1,0
BRDA:934,198,0,0
BRDA:934,198,1,0
BRDA:953,199,0,0
BRDA:953,199,1,0
BRDA:954,200,0,0
BRDA:954,200,1,0
BRDA:968,201,0,0
BRDA:968,201,1,0
BRDA:969,202,0,0
BRDA:969,202,1,0
BRDA:974,203,0,0
BRDA:974,203,1,0
BRDA:975,204,0,0
BRDA:975,204,1,0
BRDA:983,205,0,0
BRDA:983,205,1,0
BRDA:989,206,0,0
BRDA:989,206,1,0
BRDA:989,207,0,0
BRDA:989,207,1,0
BRDA:996,208,0,0
BRDA:996,208,1,0
BRDA:997,209,0,0
BRDA:997,209,1,0
BRDA:1002,210,0,0
BRDA:1002,210,1,0
BRDA:1009,211,0,0
BRDA:1009,211,1,0
BRDA:1017,212,0,0
BRDA:1017,212,1,0
BRDA:1018,213,0,0
BRDA:1018,213,1,0
BRDA:1019,214,0,0
BRDA:1019,214,1,0
BRDA:1020,215,0,0
BRDA:1020,215,1,0
BRDA:1021,216,0,0
BRDA:1021,216,1,0
BRDA:1022,217,0,0
BRDA:1022,217,1,0
BRDA:1023,218,0,0
BRDA:1023,218,1,0
BRDA:1025,219,0,0
BRDA:1025,219,1,0
BRDA:1026,220,0,0
BRDA:1026,220,1,0
BRDA:1027,221,0,0
BRDA:1027,221,1,0
BRDA:1028,222,0,0
BRDA:1028,222,1,0
BRDA:1029,223,0,0
BRDA:1029,223,1,0
BRDA:1030,224,0,0
BRDA:1030,224,1,0
BRDA:1032,225,0,0
BRDA:1032,225,1,0
BRDA:1036,226,0,0
BRDA:1036,226,1,0
BRDA:1040,227,0,0
BRDA:1040,227,1,0
BRDA:1040,227,2,0
BRDA:1067,228,0,0
BRDA:1067,228,1,0
BRDA:1068,229,0,0
BRDA:1068,229,1,0
BRDA:1084,230,0,0
BRDA:1084,230,1,1
BRDA:1087,231,0,0
BRDA:1087,231,1,1
BRDA:1103,232,0,0
BRDA:1103,232,1,0
BRDA:1106,233,0,0
BRDA:1106,233,1,0
BRDA:1112,234,0,0
BRDA:1112,234,1,0
BRDA:1115,235,0,0
BRDA:1115,235,1,0
BRDA:1116,236,0,0
BRDA:1116,236,1,0
BRDA:1117,237,0,0
BRDA:1117,237,1,0
BRDA:1119,238,0,0
BRDA:1119,238,1,0
BRF:491
BRH:168
end_of_record
TN:
SF:src\controllers\challengeController.js
FN:7,sanitizeTestCases
FN:10,(anonymous_1)
FN:11,(anonymous_2)
FN:17,(anonymous_3)
FN:74,(anonymous_4)
FN:92,(anonymous_5)
FN:105,(anonymous_6)
FN:181,(anonymous_7)
FN:196,(anonymous_8)
FN:225,(anonymous_9)
FN:226,(anonymous_10)
FNF:11
FNH:10
FNDA:5,sanitizeTestCases
FNDA:5,(anonymous_1)
FNDA:5,(anonymous_2)
FNDA:7,(anonymous_3)
FNDA:5,(anonymous_4)
FNDA:3,(anonymous_5)
FNDA:4,(anonymous_6)
FNDA:2,(anonymous_7)
FNDA:3,(anonymous_8)
FNDA:2,(anonymous_9)
FNDA:0,(anonymous_10)
DA:1,11
DA:2,11
DA:3,11
DA:4,11
DA:5,11
DA:8,5
DA:9,5
DA:10,5
DA:11,5
DA:17,11
DA:18,7
DA:31,7
DA:33,7
DA:34,1
DA:36,6
DA:37,1
DA:40,5
DA:42,5
DA:54,5
DA:56,5
DA:57,2
DA:58,2
DA:60,0
DA:61,0
DA:62,0
DA:66,5
DA:67,5
DA:69,0
DA:70,0
DA:74,11
DA:75,5
DA:76,5
DA:77,5
DA:78,5
DA:79,5
DA:80,5
DA:82,5
DA:85,5
DA:87,0
DA:88,0
DA:92,11
DA:93,3
DA:94,3
DA:95,2
DA:96,1
DA:98,1
DA:100,1
DA:101,1
DA:105,11
DA:106,4
DA:107,4
DA:119,4
DA:120,4
DA:121,40
DA:122,4
DA:123,0
DA:124,4
DA:125,0
DA:127,4
DA:131,4
DA:132,4
DA:133,4
DA:134,0
DA:136,4
DA:138,4
DA:139,4
DA:141,4
DA:145,4
DA:146,1
DA:149,3
DA:150,1
DA:151,1
DA:157,3
DA:159,1
DA:160,1
DA:161,0
DA:163,1
DA:164,1
DA:166,0
DA:173,3
DA:174,3
DA:176,0
DA:177,0
DA:181,11
DA:182,2
DA:183,2
DA:184,2
DA:185,1
DA:187,1
DA:188,1
DA:190,0
DA:191,0
DA:196,11
DA:197,3
DA:207,3
DA:209,3
DA:210,3
DA:211,1
DA:214,2
DA:215,2
DA:223,2
DA:226,2
DA:227,0
DA:228,0
DA:229,0
DA:233,2
DA:234,1
DA:235,1
DA:236,1
DA:238,1
DA:239,1
DA:245,1
DA:258,0
DA:259,0
DA:260,0
DA:267,0
LF:116
LH:93
BRDA:8,0,0,0
BRDA:8,0,1,5
BRDA:10,1,0,5
BRDA:10,1,1,5
BRDA:12,2,0,5
BRDA:12,2,1,5
BRDA:12,2,2,0
BRDA:13,3,0,5
BRDA:13,3,1,0
BRDA:33,4,0,1
BRDA:33,4,1,6
BRDA:33,5,0,7
BRDA:33,5,1,6
BRDA:36,6,0,1
BRDA:36,6,1,5
BRDA:36,7,0,6
BRDA:36,7,1,5
BRDA:40,8,0,1
BRDA:40,8,1,4
BRDA:45,9,0,5
BRDA:45,9,1,4
BRDA:46,10,0,5
BRDA:46,10,1,0
BRDA:46,10,2,5
BRDA:49,11,0,5
BRDA:49,11,1,3
BRDA:50,12,0,1
BRDA:50,12,1,4
BRDA:52,13,0,1
BRDA:52,13,1,4
BRDA:56,14,0,2
BRDA:56,14,1,3
BRDA:56,15,0,5
BRDA:56,15,1,2
BRDA:61,16,0,0
BRDA:61,16,1,0
BRDA:61,17,0,0
BRDA:61,17,1,0
BRDA:62,18,0,0
BRDA:62,18,1,0
BRDA:78,19,0,2
BRDA:78,19,1,3
BRDA:78,20,0,5
BRDA:78,20,1,4
BRDA:79,21,0,1
BRDA:79,21,1,4
BRDA:80,22,0,1
BRDA:80,22,1,4
BRDA:95,23,0,1
BRDA:95,23,1,1
BRDA:121,24,0,4
BRDA:121,24,1,36
BRDA:122,25,0,0
BRDA:122,25,1,4
BRDA:124,26,0,0
BRDA:124,26,1,4
BRDA:125,27,0,0
BRDA:125,27,1,0
BRDA:131,28,0,2
BRDA:131,28,1,2
BRDA:132,29,0,0
BRDA:132,29,1,4
BRDA:133,30,0,0
BRDA:133,30,1,4
BRDA:134,31,0,0
BRDA:134,31,1,0
BRDA:134,31,2,0
BRDA:136,32,0,0
BRDA:136,32,1,4
BRDA:136,33,0,0
BRDA:136,33,1,0
BRDA:139,34,0,1
BRDA:139,34,1,3
BRDA:145,35,0,1
BRDA:145,35,1,3
BRDA:149,36,0,1
BRDA:149,36,1,2
BRDA:157,37,0,1
BRDA:157,37,1,2
BRDA:159,38,0,0
BRDA:159,38,1,1
BRDA:159,39,0,1
BRDA:159,39,1,1
BRDA:160,40,0,0
BRDA:160,40,1,1
BRDA:160,41,0,1
BRDA:160,41,1,0
BRDA:166,42,0,0
BRDA:166,42,1,0
BRDA:167,43,0,0
BRDA:167,43,1,0
BRDA:184,44,0,1
BRDA:184,44,1,1
BRDA:201,45,0,2
BRDA:202,46,0,2
BRDA:203,47,0,3
BRDA:204,48,0,3
BRDA:205,49,0,2
BRDA:206,50,0,3
BRDA:207,51,0,3
BRDA:207,51,1,0
BRDA:209,52,0,3
BRDA:209,52,1,1
BRDA:209,52,2,1
BRDA:210,53,0,1
BRDA:210,53,1,2
BRDA:219,54,0,2
BRDA:219,54,1,0
BRDA:220,55,0,2
BRDA:220,55,1,0
BRDA:230,56,0,2
BRDA:230,56,1,0
BRDA:234,57,0,1
BRDA:234,57,1,0
BRDA:235,58,0,0
BRDA:235,58,1,1
BRDA:238,59,0,0
BRDA:238,59,1,1
BRDA:249,60,0,0
BRDA:249,60,1,1
BRDA:251,61,0,1
BRDA:251,61,1,0
BRDA:254,62,0,1
BRDA:254,62,1,1
BRDA:259,63,0,0
BRDA:259,63,1,0
BRDA:259,64,0,0
BRDA:259,64,1,0
BRDA:263,65,0,0
BRDA:263,65,1,0
BRF:130
BRH:86
end_of_record
TN:
SF:src\controllers\dashboardController.js
FN:4,(anonymous_0)
FNF:1
FNH:1
FNDA:4,(anonymous_0)
DA:1,11
DA:2,11
DA:4,11
DA:5,4
DA:7,4
DA:18,3
DA:19,3
DA:20,3
DA:23,3
DA:26,3
DA:34,3
DA:35,3
DA:36,21
DA:37,21
DA:38,21
DA:39,21
DA:40,21
DA:41,21
DA:44,21
DA:50,3
DA:64,1
DA:65,1
LF:22
LH:22
BRF:0
BRH:0
end_of_record
TN:
SF:src\controllers\faceAuthController.js
FN:7,(anonymous_0)
FN:9,(anonymous_1)
FN:15,(anonymous_2)
FN:39,(anonymous_3)
FNF:4
FNH:2
FNDA:0,(anonymous_0)
FNDA:0,(anonymous_1)
FNDA:6,(anonymous_2)
FNDA:9,(anonymous_3)
DA:1,11
DA:2,11
DA:7,11
DA:8,0
DA:9,0
DA:15,11
DA:16,6
DA:17,6
DA:18,6
DA:19,2
DA:22,4
DA:23,3
DA:25,2
DA:26,2
DA:27,2
DA:29,0
DA:31,3
DA:32,3
DA:39,11
DA:40,9
DA:41,9
DA:42,9
DA:43,3
DA:46,6
DA:47,5
DA:49,2
DA:50,2
DA:54,0
DA:55,0
DA:57,0
DA:59,0
DA:61,0
DA:67,0
DA:74,0
DA:77,1
DA:78,1
LF:36
LH:26
BRDA:8,0,0,0
BRDA:8,0,1,0
BRDA:8,1,0,0
BRDA:8,1,1,0
BRDA:8,1,2,0
BRDA:18,2,0,2
BRDA:18,2,1,4
BRDA:18,3,0,6
BRDA:18,3,1,5
BRDA:23,4,0,1
BRDA:23,4,1,2
BRDA:42,5,0,3
BRDA:42,5,1,6
BRDA:42,6,0,9
BRDA:42,6,1,8
BRDA:42,6,2,7
BRDA:47,7,0,3
BRDA:47,7,1,2
BRDA:49,8,0,2
BRDA:49,8,1,0
BRDA:49,9,0,2
BRDA:49,9,1,0
BRDA:49,9,2,0
BRDA:59,10,0,0
BRDA:59,10,1,0
BRDA:62,11,0,0
BRDA:62,11,1,0
BRF:27
BRH:15
end_of_record
TN:
SF:src\controllers\matchController.js
FN:3,(anonymous_0)
FN:19,(anonymous_1)
FNF:2
FNH:2
FNDA:1,(anonymous_0)
FNDA:1,(anonymous_1)
DA:1,11
DA:3,11
DA:4,1
DA:5,1
DA:6,1
DA:8,1
DA:9,1
DA:12,0
DA:14,0
DA:15,0
DA:19,11
DA:20,1
DA:21,1
DA:23,1
DA:28,1
DA:30,0
LF:16
LH:12
BRDA:8,0,0,1
BRDA:8,0,1,0
BRF:2
BRH:1
end_of_record
TN:
SF:src\controllers\roleRequestController.js
FN:11,(anonymous_0)
FN:34,(anonymous_1)
FN:62,(anonymous_2)
FN:119,(anonymous_3)
FN:178,(anonymous_4)
FN:200,(anonymous_5)
FN:228,(anonymous_6)
FN:277,(anonymous_7)
FN:321,(anonymous_8)
FNF:9
FNH:4
FNDA:4,(anonymous_0)
FNDA:0,(anonymous_1)
FNDA:6,(anonymous_2)
FNDA:5,(anonymous_3)
FNDA:1,(anonymous_4)
FNDA:0,(anonymous_5)
FNDA:0,(anonymous_6)
FNDA:0,(anonymous_7)
FNDA:0,(anonymous_8)
DA:1,11
DA:2,11
DA:3,11
DA:4,11
DA:5,11
DA:6,11
DA:11,11
DA:12,4
DA:13,4
DA:14,4
DA:16,4
DA:18,0
DA:19,0
DA:21,0
DA:22,0
DA:24,0
DA:28,4
DA:29,4
DA:34,0
DA:37,2
DA:38,1
DA:39,1
DA:45,1
DA:46,1
DA:49,0
DA:50,0
DA:52,2
DA:53,2
DA:62,11
DA:63,6
DA:64,6
DA:65,6
DA:67,6
DA:68,1
DA:71,5
DA:72,1
DA:75,4
DA:76,4
DA:77,4
DA:79,4
DA:81,4
DA:82,2
DA:89,2
DA:90,1
DA:94,2
DA:95,2
DA:96,2
DA:97,2
DA:98,2
DA:99,2
DA:102,2
DA:104,1
DA:110,1
DA:111,1
DA:119,11
DA:120,5
DA:121,5
DA:122,5
DA:125,5
DA:126,5
DA:127,3
DA:130,2
DA:131,0
DA:137,2
DA:142,2
DA:143,0
DA:149,2
DA:152,2
DA:159,0
DA:161,0
DA:167,2
DA:168,2
DA:178,11
DA:179,1
DA:180,1
DA:182,1
DA:186,1
DA:189,0
DA:190,0
DA:200,11
DA:201,0
DA:202,0
DA:204,0
DA:205,0
DA:206,0
DA:209,0
DA:214,0
DA:217,0
DA:218,0
DA:228,11
DA:229,0
DA:230,0
DA:231,0
DA:232,0
DA:234,0
DA:235,0
DA:236,0
DA:239,0
DA:240,0
DA:246,0
DA:247,0
DA:248,0
DA:249,0
DA:250,0
DA:253,0
DA:257,0
DA:258,0
DA:260,0
DA:266,0
DA:267,0
DA:277,11
DA:278,0
DA:279,0
DA:280,0
DA:281,0
DA:283,0
DA:284,0
DA:285,0
DA:288,0
DA:289,0
DA:295,0
DA:296,0
DA:297,0
DA:298,0
DA:299,0
DA:301,0
DA:302,0
DA:304,0
DA:310,0
DA:311,0
DA:321,11
DA:322,0
DA:323,0
DA:324,0
DA:325,0
DA:327,0
DA:328,0
DA:329,0
DA:333,0
DA:334,0
DA:340,0
DA:341,0
DA:346,0
DA:348,0
DA:351,0
DA:352,0
LF:146
LH:69
BRDA:16,0,0,0
BRDA:16,0,1,4
BRDA:18,1,0,0
BRDA:18,1,1,0
BRDA:21,2,0,0
BRDA:21,2,1,0
BRDA:28,3,0,4
BRDA:28,3,1,4
BRDA:37,4,0,1
BRDA:37,4,1,1
BRDA:45,5,0,1
BRDA:45,5,1,0
BRDA:45,6,0,1
BRDA:45,6,1,1
BRDA:52,7,0,2
BRDA:52,7,1,2
BRDA:67,8,0,1
BRDA:67,8,1,5
BRDA:71,9,0,1
BRDA:71,9,1,4
BRDA:81,10,0,2
BRDA:81,10,1,2
BRDA:89,11,0,1
BRDA:89,11,1,1
BRDA:126,12,0,3
BRDA:126,12,1,2
BRDA:130,13,0,0
BRDA:130,13,1,2
BRDA:142,14,0,0
BRDA:142,14,1,2
BRDA:149,15,0,0
BRDA:149,15,1,2
BRDA:205,16,0,0
BRDA:205,16,1,0
BRDA:205,17,0,0
BRDA:205,17,1,0
BRDA:235,18,0,0
BRDA:235,18,1,0
BRDA:239,19,0,0
BRDA:239,19,1,0
BRDA:249,20,0,0
BRDA:249,20,1,0
BRDA:284,21,0,0
BRDA:284,21,1,0
BRDA:288,22,0,0
BRDA:288,22,1,0
BRDA:298,23,0,0
BRDA:298,23,1,0
BRDA:328,24,0,0
BRDA:328,24,1,0
BRDA:333,25,0,0
BRDA:333,25,1,0
BRDA:333,26,0,0
BRDA:333,26,1,0
BRDA:340,27,0,0
BRDA:340,27,1,0
BRF:56
BRH:23
end_of_record
TN:
SF:src\controllers\stageController.js
FN:18,toUserId
FN:22,isPrerequisiteCompleted
FN:32,assertParticipantCanAccessStage
FN:45,recomputeProgressFields
FN:63,(anonymous_4)
FN:85,(anonymous_5)
FN:105,(anonymous_6)
FN:148,(anonymous_7)
FN:239,(anonymous_8)
FN:286,(anonymous_9)
FN:302,(anonymous_10)
FN:313,(anonymous_11)
FN:314,(anonymous_12)
FN:333,(anonymous_13)
FN:340,(anonymous_14)
FN:362,(anonymous_15)
FN:375,(anonymous_16)
FN:418,(anonymous_17)
FN:448,(anonymous_18)
FN:473,(anonymous_19)
FN:477,(anonymous_20)
FN:512,(anonymous_21)
FN:530,(anonymous_22)
FN:548,(anonymous_23)
FN:566,(anonymous_24)
FN:684,(anonymous_25)
FN:788,(anonymous_26)
FN:799,(anonymous_27)
FN:829,(anonymous_28)
FN:897,(anonymous_29)
FNF:30
FNH:0
FNDA:0,toUserId
FNDA:0,isPrerequisiteCompleted
FNDA:0,assertParticipantCanAccessStage
FNDA:0,recomputeProgressFields
FNDA:0,(anonymous_4)
FNDA:0,(anonymous_5)
FNDA:0,(anonymous_6)
FNDA:0,(anonymous_7)
FNDA:0,(anonymous_8)
FNDA:0,(anonymous_9)
FNDA:0,(anonymous_10)
FNDA:0,(anonymous_11)
FNDA:0,(anonymous_12)
FNDA:0,(anonymous_13)
FNDA:0,(anonymous_14)
FNDA:0,(anonymous_15)
FNDA:0,(anonymous_16)
FNDA:0,(anonymous_17)
FNDA:0,(anonymous_18)
FNDA:0,(anonymous_19)
FNDA:0,(anonymous_20)
FNDA:0,(anonymous_21)
FNDA:0,(anonymous_22)
FNDA:0,(anonymous_23)
FNDA:0,(anonymous_24)
FNDA:0,(anonymous_25)
FNDA:0,(anonymous_26)
FNDA:0,(anonymous_27)
FNDA:0,(anonymous_28)
FNDA:0,(anonymous_29)
DA:1,11
DA:2,11
DA:3,11
DA:4,11
DA:5,11
DA:6,11
DA:7,11
DA:8,11
DA:9,11
DA:10,11
DA:15,11
DA:16,11
DA:19,0
DA:23,0
DA:24,0
DA:29,0
DA:33,0
DA:34,0
DA:35,0
DA:36,0
DA:37,0
DA:38,0
DA:40,0
DA:42,0
DA:46,0
DA:47,0
DA:48,0
DA:49,0
DA:50,0
DA:51,0
DA:52,0
DA:53,0
DA:54,0
DA:55,0
DA:57,0
DA:58,0
DA:63,11
DA:64,0
DA:65,0
DA:69,0
DA:71,0
DA:72,0
DA:73,0
DA:80,0
DA:85,11
DA:86,0
DA:87,0
DA:88,0
DA:89,0
DA:91,0
DA:92,0
DA:94,0
DA:95,0
DA:97,0
DA:98,0
DA:99,0
DA:105,0
DA:106,0
DA:107,0
DA:110,0
DA:111,0
DA:112,0
DA:114,0
DA:115,0
DA:122,0
DA:125,0
DA:135,0
DA:142,0
DA:143,0
DA:148,11
DA:149,0
DA:162,0
DA:164,0
DA:165,0
DA:166,0
DA:169,0
DA:170,0
DA:171,0
DA:172,0
DA:173,0
DA:177,0
DA:187,0
DA:189,0
DA:192,0
DA:193,0
DA:194,0
DA:201,0
DA:202,0
DA:215,0
DA:216,0
DA:218,0
DA:220,0
DA:224,0
DA:227,0
DA:229,0
DA:230,0
DA:231,0
DA:232,0
DA:234,0
DA:239,11
DA:240,0
DA:241,0
DA:242,0
DA:243,0
DA:244,0
DA:245,0
DA:246,0
DA:247,0
DA:248,0
DA:249,0
DA:250,0
DA:252,0
DA:253,0
DA:255,0
DA:256,0
DA:258,0
DA:261,0
DA:263,0
DA:264,0
DA:265,0
DA:267,0
DA:268,0
DA:271,0
DA:274,0
DA:276,0
DA:277,0
DA:278,0
DA:279,0
DA:281,0
DA:286,11
DA:287,0
DA:288,0
DA:289,0
DA:290,0
DA:291,0
DA:292,0
DA:293,0
DA:294,0
DA:296,0
DA:297,0
DA:302,11
DA:303,0
DA:304,0
DA:305,0
DA:306,0
DA:307,0
DA:309,0
DA:311,0
DA:312,0
DA:313,0
DA:314,0
DA:316,0
DA:317,0
DA:320,0
DA:321,0
DA:323,0
DA:324,0
DA:325,0
DA:326,0
DA:328,0
DA:333,11
DA:334,0
DA:335,0
DA:336,0
DA:337,0
DA:338,0
DA:339,0
DA:340,0
DA:341,0
DA:343,0
DA:347,0
DA:348,0
DA:349,0
DA:350,0
DA:353,0
DA:354,0
DA:356,0
DA:357,0
DA:362,11
DA:363,0
DA:364,0
DA:365,0
DA:366,0
DA:367,0
DA:369,0
DA:374,0
DA:375,0
DA:377,0
DA:378,0
DA:379,0
DA:380,0
DA:381,0
DA:382,0
DA:384,0
DA:385,0
DA:397,0
DA:400,0
DA:401,0
DA:402,0
DA:403,0
DA:405,0
DA:406,0
DA:412,0
DA:415,0
DA:416,0
DA:417,0
DA:418,0
DA:419,0
DA:420,0
DA:421,0
DA:425,0
DA:440,0
DA:442,0
DA:443,0
DA:448,11
DA:449,0
DA:450,0
DA:451,0
DA:452,0
DA:454,0
DA:455,0
DA:458,0
DA:459,0
DA:462,0
DA:463,0
DA:464,0
DA:465,0
DA:472,0
DA:473,0
DA:475,0
DA:478,0
DA:479,0
DA:480,0
DA:488,0
DA:506,0
DA:507,0
DA:512,11
DA:513,0
DA:514,0
DA:515,0
DA:516,0
DA:518,0
DA:519,0
DA:521,0
DA:522,0
DA:523,0
DA:529,0
DA:530,0
DA:531,0
DA:534,0
DA:535,0
DA:542,0
DA:543,0
DA:548,11
DA:549,0
DA:550,0
DA:551,0
DA:552,0
DA:554,0
DA:555,0
DA:557,0
DA:558,0
DA:559,0
DA:565,0
DA:566,0
DA:567,0
DA:570,0
DA:572,0
DA:582,0
DA:584,0
DA:585,0
DA:586,0
DA:589,0
DA:590,0
DA:592,0
DA:593,0
DA:596,0
DA:597,0
DA:598,0
DA:599,0
DA:602,0
DA:605,0
DA:607,0
DA:609,0
DA:610,0
DA:611,0
DA:612,0
DA:613,0
DA:614,0
DA:622,0
DA:625,0
DA:626,0
DA:627,0
DA:628,0
DA:631,0
DA:632,0
DA:634,0
DA:636,0
DA:652,0
DA:653,0
DA:654,0
DA:655,0
DA:656,0
DA:659,0
DA:660,0
DA:662,0
DA:664,0
DA:683,0
DA:684,0
DA:687,0
DA:688,0
DA:689,0
DA:690,0
DA:693,0
DA:694,0
DA:695,0
DA:696,0
DA:700,0
DA:701,0
DA:709,0
DA:710,0
DA:713,0
DA:714,0
DA:715,0
DA:717,0
DA:718,0
DA:719,0
DA:720,0
DA:722,0
DA:726,0
DA:727,0
DA:728,0
DA:734,0
DA:738,0
DA:739,0
DA:740,0
DA:743,0
DA:745,0
DA:747,0
DA:780,0
DA:781,0
DA:786,11
DA:788,11
DA:789,0
DA:790,0
DA:791,0
DA:792,0
DA:794,0
DA:795,0
DA:799,11
DA:800,0
DA:801,0
DA:802,0
DA:803,0
DA:805,0
DA:806,0
DA:807,0
DA:811,0
DA:812,0
DA:813,0
DA:814,0
DA:815,0
DA:817,0
DA:820,0
DA:821,0
DA:823,0
DA:824,0
DA:829,11
DA:830,0
DA:831,0
DA:832,0
DA:833,0
DA:835,0
DA:836,0
DA:838,0
DA:839,0
DA:840,0
DA:841,0
DA:842,0
DA:849,0
DA:855,0
DA:856,0
DA:859,0
DA:860,0
DA:861,0
DA:874,0
DA:875,0
DA:876,0
DA:879,0
DA:880,0
DA:881,0
DA:883,0
DA:884,0
DA:885,0
DA:892,0
DA:897,11
DA:898,0
DA:899,0
DA:900,0
DA:902,0
DA:903,0
DA:904,0
DA:905,0
DA:908,0
DA:909,0
DA:911,0
DA:912,0
LF:407
LH:28
BRDA:23,0,0,0
BRDA:23,0,1,0
BRDA:34,1,0,0
BRDA:34,1,1,0
BRDA:36,2,0,0
BRDA:36,2,1,0
BRDA:38,3,0,0
BRDA:38,3,1,0
BRDA:46,4,0,0
BRDA:46,4,1,0
BRDA:47,5,0,0
BRDA:47,5,1,0
BRDA:48,6,0,0
BRDA:48,6,1,0
BRDA:50,7,0,0
BRDA:50,7,1,0
BRDA:50,8,0,0
BRDA:50,8,1,0
BRDA:52,9,0,0
BRDA:52,9,1,0
BRDA:53,10,0,0
BRDA:53,10,1,0
BRDA:72,11,0,0
BRDA:72,11,1,0
BRDA:72,12,0,0
BRDA:72,12,1,0
BRDA:76,13,0,0
BRDA:76,13,1,0
BRDA:89,14,0,0
BRDA:89,14,1,0
BRDA:92,15,0,0
BRDA:92,15,1,0
BRDA:95,16,0,0
BRDA:95,16,1,0
BRDA:98,17,0,0
BRDA:98,17,1,0
BRDA:105,18,0,0
BRDA:105,18,1,0
BRDA:106,19,0,0
BRDA:106,19,1,0
BRDA:114,20,0,0
BRDA:114,20,1,0
BRDA:159,21,0,0
BRDA:160,22,0,0
BRDA:161,23,0,0
BRDA:164,24,0,0
BRDA:164,24,1,0
BRDA:165,25,0,0
BRDA:165,25,1,0
BRDA:165,26,0,0
BRDA:165,26,1,0
BRDA:165,26,2,0
BRDA:170,27,0,0
BRDA:170,27,1,0
BRDA:172,28,0,0
BRDA:172,28,1,0
BRDA:179,29,0,0
BRDA:179,29,1,0
BRDA:180,30,0,0
BRDA:180,30,1,0
BRDA:183,31,0,0
BRDA:183,31,1,0
BRDA:184,32,0,0
BRDA:184,32,1,0
BRDA:189,33,0,0
BRDA:189,33,1,0
BRDA:189,34,0,0
BRDA:189,34,1,0
BRDA:192,35,0,0
BRDA:192,35,1,0
BRDA:196,36,0,0
BRDA:196,36,1,0
BRDA:204,37,0,0
BRDA:204,37,1,0
BRDA:205,38,0,0
BRDA:205,38,1,0
BRDA:205,38,2,0
BRDA:208,39,0,0
BRDA:208,39,1,0
BRDA:209,40,0,0
BRDA:209,40,1,0
BRDA:210,41,0,0
BRDA:210,41,1,0
BRDA:211,42,0,0
BRDA:211,42,1,0
BRDA:212,43,0,0
BRDA:212,43,1,0
BRDA:213,44,0,0
BRDA:213,44,1,0
BRDA:213,45,0,0
BRDA:213,45,1,0
BRDA:213,46,0,0
BRDA:213,46,1,0
BRDA:230,47,0,0
BRDA:230,47,1,0
BRDA:231,48,0,0
BRDA:231,48,1,0
BRDA:244,49,0,0
BRDA:244,49,1,0
BRDA:247,50,0,0
BRDA:247,50,1,0
BRDA:247,51,0,0
BRDA:247,51,1,0
BRDA:248,52,0,0
BRDA:248,52,1,0
BRDA:249,53,0,0
BRDA:249,53,1,0
BRDA:249,54,0,0
BRDA:249,54,1,0
BRDA:255,55,0,0
BRDA:255,55,1,0
BRDA:261,56,0,0
BRDA:261,56,1,0
BRDA:263,57,0,0
BRDA:263,57,1,0
BRDA:264,58,0,0
BRDA:264,58,1,0
BRDA:277,59,0,0
BRDA:277,59,1,0
BRDA:278,60,0,0
BRDA:278,60,1,0
BRDA:290,61,0,0
BRDA:290,61,1,0
BRDA:306,62,0,0
BRDA:306,62,1,0
BRDA:324,63,0,0
BRDA:324,63,1,0
BRDA:325,64,0,0
BRDA:325,64,1,0
BRDA:337,65,0,0
BRDA:337,65,1,0
BRDA:367,66,0,0
BRDA:367,66,1,0
BRDA:381,67,0,0
BRDA:381,67,1,0
BRDA:382,68,0,0
BRDA:382,68,1,0
BRDA:384,69,0,0
BRDA:384,69,1,0
BRDA:401,70,0,0
BRDA:401,70,1,0
BRDA:402,71,0,0
BRDA:402,71,1,0
BRDA:403,72,0,0
BRDA:403,72,1,0
BRDA:405,73,0,0
BRDA:405,73,1,0
BRDA:407,74,0,0
BRDA:407,74,1,0
BRDA:409,75,0,0
BRDA:409,75,1,0
BRDA:417,76,0,0
BRDA:417,76,1,0
BRDA:419,77,0,0
BRDA:419,77,1,0
BRDA:452,78,0,0
BRDA:452,78,1,0
BRDA:454,79,0,0
BRDA:454,79,1,0
BRDA:458,80,0,0
BRDA:458,80,1,0
BRDA:464,81,0,0
BRDA:464,81,1,0
BRDA:473,82,0,0
BRDA:473,82,1,0
BRDA:475,83,0,0
BRDA:475,83,1,0
BRDA:483,84,0,0
BRDA:483,84,1,0
BRDA:484,85,0,0
BRDA:484,85,1,0
BRDA:491,86,0,0
BRDA:491,86,1,0
BRDA:519,87,0,0
BRDA:519,87,1,0
BRDA:522,88,0,0
BRDA:522,88,1,0
BRDA:530,89,0,0
BRDA:530,89,1,0
BRDA:530,90,0,0
BRDA:530,90,1,0
BRDA:534,91,0,0
BRDA:534,91,1,0
BRDA:534,92,0,0
BRDA:534,92,1,0
BRDA:555,93,0,0
BRDA:555,93,1,0
BRDA:558,94,0,0
BRDA:558,94,1,0
BRDA:566,95,0,0
BRDA:566,95,1,0
BRDA:566,96,0,0
BRDA:566,96,1,0
BRDA:570,97,0,0
BRDA:570,97,1,0
BRDA:570,98,0,0
BRDA:570,98,1,0
BRDA:585,99,0,0
BRDA:585,99,1,0
BRDA:589,100,0,0
BRDA:589,100,1,0
BRDA:592,101,0,0
BRDA:592,101,1,0
BRDA:597,102,0,0
BRDA:597,102,1,0
BRDA:598,103,0,0
BRDA:598,103,1,0
BRDA:599,104,0,0
BRDA:599,104,1,0
BRDA:607,105,0,0
BRDA:607,105,1,0
BRDA:609,106,0,0
BRDA:609,106,1,0
BRDA:609,107,0,0
BRDA:609,107,1,0
BRDA:613,108,0,0
BRDA:613,108,1,0
BRDA:626,109,0,0
BRDA:626,109,1,0
BRDA:627,110,0,0
BRDA:627,110,1,0
BRDA:628,111,0,0
BRDA:628,111,1,0
BRDA:654,112,0,0
BRDA:654,112,1,0
BRDA:655,113,0,0
BRDA:655,113,1,0
BRDA:656,114,0,0
BRDA:656,114,1,0
BRDA:689,115,0,0
BRDA:689,115,1,0
BRDA:690,116,0,0
BRDA:690,116,1,0
BRDA:693,117,0,0
BRDA:693,117,1,0
BRDA:694,118,0,0
BRDA:694,118,1,0
BRDA:695,119,0,0
BRDA:695,119,1,0
BRDA:700,120,0,0
BRDA:700,120,1,0
BRDA:709,121,0,0
BRDA:709,121,1,0
BRDA:718,122,0,0
BRDA:718,122,1,0
BRDA:720,123,0,0
BRDA:720,123,1,0
BRDA:727,124,0,0
BRDA:727,124,1,0
BRDA:738,125,0,0
BRDA:738,125,1,0
BRDA:750,126,0,0
BRDA:750,126,1,0
BRDA:751,127,0,0
BRDA:751,127,1,0
BRDA:770,128,0,0
BRDA:770,128,1,0
BRDA:805,129,0,0
BRDA:805,129,1,0
BRDA:813,130,0,0
BRDA:813,130,1,0
BRDA:813,131,0,0
BRDA:813,131,1,0
BRDA:831,132,0,0
BRDA:831,132,1,0
BRDA:833,133,0,0
BRDA:833,134,0,0
BRDA:833,135,0,0
BRDA:836,136,0,0
BRDA:836,136,1,0
BRDA:843,137,0,0
BRDA:843,137,1,0
BRDA:850,138,0,0
BRDA:850,138,1,0
BRDA:856,139,0,0
BRDA:856,139,1,0
BRDA:863,140,0,0
BRDA:863,140,1,0
BRDA:864,141,0,0
BRDA:864,141,1,0
BRDA:867,142,0,0
BRDA:867,142,1,0
BRDA:868,143,0,0
BRDA:868,143,1,0
BRDA:869,144,0,0
BRDA:869,144,1,0
BRDA:870,145,0,0
BRDA:870,145,1,0
BRDA:871,146,0,0
BRDA:871,146,1,0
BRDA:872,147,0,0
BRDA:872,147,1,0
BRDA:872,148,0,0
BRDA:872,148,1,0
BRDA:872,149,0,0
BRDA:872,149,1,0
BRDA:884,150,0,0
BRDA:884,150,1,0
BRDA:884,151,0,0
BRDA:884,151,1,0
BRDA:888,152,0,0
BRDA:888,152,1,0
BRDA:900,153,0,0
BRDA:900,153,1,0
BRDA:903,154,0,0
BRDA:903,154,1,0
BRDA:905,155,0,0
BRDA:905,155,1,0
BRDA:908,156,0,0
BRDA:908,156,1,0
BRF:310
BRH:0
end_of_record
TN:
SF:src\controllers\virtualRoomController.js
FN:4,generateUniqueRoomSlug
FN:15,buildInternalRoomLink
FN:20,(anonymous_2)
FN:70,(anonymous_3)
FN:99,(anonymous_4)
FN:125,(anonymous_5)
FNF:6
FNH:0
FNDA:0,generateUniqueRoomSlug
FNDA:0,buildInternalRoomLink
FNDA:0,(anonymous_2)
FNDA:0,(anonymous_3)
FNDA:0,(anonymous_4)
FNDA:0,(anonymous_5)
DA:1,11
DA:2,11
DA:6,0
DA:7,0
DA:9,0
DA:10,0
DA:12,0
DA:16,0
DA:20,11
DA:21,0
DA:23,0
DA:25,0
DA:26,0
DA:29,0
DA:30,0
DA:34,0
DA:39,0
DA:40,0
DA:46,0
DA:48,0
DA:57,0
DA:62,0
DA:70,11
DA:71,0
DA:73,0
DA:75,0
DA:76,0
DA:79,0
DA:82,0
DA:83,0
DA:86,0
DA:91,0
DA:99,11
DA:100,0
DA:101,0
DA:103,0
DA:104,0
DA:105,0
DA:108,0
DA:112,0
DA:117,0
DA:125,11
DA:126,0
DA:127,0
DA:128,0
DA:130,0
DA:131,0
DA:132,0
DA:137,0
DA:138,0
DA:139,0
DA:142,0
DA:143,0
DA:145,0
DA:146,0
DA:150,0
DA:151,0
DA:152,0
DA:154,0
DA:157,0
DA:159,0
DA:164,0
LF:62
LH:6
BRDA:10,0,0,0
BRDA:10,0,1,0
BRDA:23,1,0,0
BRDA:23,1,1,0
BRDA:23,1,2,0
BRDA:25,2,0,0
BRDA:25,2,1,0
BRDA:29,3,0,0
BRDA:29,3,1,0
BRDA:39,4,0,0
BRDA:39,4,1,0
BRDA:46,5,0,0
BRDA:46,5,1,0
BRDA:73,6,0,0
BRDA:73,6,1,0
BRDA:73,6,2,0
BRDA:75,7,0,0
BRDA:75,7,1,0
BRDA:82,8,0,0
BRDA:82,8,1,0
BRDA:104,9,0,0
BRDA:104,9,1,0
BRDA:131,10,0,0
BRDA:131,10,1,0
BRDA:131,11,0,0
BRDA:131,11,1,0
BRDA:138,12,0,0
BRDA:138,12,1,0
BRDA:142,13,0,0
BRDA:142,13,1,0
BRDA:145,14,0,0
BRDA:145,14,1,0
BRDA:150,15,0,0
BRDA:150,15,1,0
BRDA:151,16,0,0
BRDA:151,16,1,0
BRF:36
BRH:0
end_of_record
TN:
SF:src\controllers\webauthnController.js
FN:21,(anonymous_0)
FN:37,(anonymous_1)
FN:58,(anonymous_2)
FN:100,(anonymous_3)
FN:108,(anonymous_4)
FN:129,(anonymous_5)
FN:138,(anonymous_6)
FNF:7
FNH:4
FNDA:3,(anonymous_0)
FNDA:0,(anonymous_1)
FNDA:3,(anonymous_2)
FNDA:4,(anonymous_3)
FNDA:0,(anonymous_4)
FNDA:3,(anonymous_5)
FNDA:0,(anonymous_6)
DA:6,11
DA:7,11
DA:8,11
DA:9,11
DA:12,11
DA:14,11
DA:16,11
DA:21,11
DA:22,3
DA:23,3
DA:24,2
DA:26,1
DA:37,0
DA:45,1
DA:46,1
DA:48,1
DA:50,1
DA:51,1
DA:58,11
DA:59,3
DA:60,3
DA:61,2
DA:63,1
DA:65,1
DA:72,1
DA:73,1
DA:74,1
DA:77,1
DA:84,1
DA:85,1
DA:87,1
DA:89,0
DA:92,1
DA:93,1
DA:100,11
DA:101,4
DA:102,4
DA:103,4
DA:104,3
DA:106,1
DA:108,0
DA:116,1
DA:117,1
DA:119,1
DA:121,1
DA:122,1
DA:129,11
DA:130,3
DA:131,3
DA:132,3
DA:133,3
DA:135,2
DA:137,2
DA:138,0
DA:141,2
DA:142,2
DA:145,0
DA:157,0
DA:159,0
DA:160,0
DA:161,0
DA:164,0
DA:170,0
DA:177,0
DA:180,0
DA:181,0
LF:66
LH:52
BRDA:24,0,0,1
BRDA:24,0,1,1
BRDA:61,1,0,1
BRDA:61,1,1,1
BRDA:72,2,0,1
BRDA:72,2,1,0
BRDA:104,3,0,2
BRDA:104,3,1,1
BRDA:133,4,0,1
BRDA:133,4,1,2
BRDA:141,5,0,2
BRDA:141,5,1,0
BRDA:157,6,0,0
BRDA:157,6,1,0
BRDA:165,7,0,0
BRDA:165,7,1,0
BRF:16
BRH:10
end_of_record
TN:
SF:src\middlewares\activityLogger.js
FN:5,(anonymous_0)
FN:29,(anonymous_1)
FNF:2
FNH:2
FNDA:192,(anonymous_0)
FNDA:192,(anonymous_1)
DA:1,11
DA:2,11
DA:3,11
DA:5,11
DA:7,192
DA:8,0
DA:12,192
DA:13,122
DA:14,122
DA:15,122
DA:16,120
DA:22,192
DA:23,192
DA:24,192
DA:27,192
DA:29,192
DA:30,192
DA:34,192
DA:47,192
DA:49,4
DA:53,192
DA:56,11
LF:22
LH:21
BRDA:7,0,0,0
BRDA:7,0,1,192
BRDA:12,1,0,122
BRDA:12,1,1,70
BRDA:12,2,0,192
BRDA:12,2,1,192
BRDA:12,2,2,122
BRDA:27,3,0,192
BRDA:27,3,1,192
BRDA:35,4,0,120
BRDA:35,4,1,72
BRDA:35,5,0,120
BRDA:35,5,1,0
BRDA:38,6,0,192
BRDA:38,6,1,0
BRDA:39,7,0,192
BRDA:39,7,1,192
BRDA:40,8,0,192
BRDA:40,8,1,192
BRDA:41,9,0,192
BRDA:41,9,1,192
BRDA:42,10,0,192
BRDA:42,10,1,192
BRDA:43,11,0,192
BRDA:43,11,1,192
BRDA:43,11,2,192
BRF:26
BRH:23
end_of_record
TN:
SF:src\middlewares\authMiddleware.js
FN:3,(anonymous_0)
FNF:1
FNH:1
FNDA:142,(anonymous_0)
DA:1,11
DA:3,11
DA:4,142
DA:6,142
DA:7,25
DA:10,117
DA:12,117
DA:13,117
DA:16,115
DA:18,115
DA:22,115
DA:28,115
DA:37,115
DA:39,2
DA:40,2
DA:41,0
DA:43,2
LF:17
LH:16
BRDA:6,0,0,25
BRDA:6,0,1,117
BRDA:18,1,0,115
BRDA:18,1,1,0
BRDA:18,2,0,115
BRDA:18,2,1,115
BRDA:40,3,0,0
BRDA:40,3,1,2
BRDA:40,4,0,2
BRDA:40,4,1,2
BRF:10
BRH:8
end_of_record
TN:
SF:src\middlewares\battleUploadMiddleware.js
FN:11,(anonymous_0)
FN:14,(anonymous_1)
FN:33,(anonymous_2)
FNF:3
FNH:0
FNDA:0,(anonymous_0)
FNDA:0,(anonymous_1)
FNDA:0,(anonymous_2)
DA:1,11
DA:2,11
DA:3,11
DA:5,11
DA:6,11
DA:7,1
DA:10,11
DA:12,0
DA:15,0
DA:16,0
DA:17,0
DA:18,0
DA:19,0
DA:23,11
DA:33,11
DA:34,0
DA:35,0
DA:37,0
DA:41,11
LF:19
LH:10
BRDA:6,0,0,1
BRDA:6,0,1,10
BRDA:16,1,0,0
BRDA:16,1,1,0
BRDA:34,2,0,0
BRDA:34,2,1,0
BRF:6
BRH:2
end_of_record
TN:
SF:src\middlewares\roleMiddleware.js
FN:1,(anonymous_0)
FN:2,(anonymous_1)
FN:8,(anonymous_2)
FNF:3
FNH:3
FNDA:231,(anonymous_0)
FNDA:82,(anonymous_1)
FNDA:130,(anonymous_2)
DA:1,11
DA:2,231
DA:3,82
DA:4,0
DA:7,82
DA:8,130
DA:10,82
DA:11,10
DA:17,72
LF:9
LH:8
BRDA:3,0,0,0
BRDA:3,0,1,82
BRDA:7,1,0,82
BRDA:7,1,1,0
BRDA:10,2,0,10
BRDA:10,2,1,72
BRDA:10,3,0,82
BRDA:10,3,1,82
BRDA:13,4,0,10
BRDA:13,4,1,0
BRF:10
BRH:7
end_of_record
TN:
SF:src\middlewares\uploadMiddleware.js
FN:13,(anonymous_0)
FN:16,(anonymous_1)
FN:27,(anonymous_2)
FNF:3
FNH:3
FNDA:1,(anonymous_0)
FNDA:1,(anonymous_1)
FNDA:1,(anonymous_2)
DA:1,16
DA:2,16
DA:3,16
DA:6,16
DA:7,16
DA:8,5
DA:12,16
DA:14,1
DA:18,1
DA:19,1
DA:20,1
DA:21,1
DA:22,1
DA:27,16
DA:28,1
DA:36,1
DA:37,1
DA:39,0
DA:44,16
DA:52,16
LF:20
LH:19
BRDA:7,0,0,5
BRDA:7,0,1,11
BRDA:19,1,0,1
BRDA:19,1,1,0
BRDA:36,2,0,1
BRDA:36,2,1,0
BRF:6
BRH:4
end_of_record
TN:
SF:src\models\Activity.js
FNF:0
FNH:0
DA:1,11
DA:3,11
DA:47,11
DA:49,11
LF:4
LH:4
BRF:0
BRH:0
end_of_record
TN:
SF:src\models\BattleChallenge.js
FNF:0
FNH:0
DA:1,1
DA:3,1
DA:19,1
LF:3
LH:3
BRF:0
BRH:0
end_of_record
TN:
SF:src\models\BattleRoom.js
FNF:0
FNH:0
DA:1,11
DA:3,11
DA:101,11
DA:102,11
DA:103,11
DA:105,11
LF:6
LH:6
BRF:0
BRH:0
end_of_record
TN:
SF:src\models\BattleSubmission.js
FNF:0
FNH:0
DA:1,11
DA:3,11
DA:95,11
DA:97,11
LF:4
LH:4
BRF:0
BRH:0
end_of_record
TN:
SF:src\models\Challenge.js
FNF:0
FNH:0
DA:1,13
DA:3,13
DA:14,13
DA:69,13
DA:70,13
DA:72,13
LF:6
LH:6
BRF:0
BRH:0
end_of_record
TN:
SF:src\models\Match.js
FNF:0
FNH:0
DA:1,11
DA:3,11
DA:42,11
LF:3
LH:3
BRF:0
BRH:0
end_of_record
TN:
SF:src\models\RoleRequest.js
FNF:0
FNH:0
DA:1,11
DA:3,11
DA:62,11
DA:63,11
DA:65,11
LF:5
LH:5
BRF:0
BRH:0
end_of_record
TN:
SF:src\models\Stage.js
FN:49,normalizeLevelOrder
FNF:1
FNH:1
FNDA:126,normalizeLevelOrder
DA:1,13
DA:3,13
DA:49,13
DA:50,126
DA:51,66
DA:53,126
DA:54,0
DA:58,13
DA:59,13
DA:61,13
LF:10
LH:9
BRDA:50,0,0,66
BRDA:50,0,1,60
BRDA:50,1,0,126
BRDA:50,1,1,60
BRDA:50,1,2,66
BRDA:53,2,0,0
BRDA:53,2,1,126
BRDA:53,3,0,126
BRDA:53,3,1,126
BRDA:53,3,2,0
BRF:10
BRH:8
end_of_record
TN:
SF:src\models\User.js
FNF:0
FNH:0
DA:1,14
DA:3,14
DA:148,14
DA:149,14
DA:151,14
LF:5
LH:5
BRF:0
BRH:0
end_of_record
TN:
SF:src\models\UserStageProgress.js
FNF:0
FNH:0
DA:1,11
DA:3,11
DA:62,11
DA:64,11
LF:4
LH:4
BRF:0
BRH:0
end_of_record
TN:
SF:src\models\VirtualRoomRequest.js
FNF:0
FNH:0
DA:1,11
DA:3,11
DA:42,11
LF:3
LH:3
BRF:0
BRH:0
end_of_record
TN:
SF:src\routes\activityRoutes.js
FNF:0
FNH:0
DA:1,11
DA:2,11
DA:3,11
DA:4,11
DA:5,11
DA:8,11
DA:11,11
DA:12,11
DA:13,11
DA:15,11
LF:10
LH:10
BRF:0
BRH:0
end_of_record
TN:
SF:src\routes\authRoutes.js
FN:153,(anonymous_0)
FNF:1
FNH:1
FNDA:1,(anonymous_0)
DA:1,11
DA:2,11
DA:26,11
DA:33,11
DA:38,11
DA:40,11
DA:41,11
DA:48,11
DA:51,11
DA:54,11
DA:55,11
DA:58,11
DA:61,11
DA:64,11
DA:67,11
DA:70,11
DA:71,11
DA:79,11
DA:82,11
DA:85,11
DA:88,11
DA:91,11
DA:92,11
DA:93,11
DA:96,11
DA:97,11
DA:100,11
DA:101,11
DA:109,11
DA:117,11
DA:125,11
DA:133,11
DA:141,11
DA:153,11
DA:155,1
DA:159,11
LF:36
LH:36
BRF:0
BRH:0
end_of_record
TN:
SF:src\routes\battleRoomRoutes.js
FNF:0
FNH:0
DA:1,11
DA:2,11
DA:3,11
DA:4,11
DA:5,11
DA:23,11
DA:27,11
DA:28,11
DA:30,11
DA:31,11
DA:32,11
DA:33,11
DA:34,11
DA:35,11
DA:36,11
DA:37,11
DA:39,11
DA:40,11
DA:41,11
DA:42,11
DA:43,11
DA:44,11
DA:46,11
DA:47,11
DA:49,11
LF:25
LH:25
BRF:0
BRH:0
end_of_record
TN:
SF:src\routes\challengeRoutes.js
FNF:0
FNH:0
DA:1,11
DA:2,11
DA:3,11
DA:4,11
DA:5,11
DA:7,11
DA:9,11
DA:10,11
DA:11,11
DA:12,11
DA:13,11
DA:14,11
DA:16,11
LF:13
LH:13
BRF:0
BRH:0
end_of_record
TN:
SF:src\routes\dashboardRoutes.js
FNF:0
FNH:0
DA:1,11
DA:2,11
DA:3,11
DA:4,11
DA:5,11
DA:8,11
DA:11,11
DA:13,11
LF:8
LH:8
BRF:0
BRH:0
end_of_record
TN:
SF:src\routes\googleAuthRoutes.js
FN:21,(anonymous_0)
FN:66,(anonymous_1)
FNF:2
FNH:0
FNDA:0,(anonymous_0)
FNDA:0,(anonymous_1)
DA:1,11
DA:2,11
DA:3,11
DA:4,11
DA:5,11
DA:6,11
DA:7,11
DA:8,11
DA:11,11
DA:16,11
DA:22,0
DA:25,0
DA:27,0
DA:30,0
DA:31,0
DA:32,0
DA:33,0
DA:34,0
DA:35,0
DA:38,0
DA:47,0
DA:48,0
DA:49,0
DA:50,0
DA:52,0
DA:54,0
DA:66,0
DA:68,0
DA:72,0
DA:78,0
DA:84,0
DA:85,0
DA:89,0
DA:96,0
DA:102,11
LF:35
LH:11
BRDA:25,0,0,0
BRDA:25,0,1,0
BRDA:73,1,0,0
BRDA:73,1,1,0
BRDA:84,2,0,0
BRDA:84,2,1,0
BRDA:90,3,0,0
BRDA:90,3,1,0
BRF:8
BRH:0
end_of_record
TN:
SF:src\routes\matchRoutes.js
FNF:0
FNH:0
DA:1,11
DA:2,11
DA:3,11
DA:4,11
DA:6,11
DA:7,11
DA:9,11
LF:7
LH:7
BRF:0
BRH:0
end_of_record
TN:
SF:src\routes\roleRequestRoutes.js
FNF:0
FNH:0
DA:1,11
DA:2,11
DA:12,11
DA:14,11
DA:15,11
DA:16,11
DA:23,11
DA:26,11
DA:29,11
DA:37,11
DA:40,11
DA:43,11
DA:46,11
DA:49,11
LF:14
LH:14
BRF:0
BRH:0
end_of_record
TN:
SF:src\routes\stageRoutes.js
FNF:0
FNH:0
DA:1,11
DA:2,11
DA:3,11
DA:4,11
DA:5,11
DA:7,11
DA:8,11
DA:10,11
DA:11,11
DA:13,11
DA:14,11
DA:15,11
DA:16,11
DA:17,11
DA:18,11
DA:19,11
DA:21,11
DA:22,11
DA:23,11
DA:24,11
DA:25,11
DA:27,11
DA:28,11
DA:30,11
LF:24
LH:24
BRF:0
BRH:0
end_of_record
TN:
SF:src\routes\virtualRoomRoutes.js
FNF:0
FNH:0
DA:1,11
DA:2,11
DA:4,11
DA:5,11
DA:12,11
DA:15,11
DA:22,11
DA:30,11
DA:37,11
DA:44,11
LF:10
LH:10
BRF:0
BRH:0
end_of_record
TN:
SF:src\services\aiAnalysisService.js
FN:8,(anonymous_0)
FN:18,(anonymous_1)
FN:80,(anonymous_2)
FN:84,(anonymous_3)
FN:88,(anonymous_4)
FN:113,(anonymous_5)
FN:114,(anonymous_6)
FN:115,(anonymous_7)
FNF:8
FNH:8
FNDA:12,(anonymous_0)
FNDA:6,(anonymous_1)
FNDA:7,(anonymous_2)
FNDA:6,(anonymous_3)
FNDA:3,(anonymous_4)
FNDA:1,(anonymous_5)
FNDA:1,(anonymous_6)
FNDA:1,(anonymous_7)
DA:1,12
DA:9,12
DA:10,12
DA:11,12
DA:19,6
DA:21,1
DA:64,1
DA:65,1
DA:66,1
DA:75,0
DA:76,0
DA:81,7
DA:85,6
DA:89,3
DA:90,3
DA:105,3
DA:107,2
DA:108,2
DA:113,1
DA:114,1
DA:115,1
DA:118,12
LF:22
LH:20
BRDA:10,0,0,12
BRDA:10,0,1,10
BRDA:19,1,0,5
BRDA:19,1,1,1
BRDA:67,2,0,1
BRDA:67,2,1,0
BRDA:68,3,0,1
BRDA:68,3,1,0
BRDA:69,4,0,1
BRDA:69,4,1,0
BRDA:70,5,0,1
BRDA:70,5,1,0
BRDA:71,6,0,1
BRDA:71,6,1,0
BRDA:72,7,0,1
BRDA:72,7,1,0
BRDA:107,8,0,2
BRDA:107,8,1,2
BRF:18
BRH:12
end_of_record
TN:
SF:src\services\aiExerciseService.js
FN:6,getModel
FN:10,normalizeLocale
FN:17,normalizeDifficulty
FN:23,normalizeLanguage
FN:28,isTrivialAssertion
FN:40,validateRunnableExercise
FN:76,parseJsonContent
FN:98,(anonymous_7)
FN:103,validateProfessionalDescription
FN:145,sleep
FN:146,(anonymous_10)
FN:150,parseOpenAiResetRequestsMs
FN:171,enqueueOpenAiTask
FN:172,(anonymous_13)
FN:173,(anonymous_14)
FN:178,getOpenAiRetryDelayMs
FN:196,mapOpenAiHttpError
FN:234,mapExercise
FN:242,(anonymous_18)
FN:263,callOpenAiJson
FN:274,(anonymous_20)
FN:301,(anonymous_21)
FN:362,devStubExercises
FN:365,(anonymous_23)
FN:392,generateExercises
FN:488,(anonymous_25)
FN:529,httpStatusForAiError
FNF:27
FNH:18
FNDA:22,getModel
FNDA:22,normalizeLocale
FNDA:42,normalizeDifficulty
FNDA:37,normalizeLanguage
FNDA:0,isTrivialAssertion
FNDA:0,validateRunnableExercise
FNDA:0,parseJsonContent
FNDA:0,(anonymous_7)
FNDA:0,validateProfessionalDescription
FNDA:23,sleep
FNDA:23,(anonymous_10)
FNDA:2,parseOpenAiResetRequestsMs
FNDA:20,enqueueOpenAiTask
FNDA:20,(anonymous_13)
FNDA:20,(anonymous_14)
FNDA:2,getOpenAiRetryDelayMs
FNDA:18,mapOpenAiHttpError
FNDA:0,mapExercise
FNDA:0,(anonymous_18)
FNDA:20,callOpenAiJson
FNDA:20,(anonymous_20)
FNDA:0,(anonymous_21)
FNDA:1,devStubExercises
FNDA:2,(anonymous_23)
FNDA:27,generateExercises
FNDA:0,(anonymous_25)
FNDA:15,httpStatusForAiError
DA:1,9
DA:2,9
DA:4,9
DA:7,22
DA:11,22
DA:12,22
DA:13,21
DA:14,20
DA:18,42
DA:19,42
DA:20,2
DA:24,37
DA:25,37
DA:29,0
DA:30,0
DA:31,0
DA:32,0
DA:33,0
DA:34,0
DA:41,0
DA:42,0
DA:43,0
DA:44,0
DA:45,0
DA:47,0
DA:48,0
DA:49,0
DA:51,0
DA:52,0
DA:53,0
DA:54,0
DA:56,0
DA:57,0
DA:59,0
DA:61,0
DA:62,0
DA:63,0
DA:64,0
DA:66,0
DA:67,0
DA:68,0
DA:71,0
DA:72,0
DA:77,0
DA:79,0
DA:80,0
DA:83,0
DA:84,0
DA:85,0
DA:86,0
DA:87,0
DA:88,0
DA:89,0
DA:90,0
DA:91,0
DA:93,0
DA:94,0
DA:96,0
DA:97,0
DA:98,0
DA:99,0
DA:100,0
DA:104,0
DA:105,0
DA:106,0
DA:107,0
DA:108,0
DA:110,0
DA:111,0
DA:112,0
DA:113,0
DA:117,0
DA:118,0
DA:119,0
DA:120,0
DA:122,0
DA:123,0
DA:124,0
DA:125,0
DA:129,0
DA:130,0
DA:131,0
DA:132,0
DA:134,0
DA:135,0
DA:136,0
DA:138,0
DA:139,0
DA:140,0
DA:141,0
DA:146,23
DA:151,2
DA:153,2
DA:156,2
DA:157,0
DA:158,0
DA:159,0
DA:160,0
DA:161,0
DA:162,0
DA:163,0
DA:164,0
DA:168,9
DA:169,9
DA:172,20
DA:173,20
DA:174,20
DA:179,2
DA:180,2
DA:181,2
DA:183,2
DA:184,2
DA:185,0
DA:186,0
DA:187,0
DA:190,2
DA:191,2
DA:192,2
DA:193,2
DA:197,18
DA:198,18
DA:200,18
DA:201,1
DA:204,1
DA:205,1
DA:206,1
DA:207,1
DA:208,1
DA:210,17
DA:211,0
DA:212,0
DA:213,0
DA:214,0
DA:216,17
DA:217,0
DA:218,0
DA:219,0
DA:220,0
DA:222,17
DA:223,2
DA:224,2
DA:225,2
DA:226,2
DA:228,15
DA:229,15
DA:230,15
DA:231,15
DA:235,0
DA:236,0
DA:237,0
DA:238,0
DA:239,0
DA:240,0
DA:241,0
DA:242,0
DA:247,0
DA:248,0
DA:249,0
DA:251,0
DA:264,20
DA:265,20
DA:266,0
DA:267,0
DA:268,0
DA:271,20
DA:272,20
DA:274,20
DA:275,20
DA:277,20
DA:278,22
DA:279,22
DA:280,22
DA:282,22
DA:283,22
DA:301,0
DA:305,18
DA:307,18
DA:308,0
DA:309,0
DA:310,0
DA:312,0
DA:313,0
DA:314,0
DA:318,15
DA:319,15
DA:321,15
DA:322,15
DA:323,0
DA:324,0
DA:327,0
DA:328,0
DA:331,15
DA:333,22
DA:335,22
DA:337,7
DA:338,4
DA:339,4
DA:340,4
DA:343,3
DA:344,3
DA:345,3
DA:346,3
DA:347,2
DA:348,2
DA:351,2
DA:352,2
DA:354,1
DA:358,0
DA:363,1
DA:364,1
DA:365,2
DA:393,27
DA:394,27
DA:395,5
DA:396,5
DA:397,5
DA:400,22
DA:401,22
DA:402,22
DA:403,22
DA:404,0
DA:407,0
DA:408,0
DA:411,22
DA:412,22
DA:415,22
DA:417,22
DA:418,2
DA:419,1
DA:421,1
DA:424,1
DA:425,1
DA:429,20
DA:433,20
DA:461,20
DA:469,20
DA:470,20
DA:472,20
DA:473,20
DA:474,20
DA:475,0
DA:476,0
DA:479,20
DA:485,20
DA:486,0
DA:488,0
DA:489,0
DA:492,0
DA:493,0
DA:494,0
DA:496,0
DA:498,20
DA:499,20
DA:511,20
DA:512,20
DA:514,0
DA:515,0
DA:516,0
DA:517,0
DA:518,0
DA:523,0
DA:524,0
DA:525,0
DA:530,15
DA:531,15
DA:532,11
DA:533,11
DA:534,10
DA:535,8
DA:536,7
DA:537,6
DA:538,5
DA:539,5
DA:542,9
LF:274
LH:131
BRDA:7,0,0,22
BRDA:7,0,1,0
BRDA:11,1,0,22
BRDA:11,1,1,20
BRDA:12,2,0,1
BRDA:12,2,1,21
BRDA:13,3,0,1
BRDA:13,3,1,20
BRDA:18,4,0,42
BRDA:18,4,1,24
BRDA:19,5,0,40
BRDA:19,5,1,2
BRDA:24,6,0,37
BRDA:24,6,1,13
BRDA:25,7,0,2
BRDA:25,7,1,35
BRDA:29,8,0,0
BRDA:29,8,1,0
BRDA:30,9,0,0
BRDA:30,9,1,0
BRDA:32,10,0,0
BRDA:32,10,1,0
BRDA:32,11,0,0
BRDA:32,11,1,0
BRDA:32,11,2,0
BRDA:33,12,0,0
BRDA:33,12,1,0
BRDA:33,13,0,0
BRDA:33,13,1,0
BRDA:41,14,0,0
BRDA:41,14,1,0
BRDA:42,15,0,0
BRDA:42,15,1,0
BRDA:49,16,0,0
BRDA:49,16,1,0
BRDA:51,17,0,0
BRDA:51,17,1,0
BRDA:56,18,0,0
BRDA:56,18,1,0
BRDA:59,19,0,0
BRDA:59,19,1,0
BRDA:61,20,0,0
BRDA:61,20,1,0
BRDA:61,21,0,0
BRDA:61,21,1,0
BRDA:67,22,0,0
BRDA:67,22,1,0
BRDA:77,23,0,0
BRDA:77,23,1,0
BRDA:88,24,0,0
BRDA:88,24,1,0
BRDA:88,25,0,0
BRDA:88,25,1,0
BRDA:90,26,0,0
BRDA:90,26,1,0
BRDA:90,27,0,0
BRDA:90,27,1,0
BRDA:93,28,0,0
BRDA:93,28,1,0
BRDA:96,29,0,0
BRDA:96,29,1,0
BRDA:96,30,0,0
BRDA:96,30,1,0
BRDA:97,31,0,0
BRDA:97,31,1,0
BRDA:99,32,0,0
BRDA:99,32,1,0
BRDA:104,33,0,0
BRDA:104,33,1,0
BRDA:105,34,0,0
BRDA:105,34,1,0
BRDA:110,35,0,0
BRDA:110,35,1,0
BRDA:117,36,0,0
BRDA:117,36,1,0
BRDA:117,37,0,0
BRDA:117,37,1,0
BRDA:122,38,0,0
BRDA:122,38,1,0
BRDA:130,39,0,0
BRDA:130,39,1,0
BRDA:131,40,0,0
BRDA:131,40,1,0
BRDA:132,41,0,0
BRDA:132,41,1,0
BRDA:134,42,0,0
BRDA:134,42,1,0
BRDA:138,43,0,0
BRDA:138,43,1,0
BRDA:138,44,0,0
BRDA:138,44,1,0
BRDA:138,44,2,0
BRDA:151,45,0,0
BRDA:151,45,1,2
BRDA:153,46,0,2
BRDA:153,46,1,2
BRDA:153,46,2,2
BRDA:156,47,0,2
BRDA:156,47,1,0
BRDA:160,48,0,0
BRDA:160,48,1,0
BRDA:162,49,0,0
BRDA:162,49,1,0
BRDA:163,50,0,0
BRDA:163,50,1,0
BRDA:163,51,0,0
BRDA:163,51,1,0
BRDA:181,52,0,0
BRDA:181,52,1,2
BRDA:183,53,0,2
BRDA:183,53,1,2
BRDA:183,53,2,2
BRDA:184,54,0,0
BRDA:184,54,1,2
BRDA:186,55,0,0
BRDA:186,55,1,0
BRDA:186,56,0,0
BRDA:186,56,1,0
BRDA:191,57,0,1
BRDA:191,57,1,1
BRDA:198,58,0,18
BRDA:198,58,1,18
BRDA:200,59,0,1
BRDA:200,59,1,17
BRDA:210,60,0,0
BRDA:210,60,1,17
BRDA:216,61,0,0
BRDA:216,61,1,17
BRDA:216,62,0,17
BRDA:216,62,1,17
BRDA:217,63,0,0
BRDA:217,63,1,0
BRDA:222,64,0,2
BRDA:222,64,1,15
BRDA:223,65,0,2
BRDA:223,65,1,0
BRDA:228,66,0,15
BRDA:228,66,1,15
BRDA:228,66,2,15
BRDA:235,67,0,0
BRDA:235,67,1,0
BRDA:236,68,0,0
BRDA:236,68,1,0
BRDA:237,69,0,0
BRDA:237,69,1,0
BRDA:238,70,0,0
BRDA:238,70,1,0
BRDA:239,71,0,0
BRDA:239,71,1,0
BRDA:240,72,0,0
BRDA:240,72,1,0
BRDA:241,73,0,0
BRDA:241,73,1,0
BRDA:243,74,0,0
BRDA:243,74,1,0
BRDA:244,75,0,0
BRDA:244,75,1,0
BRDA:248,76,0,0
BRDA:248,76,1,0
BRDA:249,77,0,0
BRDA:249,77,1,0
BRDA:249,78,0,0
BRDA:249,78,1,0
BRDA:249,79,0,0
BRDA:249,79,1,0
BRDA:252,80,0,0
BRDA:252,80,1,0
BRDA:265,81,0,0
BRDA:265,81,1,20
BRDA:271,82,0,20
BRDA:271,82,1,20
BRDA:272,83,0,20
BRDA:272,83,1,20
BRDA:280,84,0,21
BRDA:280,84,1,1
BRDA:307,85,0,0
BRDA:307,85,1,15
BRDA:307,86,0,18
BRDA:307,86,1,0
BRDA:308,87,0,0
BRDA:308,87,1,0
BRDA:321,88,0,15
BRDA:321,88,1,15
BRDA:321,88,2,15
BRDA:322,89,0,0
BRDA:322,89,1,15
BRDA:322,90,0,15
BRDA:322,90,1,0
BRDA:335,91,0,15
BRDA:335,91,1,7
BRDA:335,92,0,22
BRDA:335,92,1,15
BRDA:337,93,0,4
BRDA:337,93,1,3
BRDA:338,94,0,4
BRDA:338,94,1,0
BRDA:345,95,0,3
BRDA:345,95,1,2
BRDA:345,95,2,1
BRDA:346,96,0,2
BRDA:346,96,1,1
BRDA:346,97,0,3
BRDA:346,97,1,2
BRDA:358,98,0,0
BRDA:358,98,1,0
BRDA:363,99,0,1
BRDA:363,99,1,0
BRDA:393,100,0,27
BRDA:393,100,1,4
BRDA:394,101,0,5
BRDA:394,101,1,22
BRDA:403,102,0,0
BRDA:403,102,1,22
BRDA:411,103,0,22
BRDA:411,103,1,14
BRDA:412,104,0,3
BRDA:412,104,1,19
BRDA:412,105,0,22
BRDA:412,105,1,19
BRDA:415,106,0,22
BRDA:415,106,1,21
BRDA:417,107,0,2
BRDA:417,107,1,20
BRDA:418,108,0,1
BRDA:418,108,1,1
BRDA:429,109,0,19
BRDA:429,109,1,1
BRDA:450,110,0,19
BRDA:450,110,1,1
BRDA:450,111,0,19
BRDA:450,111,1,1
BRDA:451,112,0,19
BRDA:451,112,1,1
BRDA:451,113,0,19
BRDA:451,113,1,1
BRDA:465,114,0,1
BRDA:465,114,1,19
BRDA:474,115,0,0
BRDA:474,115,1,20
BRDA:475,116,0,0
BRDA:475,116,1,0
BRDA:479,117,0,20
BRDA:479,117,1,0
BRDA:486,118,0,0
BRDA:486,118,1,0
BRDA:486,119,0,0
BRDA:486,119,1,0
BRDA:498,120,0,20
BRDA:498,120,1,0
BRDA:511,121,0,20
BRDA:511,121,1,0
BRDA:511,122,0,20
BRDA:511,122,1,20
BRDA:514,123,0,0
BRDA:514,123,1,0
BRDA:530,124,0,15
BRDA:530,124,1,15
BRDA:531,125,0,4
BRDA:531,125,1,11
BRDA:531,126,0,15
BRDA:531,126,1,4
BRDA:531,126,2,4
BRDA:532,127,0,11
BRDA:532,127,1,11
BRDA:533,128,0,1
BRDA:533,128,1,10
BRDA:534,129,0,2
BRDA:534,129,1,8
BRDA:534,130,0,10
BRDA:534,130,1,9
BRDA:535,131,0,1
BRDA:535,131,1,7
BRDA:536,132,0,1
BRDA:536,132,1,6
BRDA:537,133,0,1
BRDA:537,133,1,5
BRDA:538,134,0,0
BRDA:538,134,1,5
BRF:278
BRH:127
end_of_record
TN:
SF:src\services\aiStageGenerator.js
FN:6,generateChallenges
FNF:1
FNH:1
FNDA:9,generateChallenges
DA:1,11
DA:7,9
DA:16,11
LF:3
LH:3
BRDA:6,0,0,5
BRDA:6,1,0,7
BRDA:6,2,0,7
BRDA:6,3,0,6
BRF:4
BRH:4
end_of_record
TN:
SF:src\services\gamificationService.js
FN:19,(anonymous_0)
FN:53,(anonymous_1)
FN:89,(anonymous_2)
FN:124,(anonymous_3)
FNF:4
FNH:4
FNDA:17,(anonymous_0)
FNDA:33,(anonymous_1)
FNDA:6,(anonymous_2)
FNDA:9,(anonymous_3)
DA:1,11
DA:4,11
DA:19,11
DA:20,17
DA:21,17
DA:23,17
DA:24,112
DA:25,17
DA:26,17
DA:27,17
DA:31,17
DA:32,17
DA:33,74
DA:34,16
DA:35,16
DA:39,17
DA:40,17
DA:41,16
DA:42,16
DA:43,16
DA:44,16
DA:47,17
DA:53,11
DA:54,33
DA:58,33
DA:60,31
DA:61,0
DA:64,31
DA:65,31
DA:68,31
DA:69,31
DA:70,0
DA:71,0
DA:74,31
DA:76,31
DA:77,31
DA:89,11
DA:90,6
DA:91,6
DA:95,6
DA:96,4
DA:97,0
DA:100,4
DA:101,4
DA:102,1
DA:103,1
DA:104,1
DA:105,1
DA:106,1
DA:109,3
DA:110,3
DA:111,3
DA:113,3
DA:114,3
DA:124,11
DA:125,9
DA:129,9
DA:131,7
DA:132,0
DA:136,7
DA:137,7
DA:139,7
DA:141,7
DA:143,7
DA:144,7
DA:153,11
DA:154,11
LF:67
LH:62
BRDA:24,0,0,17
BRDA:24,0,1,95
BRDA:33,1,0,16
BRDA:33,1,1,58
BRDA:40,2,0,16
BRDA:40,2,1,1
BRDA:54,3,0,31
BRDA:54,3,1,2
BRDA:54,4,0,33
BRDA:54,4,1,33
BRDA:54,4,2,33
BRDA:54,4,3,33
BRDA:58,5,0,2
BRDA:58,5,1,31
BRDA:60,6,0,0
BRDA:60,6,1,31
BRDA:64,7,0,31
BRDA:64,7,1,0
BRDA:69,8,0,0
BRDA:69,8,1,31
BRDA:90,9,0,6
BRDA:90,9,1,1
BRDA:91,10,0,5
BRDA:91,10,1,1
BRDA:91,11,0,6
BRDA:91,11,1,6
BRDA:91,11,2,6
BRDA:91,11,3,6
BRDA:95,12,0,2
BRDA:95,12,1,4
BRDA:96,13,0,0
BRDA:96,13,1,4
BRDA:100,14,0,4
BRDA:100,14,1,1
BRDA:101,15,0,1
BRDA:101,15,1,3
BRDA:111,16,0,0
BRDA:111,16,1,3
BRDA:125,17,0,9
BRDA:125,17,1,0
BRDA:125,18,0,9
BRDA:125,18,1,9
BRDA:125,18,2,9
BRDA:125,18,3,9
BRDA:129,19,0,2
BRDA:129,19,1,7
BRDA:131,20,0,0
BRDA:131,20,1,7
BRDA:137,21,0,1
BRDA:137,21,1,6
BRF:50
BRH:43
end_of_record
TN:
SF:src\services\mlDetectionAgent.js
FN:10,(anonymous_0)
FNF:1
FNH:1
FNDA:9,(anonymous_0)
DA:1,12
DA:3,12
DA:10,12
DA:12,9
DA:13,9
DA:15,9
DA:16,2
DA:19,7
DA:20,7
DA:24,4
DA:25,4
DA:27,4
DA:29,2
DA:30,2
DA:32,1
DA:35,4
DA:37,3
DA:41,12
LF:18
LH:18
BRDA:3,0,0,12
BRDA:3,0,1,11
BRDA:12,1,0,9
BRDA:12,1,1,1
BRDA:13,2,0,9
BRDA:13,2,1,7
BRDA:15,3,0,2
BRDA:15,3,1,7
BRDA:27,4,0,2
BRDA:27,4,1,2
BRDA:29,5,0,0
BRDA:29,5,1,2
BRDA:30,6,0,1
BRDA:30,6,1,1
BRDA:32,7,0,1
BRDA:32,7,1,0
BRF:16
BRH:14
end_of_record
TN:
SF:src\utils\fallbackStageExercises.js
FN:1,normalizeDifficulty
FN:7,computeReward
FN:14,makeStarterCode
FN:21,makeAssertions
FN:30,generateFallbackStageExercises
FN:36,(anonymous_5)
FNF:6
FNH:6
FNDA:34,normalizeDifficulty
FNDA:72,computeReward
FNDA:72,makeStarterCode
FNDA:72,makeAssertions
FNDA:34,generateFallbackStageExercises
FNDA:72,(anonymous_5)
DA:2,34
DA:3,34
DA:4,1
DA:8,72
DA:9,70
DA:10,4
DA:11,2
DA:15,72
DA:16,4
DA:18,68
DA:22,72
DA:23,72
DA:31,34
DA:32,34
DA:33,34
DA:34,34
DA:36,34
DA:37,72
DA:38,72
DA:55,10
LF:20
LH:20
BRDA:2,0,0,34
BRDA:2,0,1,26
BRDA:3,1,0,33
BRDA:3,1,1,1
BRDA:8,2,0,2
BRDA:8,2,1,70
BRDA:9,3,0,66
BRDA:9,3,1,4
BRDA:10,4,0,2
BRDA:10,4,1,2
BRDA:15,5,0,4
BRDA:15,5,1,68
BRDA:30,6,0,8
BRDA:32,7,0,2
BRDA:32,7,1,32
BRDA:32,8,0,34
BRDA:32,8,1,30
BRDA:33,9,0,34
BRDA:33,9,1,2
BRDA:34,10,0,34
BRDA:34,10,1,0
BRDA:34,11,0,34
BRDA:34,11,1,2
BRF:23
BRH:22
end_of_record
TN:
SF:src\utils\runChallengeCode.js
FN:8,runJavaScriptTests
FN:29,(anonymous_1)
FN:29,(anonymous_2)
FN:30,(anonymous_3)
FN:70,(anonymous_4)
FN:73,(anonymous_5)
FN:77,runMockValidator
FN:93,runPythonTests
FN:122,(anonymous_8)
FN:125,(anonymous_9)
FN:129,runChallengeCode
FNF:11
FNH:11
FNDA:14,runJavaScriptTests
FNDA:116,(anonymous_1)
FNDA:1,(anonymous_2)
FNDA:1,(anonymous_3)
FNDA:32,(anonymous_4)
FNDA:31,(anonymous_5)
FNDA:2,runMockValidator
FNDA:6,runPythonTests
FNDA:5,(anonymous_8)
FNDA:5,(anonymous_9)
FNDA:13,runChallengeCode
DA:1,11
DA:9,14
DA:10,14
DA:11,14
DA:13,14
DA:14,2
DA:21,12
DA:22,32
DA:23,32
DA:24,32
DA:25,32
DA:28,32
DA:29,116
DA:30,1
DA:31,1
DA:32,0
DA:33,0
DA:35,0
DA:38,1
DA:40,29
DA:62,29
DA:63,28
DA:65,4
DA:69,12
DA:70,32
DA:71,12
DA:73,31
DA:74,12
DA:78,2
DA:79,2
DA:94,6
DA:95,6
DA:97,6
DA:98,1
DA:101,5
DA:102,5
DA:103,5
DA:108,5
DA:109,5
DA:110,2
DA:111,3
DA:112,1
DA:115,2
DA:118,5
DA:121,5
DA:122,5
DA:125,5
DA:130,13
DA:131,13
DA:132,5
DA:134,8
DA:135,6
DA:137,2
DA:140,11
LF:54
LH:51
BRDA:13,0,0,2
BRDA:13,0,1,12
BRDA:13,1,0,14
BRDA:13,1,1,14
BRDA:22,2,0,32
BRDA:22,2,1,0
BRDA:23,3,0,32
BRDA:23,3,1,0
BRDA:25,4,0,30
BRDA:25,4,1,2
BRDA:31,5,0,1
BRDA:31,5,1,0
BRDA:38,6,0,1
BRDA:38,6,1,0
BRDA:63,7,0,27
BRDA:63,7,1,1
BRDA:65,8,0,4
BRDA:65,8,1,0
BRDA:70,9,0,12
BRDA:70,9,1,12
BRDA:71,10,0,1
BRDA:71,10,1,11
BRDA:73,11,0,26
BRDA:73,11,1,5
BRDA:73,12,0,5
BRDA:73,12,1,26
BRDA:78,13,0,2
BRDA:78,13,1,2
BRDA:85,14,0,1
BRDA:85,14,1,1
BRDA:89,15,0,1
BRDA:89,15,1,1
BRDA:97,16,0,1
BRDA:97,16,1,5
BRDA:97,17,0,6
BRDA:97,17,1,6
BRDA:102,18,0,5
BRDA:102,18,1,0
BRDA:103,19,0,5
BRDA:103,19,1,0
BRDA:109,20,0,2
BRDA:109,20,1,3
BRDA:110,21,0,2
BRDA:110,21,1,2
BRDA:110,21,2,1
BRDA:111,22,0,1
BRDA:111,22,1,2
BRDA:112,23,0,1
BRDA:112,23,1,1
BRDA:118,24,0,3
BRDA:118,24,1,2
BRDA:125,25,0,3
BRDA:125,25,1,2
BRDA:130,26,0,13
BRDA:130,26,1,0
BRDA:131,27,0,5
BRDA:131,27,1,8
BRDA:131,28,0,13
BRDA:131,28,1,10
BRDA:131,28,2,10
BRDA:132,29,0,5
BRDA:132,29,1,1
BRDA:132,30,0,4
BRDA:132,30,1,1
BRDA:134,31,0,6
BRDA:134,31,1,2
BRDA:134,32,0,8
BRDA:134,32,1,2
BRDA:135,33,0,6
BRDA:135,33,1,0
BRDA:135,34,0,6
BRDA:135,34,1,0
BRF:72
BRH:62
end_of_record
TN:
SF:src\utils\sendEmail.js
FN:20,(anonymous_0)
FN:20,(anonymous_1)
FN:22,(anonymous_2)
FNF:3
FNH:3
FNDA:2,(anonymous_0)
FNDA:2,(anonymous_1)
FNDA:8,(anonymous_2)
DA:1,12
DA:4,12
DA:7,12
DA:20,12
DA:22,12
DA:23,8
DA:25,8
DA:34,8
DA:35,8
DA:38,2
DA:39,2
DA:43,12
LF:12
LH:12
BRDA:4,0,0,3
BRDA:4,0,1,9
BRDA:23,1,0,8
BRDA:23,1,1,2
BRDA:23,2,0,1
BRDA:23,2,1,1
BRDA:31,3,0,8
BRDA:31,3,1,7
BRF:8
BRH:8
end_of_record
TN:
SF:src\utils\stageAnalysis.js
FN:7,ratingToScore
FN:13,ratingToLetter
FN:19,safeSlug
FN:27,languageToExt
FN:45,getSonarConfig
FN:54,ensureSonarCloudProjectExists
FN:80,runSonarScanner
FN:81,(anonymous_7)
FN:82,(anonymous_8)
FN:93,(anonymous_9)
FN:96,(anonymous_10)
FN:100,(anonymous_11)
FN:104,(anonymous_12)
FN:110,(anonymous_13)
FN:113,(anonymous_14)
FN:114,(anonymous_15)
FN:117,(anonymous_16)
FN:131,triggerSubmissionScan
FN:166,normalizeIssuesFromMeasures
FN:181,computeCompositeScore
FN:197,fetchSonarCloudProjectAnalysis
FN:220,(anonymous_21)
FN:241,fetchSonarStub
FN:282,(anonymous_23)
FN:298,(anonymous_24)
FN:321,(anonymous_25)
FN:331,fetchAiFeedback
FN:337,(anonymous_27)
FN:353,fetchExerciseHelp
FN:377,(anonymous_29)
FNF:30
FNH:15
FNDA:18,ratingToScore
FNDA:7,ratingToLetter
FNDA:1,safeSlug
FNDA:1,languageToExt
FNDA:11,getSonarConfig
FNDA:1,ensureSonarCloudProjectExists
FNDA:0,runSonarScanner
FNDA:0,(anonymous_7)
FNDA:0,(anonymous_8)
FNDA:0,(anonymous_9)
FNDA:0,(anonymous_10)
FNDA:0,(anonymous_11)
FNDA:0,(anonymous_12)
FNDA:0,(anonymous_13)
FNDA:0,(anonymous_14)
FNDA:0,(anonymous_15)
FNDA:0,(anonymous_16)
FNDA:1,triggerSubmissionScan
FNDA:5,normalizeIssuesFromMeasures
FNDA:6,computeCompositeScore
FNDA:5,fetchSonarCloudProjectAnalysis
FNDA:8,(anonymous_21)
FNDA:6,fetchSonarStub
FNDA:0,(anonymous_23)
FNDA:1,(anonymous_24)
FNDA:0,(anonymous_25)
FNDA:3,fetchAiFeedback
FNDA:0,(anonymous_27)
FNDA:5,fetchExerciseHelp
FNDA:0,(anonymous_29)
DA:1,10
DA:2,10
DA:3,10
DA:4,10
DA:5,10
DA:9,18
DA:10,18
DA:14,7
DA:15,7
DA:16,7
DA:20,1
DA:28,1
DA:42,1
DA:46,11
DA:47,11
DA:48,11
DA:49,11
DA:50,11
DA:51,11
DA:55,1
DA:56,1
DA:57,1
DA:58,1
DA:73,0
DA:74,0
DA:81,0
DA:82,0
DA:84,0
DA:85,0
DA:87,0
DA:88,0
DA:90,0
DA:91,0
DA:93,0
DA:94,0
DA:96,0
DA:97,0
DA:100,0
DA:101,0
DA:104,0
DA:105,0
DA:106,0
DA:110,0
DA:111,0
DA:113,0
DA:114,0
DA:117,0
DA:120,0
DA:121,0
DA:122,0
DA:123,0
DA:124,0
DA:127,0
DA:132,1
DA:133,0
DA:136,1
DA:137,1
DA:138,1
DA:139,1
DA:140,1
DA:142,0
DA:153,0
DA:155,0
DA:156,0
DA:158,1
DA:159,1
DA:167,5
DA:168,5
DA:169,5
DA:170,5
DA:171,5
DA:173,5
DA:174,5
DA:175,5
DA:176,5
DA:178,5
DA:182,6
DA:183,6
DA:184,6
DA:185,6
DA:186,6
DA:189,6
DA:194,6
DA:198,5
DA:199,5
DA:201,5
DA:203,5
DA:204,5
DA:206,5
DA:219,5
DA:220,5
DA:221,8
DA:222,8
DA:225,5
DA:226,5
DA:227,5
DA:228,5
DA:230,5
DA:242,6
DA:244,6
DA:247,6
DA:249,6
DA:252,6
DA:253,6
DA:254,6
DA:255,1
DA:263,1
DA:273,0
DA:274,0
DA:275,0
DA:276,0
DA:277,0
DA:282,0
DA:284,0
DA:286,0
DA:290,5
DA:291,5
DA:298,1
DA:299,1
DA:300,1
DA:301,1
DA:302,1
DA:304,1
DA:315,1
DA:317,1
DA:321,0
DA:332,3
DA:333,3
DA:334,3
DA:337,0
DA:339,2
DA:340,1
DA:345,2
DA:362,5
DA:363,5
DA:365,5
DA:366,5
DA:377,0
DA:379,3
DA:380,3
DA:386,2
DA:405,2
DA:412,10
LF:143
LH:97
BRDA:9,0,0,18
BRDA:9,0,1,12
BRDA:14,1,0,7
BRDA:14,1,1,1
BRDA:16,2,0,7
BRDA:16,2,1,1
BRDA:20,3,0,1
BRDA:20,3,1,0
BRDA:42,4,0,1
BRDA:42,4,1,0
BRDA:42,5,0,1
BRDA:42,5,1,0
BRDA:46,6,0,11
BRDA:46,6,1,0
BRDA:47,7,0,11
BRDA:47,7,1,0
BRDA:48,8,0,11
BRDA:48,8,1,11
BRDA:49,9,0,11
BRDA:49,9,1,0
BRDA:49,9,2,0
BRDA:50,10,0,11
BRDA:50,10,1,0
BRDA:55,11,0,0
BRDA:55,11,1,1
BRDA:55,12,0,1
BRDA:55,12,1,1
BRDA:55,12,2,1
BRDA:73,13,0,0
BRDA:73,13,1,0
BRDA:74,14,0,0
BRDA:74,14,1,0
BRDA:81,15,0,0
BRDA:87,16,0,0
BRDA:87,16,1,0
BRDA:101,17,0,0
BRDA:101,17,1,0
BRDA:105,18,0,0
BRDA:105,18,1,0
BRDA:106,19,0,0
BRDA:106,19,1,0
BRDA:106,19,2,0
BRDA:111,20,0,0
BRDA:111,20,1,0
BRDA:123,21,0,0
BRDA:123,21,1,0
BRDA:124,22,0,0
BRDA:124,22,1,0
BRDA:127,23,0,0
BRDA:127,23,1,0
BRDA:132,24,0,0
BRDA:132,24,1,1
BRDA:132,25,0,1
BRDA:132,25,1,1
BRDA:140,26,0,0
BRDA:140,26,1,0
BRDA:149,27,0,0
BRDA:149,27,1,0
BRDA:156,28,0,0
BRDA:156,28,1,0
BRDA:168,29,0,5
BRDA:168,29,1,4
BRDA:169,30,0,5
BRDA:169,30,1,4
BRDA:170,31,0,5
BRDA:170,31,1,4
BRDA:171,32,0,5
BRDA:171,32,1,4
BRDA:173,33,0,0
BRDA:173,33,1,5
BRDA:174,34,0,1
BRDA:174,34,1,4
BRDA:175,35,0,1
BRDA:175,35,1,4
BRDA:176,36,0,0
BRDA:176,36,1,5
BRDA:185,37,0,6
BRDA:185,37,1,4
BRDA:186,38,0,6
BRDA:186,38,1,5
BRDA:199,39,0,5
BRDA:199,39,1,0
BRDA:201,40,0,0
BRDA:201,40,1,5
BRDA:201,41,0,5
BRDA:201,41,1,5
BRDA:204,42,0,0
BRDA:204,42,1,5
BRDA:213,43,0,0
BRDA:213,43,1,5
BRDA:219,44,0,5
BRDA:219,44,1,4
BRDA:225,45,0,5
BRDA:225,45,1,4
BRDA:241,46,0,5
BRDA:244,47,0,1
BRDA:244,47,1,5
BRDA:244,48,0,6
BRDA:244,48,1,1
BRDA:244,48,2,0
BRDA:245,49,0,1
BRDA:245,49,1,0
BRDA:245,50,0,1
BRDA:245,50,1,0
BRDA:245,51,0,1
BRDA:245,51,1,0
BRDA:247,52,0,6
BRDA:247,52,1,5
BRDA:253,53,0,6
BRDA:253,53,1,0
BRDA:253,54,0,6
BRDA:253,54,1,6
BRDA:254,55,0,1
BRDA:254,55,1,5
BRDA:260,56,0,1
BRDA:260,56,1,0
BRDA:273,57,0,0
BRDA:273,57,1,0
BRDA:276,58,0,0
BRDA:276,58,1,0
BRDA:286,59,0,0
BRDA:286,59,1,0
BRDA:291,60,0,5
BRDA:291,60,1,0
BRDA:298,61,0,1
BRDA:298,61,1,0
BRDA:300,62,0,0
BRDA:300,62,1,1
BRDA:300,63,0,1
BRDA:300,63,1,0
BRDA:301,64,0,0
BRDA:301,64,1,1
BRDA:301,65,0,1
BRDA:301,65,1,0
BRDA:302,66,0,0
BRDA:302,66,1,1
BRDA:302,67,0,1
BRDA:302,67,1,0
BRDA:306,68,0,0
BRDA:306,68,1,1
BRDA:308,69,0,0
BRDA:308,69,1,1
BRDA:309,70,0,0
BRDA:309,70,1,1
BRDA:309,71,0,1
BRDA:309,71,1,0
BRDA:310,72,0,0
BRDA:310,72,1,1
BRDA:310,73,0,0
BRDA:310,73,1,1
BRDA:320,74,0,1
BRDA:320,74,1,0
BRDA:323,75,0,0
BRDA:323,75,1,1
BRDA:327,76,0,1
BRDA:327,76,1,0
BRDA:332,77,0,3
BRDA:332,77,1,3
BRDA:339,78,0,1
BRDA:339,78,1,1
BRDA:339,79,0,2
BRDA:339,79,1,2
BRDA:339,79,2,1
BRDA:362,80,0,5
BRDA:362,80,1,5
BRDA:363,81,0,4
BRDA:363,81,1,1
BRDA:379,82,0,3
BRDA:379,82,1,0
BRDA:379,83,0,3
BRDA:379,83,1,3
BRDA:379,83,2,3
BRF:172
BRH:98
end_of_record
TN:
SF:src\utils\stageChallengeSync.js
FN:8,attachChallengeToStage
FN:33,detachChallengeFromStage
FN:42,moveChallengeToStage
FN:79,(anonymous_3)
FN:89,replaceStageChallenges
FN:91,(anonymous_5)
FN:105,(anonymous_6)
FN:118,(anonymous_7)
FN:119,(anonymous_8)
FN:137,clearStageIdForDeletedStage
FNF:10
FNH:9
FNDA:15,attachChallengeToStage
FNDA:3,detachChallengeFromStage
FNDA:6,moveChallengeToStage
FNDA:0,(anonymous_3)
FNDA:7,replaceStageChallenges
FNDA:12,(anonymous_5)
FNDA:8,(anonymous_6)
FNDA:2,(anonymous_7)
FNDA:5,(anonymous_8)
FNDA:2,clearStageIdForDeletedStage
DA:1,10
DA:2,10
DA:3,10
DA:9,15
DA:10,15
DA:11,15
DA:12,15
DA:13,1
DA:14,1
DA:15,1
DA:17,14
DA:18,1
DA:19,1
DA:20,1
DA:22,13
DA:23,1
DA:25,13
DA:26,13
DA:27,13
DA:34,3
DA:35,3
DA:36,3
DA:43,6
DA:44,6
DA:45,6
DA:46,1
DA:47,1
DA:48,1
DA:51,5
DA:52,1
DA:53,1
DA:54,1
DA:57,4
DA:58,4
DA:60,4
DA:61,2
DA:64,4
DA:65,1
DA:66,1
DA:67,1
DA:70,3
DA:71,3
DA:72,1
DA:73,1
DA:74,1
DA:77,2
DA:78,2
DA:79,2
DA:80,2
DA:82,2
DA:83,2
DA:90,7
DA:91,12
DA:93,7
DA:94,1
DA:95,1
DA:96,1
DA:99,6
DA:100,6
DA:101,1
DA:102,1
DA:103,1
DA:105,8
DA:106,1
DA:107,1
DA:108,1
DA:111,4
DA:112,4
DA:113,1
DA:114,1
DA:115,1
DA:118,3
DA:119,5
DA:121,3
DA:122,2
DA:123,1
DA:127,3
DA:128,5
DA:131,3
DA:132,3
DA:133,3
DA:138,2
DA:139,2
DA:142,10
LF:84
LH:84
BRDA:12,0,0,1
BRDA:12,0,1,14
BRDA:17,1,0,1
BRDA:17,1,1,13
BRDA:22,2,0,1
BRDA:22,2,1,12
BRDA:22,3,0,13
BRDA:22,3,1,2
BRDA:45,4,0,1
BRDA:45,4,1,5
BRDA:51,5,0,1
BRDA:51,5,1,4
BRDA:51,6,0,5
BRDA:51,6,1,1
BRDA:58,7,0,3
BRDA:58,7,1,1
BRDA:60,8,0,2
BRDA:60,8,1,2
BRDA:60,9,0,4
BRDA:60,9,1,2
BRDA:60,9,2,1
BRDA:64,10,0,1
BRDA:64,10,1,3
BRDA:71,11,0,1
BRDA:71,11,1,2
BRDA:79,12,0,2
BRDA:79,12,1,0
BRDA:93,13,0,1
BRDA:93,13,1,6
BRDA:100,14,0,1
BRDA:100,14,1,5
BRDA:105,15,0,1
BRDA:105,15,1,4
BRDA:112,16,0,1
BRDA:112,16,1,3
BRDA:118,17,0,3
BRDA:118,17,1,0
BRDA:122,18,0,1
BRDA:122,18,1,1
BRF:39
BRH:37
end_of_record
