{"C:\\Users\\windows 10\\Desktop\\fotcode_test\\-Esprit-PIFSJS-4TWIN3--2026-FortCode\\frontend\\src\\App.css": {"path":"C:\\Users\\windows 10\\Desktop\\fotcode_test\\-Esprit-PIFSJS-4TWIN3--2026-FortCode\\frontend\\src\\App.css","statementMap":{},"fnMap":{},"branchMap":{},"s":{},"f":{},"b":{},"meta":{"lastBranch":0,"lastFunction":0,"lastStatement":0,"seen":{}}}
,"C:\\Users\\windows 10\\Desktop\\fotcode_test\\-Esprit-PIFSJS-4TWIN3--2026-FortCode\\frontend\\src\\App.jsx": {"path":"C:\\Users\\windows 10\\Desktop\\fotcode_test\\-Esprit-PIFSJS-4TWIN3--2026-FortCode\\frontend\\src\\App.jsx","statementMap":{"0":{"start":{"line":6,"column":6},"end":{"line":6,"column":null}},"1":{"start":{"line":6,"column":25},"end":{"line":6,"column":null}},"2":{"start":{"line":7,"column":6},"end":{"line":7,"column":null}},"3":{"start":{"line":7,"column":28},"end":{"line":7,"column":null}},"4":{"start":{"line":8,"column":6},"end":{"line":8,"column":null}},"5":{"start":{"line":8,"column":33},"end":{"line":8,"column":null}},"6":{"start":{"line":9,"column":6},"end":{"line":9,"column":null}},"7":{"start":{"line":9,"column":32},"end":{"line":9,"column":null}},"8":{"start":{"line":10,"column":6},"end":{"line":10,"column":null}},"9":{"start":{"line":10,"column":36},"end":{"line":10,"column":null}},"10":{"start":{"line":11,"column":6},"end":{"line":11,"column":null}},"11":{"start":{"line":11,"column":31},"end":{"line":11,"column":null}},"12":{"start":{"line":12,"column":6},"end":{"line":12,"column":null}},"13":{"start":{"line":12,"column":29},"end":{"line":12,"column":null}},"14":{"start":{"line":13,"column":6},"end":{"line":13,"column":null}},"15":{"start":{"line":13,"column":32},"end":{"line":13,"column":null}},"16":{"start":{"line":14,"column":6},"end":{"line":14,"column":null}},"17":{"start":{"line":14,"column":34},"end":{"line":14,"column":null}},"18":{"start":{"line":15,"column":6},"end":{"line":15,"column":null}},"19":{"start":{"line":15,"column":32},"end":{"line":15,"column":null}},"20":{"start":{"line":16,"column":6},"end":{"line":16,"column":null}},"21":{"start":{"line":16,"column":38},"end":{"line":16,"column":null}},"22":{"start":{"line":17,"column":6},"end":{"line":17,"column":null}},"23":{"start":{"line":17,"column":40},"end":{"line":17,"column":null}},"24":{"start":{"line":18,"column":6},"end":{"line":18,"column":null}},"25":{"start":{"line":18,"column":31},"end":{"line":18,"column":null}},"26":{"start":{"line":19,"column":6},"end":{"line":19,"column":null}},"27":{"start":{"line":19,"column":30},"end":{"line":19,"column":null}},"28":{"start":{"line":20,"column":6},"end":{"line":20,"column":null}},"29":{"start":{"line":20,"column":32},"end":{"line":20,"column":null}},"30":{"start":{"line":22,"column":6},"end":{"line":22,"column":null}},"31":{"start":{"line":22,"column":34},"end":{"line":22,"column":null}},"32":{"start":{"line":23,"column":6},"end":{"line":23,"column":null}},"33":{"start":{"line":23,"column":33},"end":{"line":23,"column":null}},"34":{"start":{"line":24,"column":6},"end":{"line":24,"column":null}},"35":{"start":{"line":24,"column":31},"end":{"line":24,"column":null}},"36":{"start":{"line":25,"column":6},"end":{"line":25,"column":null}},"37":{"start":{"line":25,"column":24},"end":{"line":25,"column":null}},"38":{"start":{"line":25,"column":78},"end":{"line":25,"column":null}},"39":{"start":{"line":26,"column":6},"end":{"line":26,"column":null}},"40":{"start":{"line":26,"column":30},"end":{"line":26,"column":null}},"41":{"start":{"line":27,"column":6},"end":{"line":27,"column":null}},"42":{"start":{"line":27,"column":35},"end":{"line":27,"column":null}},"43":{"start":{"line":28,"column":6},"end":{"line":28,"column":null}},"44":{"start":{"line":28,"column":31},"end":{"line":28,"column":null}},"45":{"start":{"line":29,"column":6},"end":{"line":29,"column":null}},"46":{"start":{"line":29,"column":35},"end":{"line":29,"column":null}},"47":{"start":{"line":30,"column":6},"end":{"line":30,"column":null}},"48":{"start":{"line":30,"column":29},"end":{"line":30,"column":null}},"49":{"start":{"line":31,"column":6},"end":{"line":31,"column":null}},"50":{"start":{"line":31,"column":30},"end":{"line":31,"column":null}},"51":{"start":{"line":32,"column":6},"end":{"line":32,"column":null}},"52":{"start":{"line":32,"column":33},"end":{"line":32,"column":null}},"53":{"start":{"line":33,"column":6},"end":{"line":33,"column":null}},"54":{"start":{"line":33,"column":26},"end":{"line":33,"column":null}},"55":{"start":{"line":34,"column":6},"end":{"line":34,"column":null}},"56":{"start":{"line":34,"column":28},"end":{"line":34,"column":null}},"57":{"start":{"line":35,"column":6},"end":{"line":35,"column":null}},"58":{"start":{"line":35,"column":35},"end":{"line":35,"column":null}},"59":{"start":{"line":35,"column":100},"end":{"line":35,"column":null}},"60":{"start":{"line":36,"column":6},"end":{"line":36,"column":null}},"61":{"start":{"line":36,"column":31},"end":{"line":36,"column":null}},"62":{"start":{"line":37,"column":6},"end":{"line":37,"column":null}},"63":{"start":{"line":37,"column":40},"end":{"line":37,"column":null}},"64":{"start":{"line":38,"column":6},"end":{"line":38,"column":null}},"65":{"start":{"line":38,"column":33},"end":{"line":38,"column":null}},"66":{"start":{"line":38,"column":96},"end":{"line":38,"column":null}},"67":{"start":{"line":47,"column":19},"end":{"line":50,"column":null}},"68":{"start":{"line":48,"column":2},"end":{"line":50,"column":null}},"69":{"start":{"line":54,"column":18},"end":{"line":54,"column":null}},"70":{"start":{"line":55,"column":2},"end":{"line":55,"column":null}},"71":{"start":{"line":59,"column":8},"end":{"line":59,"column":null}},"72":{"start":{"line":60,"column":27},"end":{"line":60,"column":null}},"73":{"start":{"line":62,"column":4},"end":{"line":73,"column":null}},"74":{"start":{"line":75,"column":2},"end":{"line":133,"column":null}},"75":{"start":{"line":138,"column":23},"end":{"line":138,"column":null}},"76":{"start":{"line":139,"column":30},"end":{"line":139,"column":null}},"77":{"start":{"line":141,"column":2},"end":{"line":150,"column":null}},"78":{"start":{"line":142,"column":4},"end":{"line":142,"column":null}},"79":{"start":{"line":142,"column":23},"end":{"line":142,"column":null}},"80":{"start":{"line":144,"column":28},"end":{"line":146,"column":null}},"81":{"start":{"line":145,"column":6},"end":{"line":145,"column":null}},"82":{"start":{"line":148,"column":4},"end":{"line":148,"column":null}},"83":{"start":{"line":149,"column":4},"end":{"line":149,"column":null}},"84":{"start":{"line":149,"column":17},"end":{"line":149,"column":null}},"85":{"start":{"line":152,"column":2},"end":{"line":152,"column":null}},"86":{"start":{"line":152,"column":21},"end":{"line":152,"column":null}},"87":{"start":{"line":154,"column":2},"end":{"line":161,"column":null}},"88":{"start":{"line":166,"column":2},"end":{"line":171,"column":null}}},"fnMap":{"0":{"name":"(anonymous_0)","decl":{"start":{"line":6,"column":19},"end":{"line":6,"column":25}},"loc":{"start":{"line":6,"column":25},"end":{"line":6,"column":null}},"line":6},"1":{"name":"(anonymous_1)","decl":{"start":{"line":7,"column":22},"end":{"line":7,"column":28}},"loc":{"start":{"line":7,"column":28},"end":{"line":7,"column":null}},"line":7},"2":{"name":"(anonymous_2)","decl":{"start":{"line":8,"column":27},"end":{"line":8,"column":33}},"loc":{"start":{"line":8,"column":33},"end":{"line":8,"column":null}},"line":8},"3":{"name":"(anonymous_3)","decl":{"start":{"line":9,"column":26},"end":{"line":9,"column":32}},"loc":{"start":{"line":9,"column":32},"end":{"line":9,"column":null}},"line":9},"4":{"name":"(anonymous_4)","decl":{"start":{"line":10,"column":30},"end":{"line":10,"column":36}},"loc":{"start":{"line":10,"column":36},"end":{"line":10,"column":null}},"line":10},"5":{"name":"(anonymous_5)","decl":{"start":{"line":11,"column":25},"end":{"line":11,"column":31}},"loc":{"start":{"line":11,"column":31},"end":{"line":11,"column":null}},"line":11},"6":{"name":"(anonymous_6)","decl":{"start":{"line":12,"column":23},"end":{"line":12,"column":29}},"loc":{"start":{"line":12,"column":29},"end":{"line":12,"column":null}},"line":12},"7":{"name":"(anonymous_7)","decl":{"start":{"line":13,"column":26},"end":{"line":13,"column":32}},"loc":{"start":{"line":13,"column":32},"end":{"line":13,"column":null}},"line":13},"8":{"name":"(anonymous_8)","decl":{"start":{"line":14,"column":28},"end":{"line":14,"column":34}},"loc":{"start":{"line":14,"column":34},"end":{"line":14,"column":null}},"line":14},"9":{"name":"(anonymous_9)","decl":{"start":{"line":15,"column":26},"end":{"line":15,"column":32}},"loc":{"start":{"line":15,"column":32},"end":{"line":15,"column":null}},"line":15},"10":{"name":"(anonymous_10)","decl":{"start":{"line":16,"column":32},"end":{"line":16,"column":38}},"loc":{"start":{"line":16,"column":38},"end":{"line":16,"column":null}},"line":16},"11":{"name":"(anonymous_11)","decl":{"start":{"line":17,"column":34},"end":{"line":17,"column":40}},"loc":{"start":{"line":17,"column":40},"end":{"line":17,"column":null}},"line":17},"12":{"name":"(anonymous_12)","decl":{"start":{"line":18,"column":25},"end":{"line":18,"column":31}},"loc":{"start":{"line":18,"column":31},"end":{"line":18,"column":null}},"line":18},"13":{"name":"(anonymous_13)","decl":{"start":{"line":19,"column":24},"end":{"line":19,"column":30}},"loc":{"start":{"line":19,"column":30},"end":{"line":19,"column":null}},"line":19},"14":{"name":"(anonymous_14)","decl":{"start":{"line":20,"column":26},"end":{"line":20,"column":32}},"loc":{"start":{"line":20,"column":32},"end":{"line":20,"column":null}},"line":20},"15":{"name":"(anonymous_15)","decl":{"start":{"line":22,"column":28},"end":{"line":22,"column":34}},"loc":{"start":{"line":22,"column":34},"end":{"line":22,"column":null}},"line":22},"16":{"name":"(anonymous_16)","decl":{"start":{"line":23,"column":27},"end":{"line":23,"column":33}},"loc":{"start":{"line":23,"column":33},"end":{"line":23,"column":null}},"line":23},"17":{"name":"(anonymous_17)","decl":{"start":{"line":24,"column":25},"end":{"line":24,"column":31}},"loc":{"start":{"line":24,"column":31},"end":{"line":24,"column":null}},"line":24},"18":{"name":"(anonymous_18)","decl":{"start":{"line":25,"column":18},"end":{"line":25,"column":24}},"loc":{"start":{"line":25,"column":24},"end":{"line":25,"column":null}},"line":25},"19":{"name":"(anonymous_19)","decl":{"start":{"line":25,"column":70},"end":{"line":25,"column":76}},"loc":{"start":{"line":25,"column":78},"end":{"line":25,"column":null}},"line":25},"20":{"name":"(anonymous_20)","decl":{"start":{"line":26,"column":24},"end":{"line":26,"column":30}},"loc":{"start":{"line":26,"column":30},"end":{"line":26,"column":null}},"line":26},"21":{"name":"(anonymous_21)","decl":{"start":{"line":27,"column":29},"end":{"line":27,"column":35}},"loc":{"start":{"line":27,"column":35},"end":{"line":27,"column":null}},"line":27},"22":{"name":"(anonymous_22)","decl":{"start":{"line":28,"column":25},"end":{"line":28,"column":31}},"loc":{"start":{"line":28,"column":31},"end":{"line":28,"column":null}},"line":28},"23":{"name":"(anonymous_23)","decl":{"start":{"line":29,"column":29},"end":{"line":29,"column":35}},"loc":{"start":{"line":29,"column":35},"end":{"line":29,"column":null}},"line":29},"24":{"name":"(anonymous_24)","decl":{"start":{"line":30,"column":23},"end":{"line":30,"column":29}},"loc":{"start":{"line":30,"column":29},"end":{"line":30,"column":null}},"line":30},"25":{"name":"(anonymous_25)","decl":{"start":{"line":31,"column":24},"end":{"line":31,"column":30}},"loc":{"start":{"line":31,"column":30},"end":{"line":31,"column":null}},"line":31},"26":{"name":"(anonymous_26)","decl":{"start":{"line":32,"column":27},"end":{"line":32,"column":33}},"loc":{"start":{"line":32,"column":33},"end":{"line":32,"column":null}},"line":32},"27":{"name":"(anonymous_27)","decl":{"start":{"line":33,"column":20},"end":{"line":33,"column":26}},"loc":{"start":{"line":33,"column":26},"end":{"line":33,"column":null}},"line":33},"28":{"name":"(anonymous_28)","decl":{"start":{"line":34,"column":22},"end":{"line":34,"column":28}},"loc":{"start":{"line":34,"column":28},"end":{"line":34,"column":null}},"line":34},"29":{"name":"(anonymous_29)","decl":{"start":{"line":35,"column":29},"end":{"line":35,"column":35}},"loc":{"start":{"line":35,"column":35},"end":{"line":35,"column":null}},"line":35},"30":{"name":"(anonymous_30)","decl":{"start":{"line":35,"column":92},"end":{"line":35,"column":98}},"loc":{"start":{"line":35,"column":100},"end":{"line":35,"column":null}},"line":35},"31":{"name":"(anonymous_31)","decl":{"start":{"line":36,"column":25},"end":{"line":36,"column":31}},"loc":{"start":{"line":36,"column":31},"end":{"line":36,"column":null}},"line":36},"32":{"name":"(anonymous_32)","decl":{"start":{"line":37,"column":34},"end":{"line":37,"column":40}},"loc":{"start":{"line":37,"column":40},"end":{"line":37,"column":null}},"line":37},"33":{"name":"(anonymous_33)","decl":{"start":{"line":38,"column":27},"end":{"line":38,"column":33}},"loc":{"start":{"line":38,"column":33},"end":{"line":38,"column":null}},"line":38},"34":{"name":"(anonymous_34)","decl":{"start":{"line":38,"column":88},"end":{"line":38,"column":94}},"loc":{"start":{"line":38,"column":96},"end":{"line":38,"column":null}},"line":38},"35":{"name":"(anonymous_35)","decl":{"start":{"line":47,"column":19},"end":{"line":47,"column":null}},"loc":{"start":{"line":48,"column":2},"end":{"line":50,"column":null}},"line":48},"36":{"name":"LegacyStagesRedirect","decl":{"start":{"line":53,"column":9},"end":{"line":53,"column":32}},"loc":{"start":{"line":53,"column":32},"end":{"line":56,"column":null}},"line":53},"37":{"name":"AppContent","decl":{"start":{"line":58,"column":9},"end":{"line":58,"column":22}},"loc":{"start":{"line":58,"column":22},"end":{"line":135,"column":null}},"line":58},"38":{"name":"ReadingGuideLine","decl":{"start":{"line":137,"column":9},"end":{"line":137,"column":28}},"loc":{"start":{"line":137,"column":28},"end":{"line":163,"column":null}},"line":137},"39":{"name":"(anonymous_39)","decl":{"start":{"line":141,"column":12},"end":{"line":141,"column":18}},"loc":{"start":{"line":141,"column":18},"end":{"line":150,"column":5}},"line":141},"40":{"name":"(anonymous_40)","decl":{"start":{"line":144,"column":28},"end":{"line":144,"column":29}},"loc":{"start":{"line":144,"column":35},"end":{"line":146,"column":null}},"line":144},"41":{"name":"(anonymous_41)","decl":{"start":{"line":149,"column":11},"end":{"line":149,"column":17}},"loc":{"start":{"line":149,"column":17},"end":{"line":149,"column":null}},"line":149},"42":{"name":"App","decl":{"start":{"line":165,"column":9},"end":{"line":165,"column":15}},"loc":{"start":{"line":165,"column":15},"end":{"line":173,"column":null}},"line":165}},"branchMap":{"0":{"loc":{"start":{"line":62,"column":4},"end":{"line":73,"column":null}},"type":"binary-expr","locations":[{"start":{"line":62,"column":4},"end":{"line":62,"column":null}},{"start":{"line":63,"column":4},"end":{"line":63,"column":null}},{"start":{"line":64,"column":4},"end":{"line":64,"column":null}},{"start":{"line":65,"column":4},"end":{"line":65,"column":null}},{"start":{"line":66,"column":4},"end":{"line":66,"column":null}},{"start":{"line":67,"column":4},"end":{"line":67,"column":null}},{"start":{"line":68,"column":4},"end":{"line":68,"column":null}},{"start":{"line":69,"column":4},"end":{"line":69,"column":null}},{"start":{"line":70,"column":4},"end":{"line":70,"column":null}},{"start":{"line":71,"column":4},"end":{"line":71,"column":null}},{"start":{"line":72,"column":4},"end":{"line":72,"column":null}},{"start":{"line":73,"column":4},"end":{"line":73,"column":null}}],"line":62},"1":{"loc":{"start":{"line":77,"column":7},"end":{"line":77,"column":null}},"type":"binary-expr","locations":[{"start":{"line":77,"column":7},"end":{"line":77,"column":28}},{"start":{"line":77,"column":28},"end":{"line":77,"column":null}}],"line":77},"2":{"loc":{"start":{"line":128,"column":7},"end":{"line":128,"column":null}},"type":"binary-expr","locations":[{"start":{"line":128,"column":7},"end":{"line":128,"column":28}},{"start":{"line":128,"column":28},"end":{"line":128,"column":null}}],"line":128},"3":{"loc":{"start":{"line":142,"column":4},"end":{"line":142,"column":null}},"type":"if","locations":[{"start":{"line":142,"column":4},"end":{"line":142,"column":null}},{"start":{},"end":{}}],"line":142},"4":{"loc":{"start":{"line":152,"column":2},"end":{"line":152,"column":null}},"type":"if","locations":[{"start":{"line":152,"column":2},"end":{"line":152,"column":null}},{"start":{},"end":{}}],"line":152}},"s":{"0":1,"1":1,"2":1,"3":0,"4":1,"5":0,"6":1,"7":0,"8":1,"9":0,"10":1,"11":0,"12":1,"13":0,"14":1,"15":0,"16":1,"17":0,"18":1,"19":0,"20":1,"21":0,"22":1,"23":0,"24":1,"25":0,"26":1,"27":0,"28":1,"29":0,"30":1,"31":0,"32":1,"33":0,"34":1,"35":0,"36":1,"37":0,"38":0,"39":1,"40":0,"41":1,"42":0,"43":1,"44":0,"45":1,"46":0,"47":1,"48":0,"49":1,"50":0,"51":1,"52":0,"53":1,"54":0,"55":1,"56":0,"57":1,"58":0,"59":0,"60":1,"61":0,"62":1,"63":0,"64":1,"65":0,"66":0,"67":1,"68":1,"69":0,"70":0,"71":1,"72":1,"73":1,"74":1,"75":2,"76":2,"77":2,"78":1,"79":1,"80":0,"81":0,"82":0,"83":0,"84":0,"85":2,"86":2,"87":0,"88":1},"f":{"0":1,"1":0,"2":0,"3":0,"4":0,"5":0,"6":0,"7":0,"8":0,"9":0,"10":0,"11":0,"12":0,"13":0,"14":0,"15":0,"16":0,"17":0,"18":0,"19":0,"20":0,"21":0,"22":0,"23":0,"24":0,"25":0,"26":0,"27":0,"28":0,"29":0,"30":0,"31":0,"32":0,"33":0,"34":0,"35":1,"36":0,"37":1,"38":2,"39":1,"40":0,"41":0,"42":1},"b":{"0":[1,0,0,0,0,0,0,0,0,0,0,0],"1":[1,0],"2":[1,0],"3":[1,0],"4":[2,0]},"meta":{"lastBranch":5,"lastFunction":43,"lastStatement":89,"seen":{"s:6:6:6:Infinity":0,"f:6:19:6:25":0,"s:6:25:6:Infinity":1,"s:7:6:7:Infinity":2,"f:7:22:7:28":1,"s:7:28:7:Infinity":3,"s:8:6:8:Infinity":4,"f:8:27:8:33":2,"s:8:33:8:Infinity":5,"s:9:6:9:Infinity":6,"f:9:26:9:32":3,"s:9:32:9:Infinity":7,"s:10:6:10:Infinity":8,"f:10:30:10:36":4,"s:10:36:10:Infinity":9,"s:11:6:11:Infinity":10,"f:11:25:11:31":5,"s:11:31:11:Infinity":11,"s:12:6:12:Infinity":12,"f:12:23:12:29":6,"s:12:29:12:Infinity":13,"s:13:6:13:Infinity":14,"f:13:26:13:32":7,"s:13:32:13:Infinity":15,"s:14:6:14:Infinity":16,"f:14:28:14:34":8,"s:14:34:14:Infinity":17,"s:15:6:15:Infinity":18,"f:15:26:15:32":9,"s:15:32:15:Infinity":19,"s:16:6:16:Infinity":20,"f:16:32:16:38":10,"s:16:38:16:Infinity":21,"s:17:6:17:Infinity":22,"f:17:34:17:40":11,"s:17:40:17:Infinity":23,"s:18:6:18:Infinity":24,"f:18:25:18:31":12,"s:18:31:18:Infinity":25,"s:19:6:19:Infinity":26,"f:19:24:19:30":13,"s:19:30:19:Infinity":27,"s:20:6:20:Infinity":28,"f:20:26:20:32":14,"s:20:32:20:Infinity":29,"s:22:6:22:Infinity":30,"f:22:28:22:34":15,"s:22:34:22:Infinity":31,"s:23:6:23:Infinity":32,"f:23:27:23:33":16,"s:23:33:23:Infinity":33,"s:24:6:24:Infinity":34,"f:24:25:24:31":17,"s:24:31:24:Infinity":35,"s:25:6:25:Infinity":36,"f:25:18:25:24":18,"s:25:24:25:Infinity":37,"f:25:70:25:76":19,"s:25:78:25:Infinity":38,"s:26:6:26:Infinity":39,"f:26:24:26:30":20,"s:26:30:26:Infinity":40,"s:27:6:27:Infinity":41,"f:27:29:27:35":21,"s:27:35:27:Infinity":42,"s:28:6:28:Infinity":43,"f:28:25:28:31":22,"s:28:31:28:Infinity":44,"s:29:6:29:Infinity":45,"f:29:29:29:35":23,"s:29:35:29:Infinity":46,"s:30:6:30:Infinity":47,"f:30:23:30:29":24,"s:30:29:30:Infinity":48,"s:31:6:31:Infinity":49,"f:31:24:31:30":25,"s:31:30:31:Infinity":50,"s:32:6:32:Infinity":51,"f:32:27:32:33":26,"s:32:33:32:Infinity":52,"s:33:6:33:Infinity":53,"f:33:20:33:26":27,"s:33:26:33:Infinity":54,"s:34:6:34:Infinity":55,"f:34:22:34:28":28,"s:34:28:34:Infinity":56,"s:35:6:35:Infinity":57,"f:35:29:35:35":29,"s:35:35:35:Infinity":58,"f:35:92:35:98":30,"s:35:100:35:Infinity":59,"s:36:6:36:Infinity":60,"f:36:25:36:31":31,"s:36:31:36:Infinity":61,"s:37:6:37:Infinity":62,"f:37:34:37:40":32,"s:37:40:37:Infinity":63,"s:38:6:38:Infinity":64,"f:38:27:38:33":33,"s:38:33:38:Infinity":65,"f:38:88:38:94":34,"s:38:96:38:Infinity":66,"s:47:19:50:Infinity":67,"f:47:19:47:Infinity":35,"s:48:2:50:Infinity":68,"f:53:9:53:32":36,"s:54:18:54:Infinity":69,"s:55:2:55:Infinity":70,"f:58:9:58:22":37,"s:59:8:59:Infinity":71,"s:60:27:60:Infinity":72,"s:62:4:73:Infinity":73,"b:62:4:62:Infinity:63:4:63:Infinity:64:4:64:Infinity:65:4:65:Infinity:66:4:66:Infinity:67:4:67:Infinity:68:4:68:Infinity:69:4:69:Infinity:70:4:70:Infinity:71:4:71:Infinity:72:4:72:Infinity:73:4:73:Infinity":0,"s:75:2:133:Infinity":74,"b:77:7:77:28:77:28:77:Infinity":1,"b:128:7:128:28:128:28:128:Infinity":2,"f:137:9:137:28":38,"s:138:23:138:Infinity":75,"s:139:30:139:Infinity":76,"s:141:2:150:Infinity":77,"f:141:12:141:18":39,"b:142:4:142:Infinity:undefined:undefined:undefined:undefined":3,"s:142:4:142:Infinity":78,"s:142:23:142:Infinity":79,"s:144:28:146:Infinity":80,"f:144:28:144:29":40,"s:145:6:145:Infinity":81,"s:148:4:148:Infinity":82,"s:149:4:149:Infinity":83,"f:149:11:149:17":41,"s:149:17:149:Infinity":84,"b:152:2:152:Infinity:undefined:undefined:undefined:undefined":4,"s:152:2:152:Infinity":85,"s:152:21:152:Infinity":86,"s:154:2:161:Infinity":87,"f:165:9:165:15":42,"s:166:2:171:Infinity":88}}}
,"C:\\Users\\windows 10\\Desktop\\fotcode_test\\-Esprit-PIFSJS-4TWIN3--2026-FortCode\\frontend\\src\\assets\\logo.png": {"path":"C:\\Users\\windows 10\\Desktop\\fotcode_test\\-Esprit-PIFSJS-4TWIN3--2026-FortCode\\frontend\\src\\assets\\logo.png","statementMap":{},"fnMap":{},"branchMap":{},"s":{},"f":{},"b":{},"meta":{"lastBranch":0,"lastFunction":0,"lastStatement":0,"seen":{}}}
,"C:\\Users\\windows 10\\Desktop\\fotcode_test\\-Esprit-PIFSJS-4TWIN3--2026-FortCode\\frontend\\src\\components\\AccessibilityMenu.jsx": {"path":"C:\\Users\\windows 10\\Desktop\\fotcode_test\\-Esprit-PIFSJS-4TWIN3--2026-FortCode\\frontend\\src\\components\\AccessibilityMenu.jsx","statementMap":{"0":{"start":{"line":4,"column":26},"end":{"line":227,"column":null}},"1":{"start":{"line":5,"column":28},"end":{"line":5,"column":null}},"2":{"start":{"line":17,"column":4},"end":{"line":17,"column":null}},"3":{"start":{"line":18,"column":32},"end":{"line":43,"column":null}},"4":{"start":{"line":19,"column":25},"end":{"line":22,"column":null}},"5":{"start":{"line":24,"column":8},"end":{"line":40,"column":null}},"6":{"start":{"line":25,"column":26},"end":{"line":25,"column":null}},"7":{"start":{"line":26,"column":12},"end":{"line":28,"column":null}},"8":{"start":{"line":27,"column":16},"end":{"line":27,"column":null}},"9":{"start":{"line":30,"column":27},"end":{"line":30,"column":null}},"10":{"start":{"line":31,"column":12},"end":{"line":37,"column":null}},"11":{"start":{"line":36,"column":16},"end":{"line":36,"column":null}},"12":{"start":{"line":39,"column":12},"end":{"line":39,"column":null}},"13":{"start":{"line":42,"column":8},"end":{"line":42,"column":null}},"14":{"start":{"line":44,"column":36},"end":{"line":44,"column":null}},"15":{"start":{"line":45,"column":10},"end":{"line":45,"column":null}},"16":{"start":{"line":46,"column":10},"end":{"line":46,"column":null}},"17":{"start":{"line":47,"column":10},"end":{"line":47,"column":null}},"18":{"start":{"line":48,"column":10},"end":{"line":48,"column":null}},"19":{"start":{"line":51,"column":4},"end":{"line":60,"column":null}},"20":{"start":{"line":52,"column":22},"end":{"line":52,"column":null}},"21":{"start":{"line":53,"column":27},"end":{"line":55,"column":null}},"22":{"start":{"line":54,"column":12},"end":{"line":54,"column":null}},"23":{"start":{"line":56,"column":8},"end":{"line":56,"column":null}},"24":{"start":{"line":57,"column":8},"end":{"line":59,"column":null}},"25":{"start":{"line":58,"column":12},"end":{"line":58,"column":null}},"26":{"start":{"line":62,"column":10},"end":{"line":66,"column":null}},"27":{"start":{"line":63,"column":8},"end":{"line":65,"column":null}},"28":{"start":{"line":64,"column":12},"end":{"line":64,"column":null}},"29":{"start":{"line":64,"column":30},"end":{"line":64,"column":35}},"30":{"start":{"line":68,"column":22},"end":{"line":68,"column":null}},"31":{"start":{"line":69,"column":26},"end":{"line":73,"column":null}},"32":{"start":{"line":70,"column":29},"end":{"line":70,"column":null}},"33":{"start":{"line":71,"column":14},"end":{"line":71,"column":null}},"34":{"start":{"line":72,"column":8},"end":{"line":72,"column":null}},"35":{"start":{"line":76,"column":24},"end":{"line":88,"column":null}},"36":{"start":{"line":77,"column":24},"end":{"line":77,"column":null}},"37":{"start":{"line":78,"column":24},"end":{"line":78,"column":null}},"38":{"start":{"line":80,"column":8},"end":{"line":80,"column":null}},"39":{"start":{"line":81,"column":8},"end":{"line":87,"column":null}},"40":{"start":{"line":90,"column":10},"end":{"line":107,"column":null}},"41":{"start":{"line":91,"column":8},"end":{"line":91,"column":null}},"42":{"start":{"line":91,"column":25},"end":{"line":91,"column":null}},"43":{"start":{"line":93,"column":24},"end":{"line":93,"column":null}},"44":{"start":{"line":94,"column":24},"end":{"line":94,"column":null}},"45":{"start":{"line":96,"column":19},"end":{"line":96,"column":null}},"46":{"start":{"line":97,"column":19},"end":{"line":97,"column":null}},"47":{"start":{"line":99,"column":8},"end":{"line":101,"column":null}},"48":{"start":{"line":100,"column":12},"end":{"line":100,"column":null}},"49":{"start":{"line":103,"column":21},"end":{"line":103,"column":null}},"50":{"start":{"line":104,"column":21},"end":{"line":104,"column":null}},"51":{"start":{"line":106,"column":8},"end":{"line":106,"column":null}},"52":{"start":{"line":109,"column":10},"end":{"line":114,"column":null}},"53":{"start":{"line":110,"column":8},"end":{"line":113,"column":null}},"54":{"start":{"line":111,"column":12},"end":{"line":111,"column":null}},"55":{"start":{"line":112,"column":12},"end":{"line":112,"column":null}},"56":{"start":{"line":116,"column":4},"end":{"line":129,"column":null}},"57":{"start":{"line":117,"column":8},"end":{"line":122,"column":null}},"58":{"start":{"line":118,"column":12},"end":{"line":118,"column":null}},"59":{"start":{"line":119,"column":12},"end":{"line":119,"column":null}},"60":{"start":{"line":120,"column":12},"end":{"line":120,"column":null}},"61":{"start":{"line":121,"column":12},"end":{"line":121,"column":null}},"62":{"start":{"line":123,"column":8},"end":{"line":128,"column":null}},"63":{"start":{"line":124,"column":12},"end":{"line":124,"column":null}},"64":{"start":{"line":125,"column":12},"end":{"line":125,"column":null}},"65":{"start":{"line":126,"column":12},"end":{"line":126,"column":null}},"66":{"start":{"line":127,"column":12},"end":{"line":127,"column":null}},"67":{"start":{"line":132,"column":4},"end":{"line":174,"column":null}},"68":{"start":{"line":133,"column":8},"end":{"line":136,"column":null}},"69":{"start":{"line":134,"column":12},"end":{"line":134,"column":null}},"70":{"start":{"line":135,"column":12},"end":{"line":135,"column":null}},"71":{"start":{"line":138,"column":32},"end":{"line":167,"column":null}},"72":{"start":{"line":139,"column":28},"end":{"line":139,"column":null}},"73":{"start":{"line":140,"column":12},"end":{"line":140,"column":null}},"74":{"start":{"line":140,"column":26},"end":{"line":140,"column":null}},"75":{"start":{"line":143,"column":30},"end":{"line":143,"column":null}},"76":{"start":{"line":144,"column":27},"end":{"line":144,"column":null}},"77":{"start":{"line":146,"column":12},"end":{"line":166,"column":null}},"78":{"start":{"line":147,"column":29},"end":{"line":147,"column":null}},"79":{"start":{"line":148,"column":16},"end":{"line":163,"column":null}},"80":{"start":{"line":149,"column":20},"end":{"line":149,"column":null}},"81":{"start":{"line":150,"column":20},"end":{"line":162,"column":null}},"82":{"start":{"line":151,"column":24},"end":{"line":151,"column":null}},"83":{"start":{"line":152,"column":42},"end":{"line":152,"column":null}},"84":{"start":{"line":153,"column":24},"end":{"line":153,"column":null}},"85":{"start":{"line":154,"column":24},"end":{"line":154,"column":null}},"86":{"start":{"line":156,"column":39},"end":{"line":156,"column":null}},"87":{"start":{"line":157,"column":45},"end":{"line":157,"column":null}},"88":{"start":{"line":157,"column":62},"end":{"line":157,"column":85}},"89":{"start":{"line":158,"column":24},"end":{"line":158,"column":null}},"90":{"start":{"line":158,"column":42},"end":{"line":158,"column":null}},"91":{"start":{"line":160,"column":24},"end":{"line":160,"column":null}},"92":{"start":{"line":161,"column":24},"end":{"line":161,"column":null}},"93":{"start":{"line":164,"column":12},"end":{"line":166,"column":null}},"94":{"start":{"line":165,"column":16},"end":{"line":165,"column":null}},"95":{"start":{"line":169,"column":8},"end":{"line":169,"column":null}},"96":{"start":{"line":170,"column":8},"end":{"line":173,"column":null}},"97":{"start":{"line":171,"column":12},"end":{"line":171,"column":null}},"98":{"start":{"line":172,"column":12},"end":{"line":172,"column":null}},"99":{"start":{"line":176,"column":22},"end":{"line":182,"column":null}},"100":{"start":{"line":178,"column":69},"end":{"line":178,"column":104}},"101":{"start":{"line":179,"column":67},"end":{"line":179,"column":102}},"102":{"start":{"line":180,"column":70},"end":{"line":180,"column":101}},"103":{"start":{"line":181,"column":144},"end":{"line":181,"column":177}},"104":{"start":{"line":184,"column":4},"end":{"line":225,"column":null}},"105":{"start":{"line":210,"column":20},"end":{"line":222,"column":null}}},"fnMap":{"0":{"name":"(anonymous_0)","decl":{"start":{"line":4,"column":26},"end":{"line":4,"column":32}},"loc":{"start":{"line":4,"column":32},"end":{"line":227,"column":null}},"line":4},"1":{"name":"(anonymous_1)","decl":{"start":{"line":18,"column":45},"end":{"line":18,"column":51}},"loc":{"start":{"line":18,"column":51},"end":{"line":43,"column":5}},"line":18},"2":{"name":"(anonymous_2)","decl":{"start":{"line":51,"column":14},"end":{"line":51,"column":20}},"loc":{"start":{"line":51,"column":20},"end":{"line":60,"column":7}},"line":51},"3":{"name":"(anonymous_3)","decl":{"start":{"line":53,"column":27},"end":{"line":53,"column":33}},"loc":{"start":{"line":53,"column":33},"end":{"line":55,"column":null}},"line":53},"4":{"name":"(anonymous_4)","decl":{"start":{"line":62,"column":35},"end":{"line":62,"column":36}},"loc":{"start":{"line":62,"column":42},"end":{"line":66,"column":7}},"line":62},"5":{"name":"(anonymous_5)","decl":{"start":{"line":64,"column":22},"end":{"line":64,"column":30}},"loc":{"start":{"line":64,"column":30},"end":{"line":64,"column":35}},"line":64},"6":{"name":"(anonymous_6)","decl":{"start":{"line":69,"column":26},"end":{"line":69,"column":32}},"loc":{"start":{"line":69,"column":32},"end":{"line":73,"column":null}},"line":69},"7":{"name":"(anonymous_7)","decl":{"start":{"line":76,"column":24},"end":{"line":76,"column":25}},"loc":{"start":{"line":76,"column":31},"end":{"line":88,"column":null}},"line":76},"8":{"name":"(anonymous_8)","decl":{"start":{"line":90,"column":35},"end":{"line":90,"column":36}},"loc":{"start":{"line":90,"column":42},"end":{"line":107,"column":7}},"line":90},"9":{"name":"(anonymous_9)","decl":{"start":{"line":109,"column":34},"end":{"line":109,"column":40}},"loc":{"start":{"line":109,"column":40},"end":{"line":114,"column":7}},"line":109},"10":{"name":"(anonymous_10)","decl":{"start":{"line":116,"column":14},"end":{"line":116,"column":20}},"loc":{"start":{"line":116,"column":20},"end":{"line":129,"column":7}},"line":116},"11":{"name":"(anonymous_11)","decl":{"start":{"line":123,"column":15},"end":{"line":123,"column":21}},"loc":{"start":{"line":123,"column":21},"end":{"line":128,"column":null}},"line":123},"12":{"name":"(anonymous_12)","decl":{"start":{"line":132,"column":14},"end":{"line":132,"column":20}},"loc":{"start":{"line":132,"column":20},"end":{"line":174,"column":7}},"line":132},"13":{"name":"(anonymous_13)","decl":{"start":{"line":138,"column":32},"end":{"line":138,"column":33}},"loc":{"start":{"line":138,"column":39},"end":{"line":167,"column":null}},"line":138},"14":{"name":"(anonymous_14)","decl":{"start":{"line":150,"column":58},"end":{"line":150,"column":64}},"loc":{"start":{"line":150,"column":64},"end":{"line":162,"column":23}},"line":150},"15":{"name":"(anonymous_15)","decl":{"start":{"line":157,"column":57},"end":{"line":157,"column":62}},"loc":{"start":{"line":157,"column":62},"end":{"line":157,"column":85}},"line":157},"16":{"name":"(anonymous_16)","decl":{"start":{"line":170,"column":15},"end":{"line":170,"column":21}},"loc":{"start":{"line":170,"column":21},"end":{"line":173,"column":null}},"line":170},"17":{"name":"(anonymous_17)","decl":{"start":{"line":178,"column":63},"end":{"line":178,"column":69}},"loc":{"start":{"line":178,"column":69},"end":{"line":178,"column":104}},"line":178},"18":{"name":"(anonymous_18)","decl":{"start":{"line":179,"column":61},"end":{"line":179,"column":67}},"loc":{"start":{"line":179,"column":67},"end":{"line":179,"column":102}},"line":179},"19":{"name":"(anonymous_19)","decl":{"start":{"line":180,"column":64},"end":{"line":180,"column":70}},"loc":{"start":{"line":180,"column":70},"end":{"line":180,"column":101}},"line":180},"20":{"name":"(anonymous_20)","decl":{"start":{"line":181,"column":138},"end":{"line":181,"column":144}},"loc":{"start":{"line":181,"column":144},"end":{"line":181,"column":177}},"line":181},"21":{"name":"(anonymous_21)","decl":{"start":{"line":209,"column":31},"end":{"line":209,"column":32}},"loc":{"start":{"line":210,"column":20},"end":{"line":222,"column":null}},"line":210}},"branchMap":{"0":{"loc":{"start":{"line":21,"column":15},"end":{"line":21,"column":null}},"type":"cond-expr","locations":[{"start":{"line":21,"column":47},"end":{"line":21,"column":73}},{"start":{"line":21,"column":73},"end":{"line":21,"column":null}}],"line":21},"1":{"loc":{"start":{"line":26,"column":12},"end":{"line":28,"column":null}},"type":"if","locations":[{"start":{"line":26,"column":12},"end":{"line":28,"column":null}},{"start":{},"end":{}}],"line":26},"2":{"loc":{"start":{"line":31,"column":12},"end":{"line":37,"column":null}},"type":"if","locations":[{"start":{"line":31,"column":12},"end":{"line":37,"column":null}},{"start":{},"end":{}}],"line":31},"3":{"loc":{"start":{"line":32,"column":16},"end":{"line":34,"column":null}},"type":"binary-expr","locations":[{"start":{"line":32,"column":16},"end":{"line":32,"column":null}},{"start":{"line":33,"column":16},"end":{"line":33,"column":null}},{"start":{"line":34,"column":16},"end":{"line":34,"column":null}}],"line":32},"4":{"loc":{"start":{"line":57,"column":8},"end":{"line":59,"column":null}},"type":"if","locations":[{"start":{"line":57,"column":8},"end":{"line":59,"column":null}},{"start":{},"end":{}}],"line":57},"5":{"loc":{"start":{"line":63,"column":8},"end":{"line":65,"column":null}},"type":"if","locations":[{"start":{"line":63,"column":8},"end":{"line":65,"column":null}},{"start":{},"end":{}}],"line":63},"6":{"loc":{"start":{"line":77,"column":24},"end":{"line":77,"column":null}},"type":"cond-expr","locations":[{"start":{"line":77,"column":50},"end":{"line":77,"column":73}},{"start":{"line":77,"column":73},"end":{"line":77,"column":null}}],"line":77},"7":{"loc":{"start":{"line":78,"column":24},"end":{"line":78,"column":null}},"type":"cond-expr","locations":[{"start":{"line":78,"column":50},"end":{"line":78,"column":73}},{"start":{"line":78,"column":73},"end":{"line":78,"column":null}}],"line":78},"8":{"loc":{"start":{"line":91,"column":8},"end":{"line":91,"column":null}},"type":"if","locations":[{"start":{"line":91,"column":8},"end":{"line":91,"column":null}},{"start":{},"end":{}}],"line":91},"9":{"loc":{"start":{"line":93,"column":24},"end":{"line":93,"column":null}},"type":"cond-expr","locations":[{"start":{"line":93,"column":49},"end":{"line":93,"column":72}},{"start":{"line":93,"column":72},"end":{"line":93,"column":null}}],"line":93},"10":{"loc":{"start":{"line":94,"column":24},"end":{"line":94,"column":null}},"type":"cond-expr","locations":[{"start":{"line":94,"column":49},"end":{"line":94,"column":72}},{"start":{"line":94,"column":72},"end":{"line":94,"column":null}}],"line":94},"11":{"loc":{"start":{"line":99,"column":8},"end":{"line":101,"column":null}},"type":"if","locations":[{"start":{"line":99,"column":8},"end":{"line":101,"column":null}},{"start":{},"end":{}}],"line":99},"12":{"loc":{"start":{"line":99,"column":12},"end":{"line":99,"column":50}},"type":"binary-expr","locations":[{"start":{"line":99,"column":12},"end":{"line":99,"column":32}},{"start":{"line":99,"column":32},"end":{"line":99,"column":50}}],"line":99},"13":{"loc":{"start":{"line":110,"column":8},"end":{"line":113,"column":null}},"type":"if","locations":[{"start":{"line":110,"column":8},"end":{"line":113,"column":null}},{"start":{},"end":{}}],"line":110},"14":{"loc":{"start":{"line":117,"column":8},"end":{"line":122,"column":null}},"type":"if","locations":[{"start":{"line":117,"column":8},"end":{"line":122,"column":null}},{"start":{},"end":{}}],"line":117},"15":{"loc":{"start":{"line":133,"column":8},"end":{"line":136,"column":null}},"type":"if","locations":[{"start":{"line":133,"column":8},"end":{"line":136,"column":null}},{"start":{},"end":{}}],"line":133},"16":{"loc":{"start":{"line":140,"column":12},"end":{"line":140,"column":null}},"type":"if","locations":[{"start":{"line":140,"column":12},"end":{"line":140,"column":null}},{"start":{},"end":{}}],"line":140},"17":{"loc":{"start":{"line":146,"column":12},"end":{"line":166,"column":null}},"type":"if","locations":[{"start":{"line":146,"column":12},"end":{"line":166,"column":null}},{"start":{"line":164,"column":12},"end":{"line":166,"column":null}}],"line":146},"18":{"loc":{"start":{"line":146,"column":16},"end":{"line":146,"column":78}},"type":"binary-expr","locations":[{"start":{"line":146,"column":16},"end":{"line":146,"column":26}},{"start":{"line":146,"column":26},"end":{"line":146,"column":46}},{"start":{"line":146,"column":46},"end":{"line":146,"column":78}}],"line":146},"19":{"loc":{"start":{"line":148,"column":16},"end":{"line":163,"column":null}},"type":"if","locations":[{"start":{"line":148,"column":16},"end":{"line":163,"column":null}},{"start":{},"end":{}}],"line":148},"20":{"loc":{"start":{"line":148,"column":20},"end":{"line":148,"column":45}},"type":"binary-expr","locations":[{"start":{"line":148,"column":20},"end":{"line":148,"column":28}},{"start":{"line":148,"column":28},"end":{"line":148,"column":45}}],"line":148},"21":{"loc":{"start":{"line":158,"column":24},"end":{"line":158,"column":null}},"type":"if","locations":[{"start":{"line":158,"column":24},"end":{"line":158,"column":null}},{"start":{},"end":{}}],"line":158},"22":{"loc":{"start":{"line":164,"column":12},"end":{"line":166,"column":null}},"type":"if","locations":[{"start":{"line":164,"column":12},"end":{"line":166,"column":null}},{"start":{},"end":{}}],"line":164},"23":{"loc":{"start":{"line":181,"column":16},"end":{"line":181,"column":66}},"type":"cond-expr","locations":[{"start":{"line":181,"column":30},"end":{"line":181,"column":45}},{"start":{"line":181,"column":45},"end":{"line":181,"column":66}}],"line":181},"24":{"loc":{"start":{"line":181,"column":73},"end":{"line":181,"column":129}},"type":"cond-expr","locations":[{"start":{"line":181,"column":87},"end":{"line":181,"column":108}},{"start":{"line":181,"column":108},"end":{"line":181,"column":129}}],"line":181},"25":{"loc":{"start":{"line":195,"column":184},"end":{"line":195,"column":null}},"type":"cond-expr","locations":[{"start":{"line":195,"column":193},"end":{"line":195,"column":229}},{"start":{"line":195,"column":229},"end":{"line":195,"column":null}}],"line":195},"26":{"loc":{"start":{"line":200,"column":21},"end":{"line":200,"column":null}},"type":"cond-expr","locations":[{"start":{"line":200,"column":30},"end":{"line":200,"column":40}},{"start":{"line":200,"column":40},"end":{"line":200,"column":null}}],"line":200},"27":{"loc":{"start":{"line":206,"column":92},"end":{"line":206,"column":null}},"type":"cond-expr","locations":[{"start":{"line":206,"column":101},"end":{"line":206,"column":141}},{"start":{"line":206,"column":141},"end":{"line":206,"column":null}}],"line":206},"28":{"loc":{"start":{"line":213,"column":168},"end":{"line":213,"column":null}},"type":"cond-expr","locations":[{"start":{"line":213,"column":182},"end":{"line":213,"column":208}},{"start":{"line":213,"column":208},"end":{"line":213,"column":null}}],"line":213}},"s":{"0":2,"1":13,"2":13,"3":13,"4":7,"5":7,"6":7,"7":7,"8":7,"9":0,"10":0,"11":0,"12":0,"13":0,"14":13,"15":13,"16":13,"17":13,"18":13,"19":13,"20":7,"21":7,"22":7,"23":7,"24":7,"25":6,"26":13,"27":5,"28":5,"29":5,"30":13,"31":13,"32":1,"33":1,"34":1,"35":13,"36":0,"37":0,"38":0,"39":0,"40":13,"41":0,"42":0,"43":0,"44":0,"45":0,"46":0,"47":0,"48":0,"49":0,"50":0,"51":0,"52":13,"53":0,"54":0,"55":0,"56":13,"57":7,"58":0,"59":0,"60":0,"61":0,"62":7,"63":7,"64":7,"65":7,"66":7,"67":13,"68":7,"69":7,"70":7,"71":0,"72":0,"73":0,"74":0,"75":0,"76":0,"77":0,"78":0,"79":0,"80":0,"81":0,"82":0,"83":0,"84":0,"85":0,"86":0,"87":0,"88":0,"89":0,"90":0,"91":0,"92":0,"93":0,"94":0,"95":0,"96":0,"97":0,"98":0,"99":13,"100":1,"101":1,"102":0,"103":1,"104":13,"105":65},"f":{"0":13,"1":7,"2":7,"3":7,"4":5,"5":5,"6":1,"7":0,"8":0,"9":0,"10":7,"11":7,"12":7,"13":0,"14":0,"15":0,"16":0,"17":1,"18":1,"19":0,"20":1,"21":65},"b":{"0":[7,0],"1":[7,0],"2":[0,0],"3":[0,0,0],"4":[6,1],"5":[5,0],"6":[0,0],"7":[0,0],"8":[0,0],"9":[0,0],"10":[0,0],"11":[0,0],"12":[0,0],"13":[0,0],"14":[0,7],"15":[7,0],"16":[0,0],"17":[0,0],"18":[0,0,0],"19":[0,0],"20":[0,0],"21":[0,0],"22":[0,0],"23":[0,13],"24":[0,13],"25":[5,8],"26":[5,8],"27":[5,8],"28":[0,65]},"meta":{"lastBranch":29,"lastFunction":22,"lastStatement":106,"seen":{"s:4:26:227:Infinity":0,"f:4:26:4:32":0,"s:5:28:5:Infinity":1,"s:17:4:17:Infinity":2,"s:18:32:43:Infinity":3,"f:18:45:18:51":1,"s:19:25:22:Infinity":4,"b:21:47:21:73:21:73:21:Infinity":0,"s:24:8:40:Infinity":5,"s:25:26:25:Infinity":6,"b:26:12:28:Infinity:undefined:undefined:undefined:undefined":1,"s:26:12:28:Infinity":7,"s:27:16:27:Infinity":8,"s:30:27:30:Infinity":9,"b:31:12:37:Infinity:undefined:undefined:undefined:undefined":2,"s:31:12:37:Infinity":10,"b:32:16:32:Infinity:33:16:33:Infinity:34:16:34:Infinity":3,"s:36:16:36:Infinity":11,"s:39:12:39:Infinity":12,"s:42:8:42:Infinity":13,"s:44:36:44:Infinity":14,"s:45:10:45:Infinity":15,"s:46:10:46:Infinity":16,"s:47:10:47:Infinity":17,"s:48:10:48:Infinity":18,"s:51:4:60:Infinity":19,"f:51:14:51:20":2,"s:52:22:52:Infinity":20,"s:53:27:55:Infinity":21,"f:53:27:53:33":3,"s:54:12:54:Infinity":22,"s:56:8:56:Infinity":23,"b:57:8:59:Infinity:undefined:undefined:undefined:undefined":4,"s:57:8:59:Infinity":24,"s:58:12:58:Infinity":25,"s:62:10:66:Infinity":26,"f:62:35:62:36":4,"b:63:8:65:Infinity:undefined:undefined:undefined:undefined":5,"s:63:8:65:Infinity":27,"s:64:12:64:Infinity":28,"f:64:22:64:30":5,"s:64:30:64:35":29,"s:68:22:68:Infinity":30,"s:69:26:73:Infinity":31,"f:69:26:69:32":6,"s:70:29:70:Infinity":32,"s:71:14:71:Infinity":33,"s:72:8:72:Infinity":34,"s:76:24:88:Infinity":35,"f:76:24:76:25":7,"s:77:24:77:Infinity":36,"b:77:50:77:73:77:73:77:Infinity":6,"s:78:24:78:Infinity":37,"b:78:50:78:73:78:73:78:Infinity":7,"s:80:8:80:Infinity":38,"s:81:8:87:Infinity":39,"s:90:10:107:Infinity":40,"f:90:35:90:36":8,"b:91:8:91:Infinity:undefined:undefined:undefined:undefined":8,"s:91:8:91:Infinity":41,"s:91:25:91:Infinity":42,"s:93:24:93:Infinity":43,"b:93:49:93:72:93:72:93:Infinity":9,"s:94:24:94:Infinity":44,"b:94:49:94:72:94:72:94:Infinity":10,"s:96:19:96:Infinity":45,"s:97:19:97:Infinity":46,"b:99:8:101:Infinity:undefined:undefined:undefined:undefined":11,"s:99:8:101:Infinity":47,"b:99:12:99:32:99:32:99:50":12,"s:100:12:100:Infinity":48,"s:103:21:103:Infinity":49,"s:104:21:104:Infinity":50,"s:106:8:106:Infinity":51,"s:109:10:114:Infinity":52,"f:109:34:109:40":9,"b:110:8:113:Infinity:undefined:undefined:undefined:undefined":13,"s:110:8:113:Infinity":53,"s:111:12:111:Infinity":54,"s:112:12:112:Infinity":55,"s:116:4:129:Infinity":56,"f:116:14:116:20":10,"b:117:8:122:Infinity:undefined:undefined:undefined:undefined":14,"s:117:8:122:Infinity":57,"s:118:12:118:Infinity":58,"s:119:12:119:Infinity":59,"s:120:12:120:Infinity":60,"s:121:12:121:Infinity":61,"s:123:8:128:Infinity":62,"f:123:15:123:21":11,"s:124:12:124:Infinity":63,"s:125:12:125:Infinity":64,"s:126:12:126:Infinity":65,"s:127:12:127:Infinity":66,"s:132:4:174:Infinity":67,"f:132:14:132:20":12,"b:133:8:136:Infinity:undefined:undefined:undefined:undefined":15,"s:133:8:136:Infinity":68,"s:134:12:134:Infinity":69,"s:135:12:135:Infinity":70,"s:138:32:167:Infinity":71,"f:138:32:138:33":13,"s:139:28:139:Infinity":72,"b:140:12:140:Infinity:undefined:undefined:undefined:undefined":16,"s:140:12:140:Infinity":73,"s:140:26:140:Infinity":74,"s:143:30:143:Infinity":75,"s:144:27:144:Infinity":76,"b:146:12:166:Infinity:164:12:166:Infinity":17,"s:146:12:166:Infinity":77,"b:146:16:146:26:146:26:146:46:146:46:146:78":18,"s:147:29:147:Infinity":78,"b:148:16:163:Infinity:undefined:undefined:undefined:undefined":19,"s:148:16:163:Infinity":79,"b:148:20:148:28:148:28:148:45":20,"s:149:20:149:Infinity":80,"s:150:20:162:Infinity":81,"f:150:58:150:64":14,"s:151:24:151:Infinity":82,"s:152:42:152:Infinity":83,"s:153:24:153:Infinity":84,"s:154:24:154:Infinity":85,"s:156:39:156:Infinity":86,"s:157:45:157:Infinity":87,"f:157:57:157:62":15,"s:157:62:157:85":88,"b:158:24:158:Infinity:undefined:undefined:undefined:undefined":21,"s:158:24:158:Infinity":89,"s:158:42:158:Infinity":90,"s:160:24:160:Infinity":91,"s:161:24:161:Infinity":92,"b:164:12:166:Infinity:undefined:undefined:undefined:undefined":22,"s:164:12:166:Infinity":93,"s:165:16:165:Infinity":94,"s:169:8:169:Infinity":95,"s:170:8:173:Infinity":96,"f:170:15:170:21":16,"s:171:12:171:Infinity":97,"s:172:12:172:Infinity":98,"s:176:22:182:Infinity":99,"f:178:63:178:69":17,"s:178:69:178:104":100,"f:179:61:179:67":18,"s:179:67:179:102":101,"f:180:64:180:70":19,"s:180:70:180:101":102,"b:181:30:181:45:181:45:181:66":23,"b:181:87:181:108:181:108:181:129":24,"f:181:138:181:144":20,"s:181:144:181:177":103,"s:184:4:225:Infinity":104,"b:195:193:195:229:195:229:195:Infinity":25,"b:200:30:200:40:200:40:200:Infinity":26,"b:206:101:206:141:206:141:206:Infinity":27,"f:209:31:209:32":21,"s:210:20:222:Infinity":105,"b:213:182:213:208:213:208:213:Infinity":28}}}
,"C:\\Users\\windows 10\\Desktop\\fotcode_test\\-Esprit-PIFSJS-4TWIN3--2026-FortCode\\frontend\\src\\components\\FaceAuthModal.jsx": {"path":"C:\\Users\\windows 10\\Desktop\\fotcode_test\\-Esprit-PIFSJS-4TWIN3--2026-FortCode\\frontend\\src\\components\\FaceAuthModal.jsx","statementMap":{"0":{"start":{"line":6,"column":22},"end":{"line":162,"column":null}},"1":{"start":{"line":7,"column":10},"end":{"line":7,"column":null}},"2":{"start":{"line":8,"column":40},"end":{"line":8,"column":null}},"3":{"start":{"line":9,"column":38},"end":{"line":9,"column":null}},"4":{"start":{"line":10,"column":28},"end":{"line":10,"column":null}},"5":{"start":{"line":11,"column":26},"end":{"line":11,"column":null}},"6":{"start":{"line":14,"column":4},"end":{"line":33,"column":null}},"7":{"start":{"line":15,"column":27},"end":{"line":29,"column":null}},"8":{"start":{"line":16,"column":12},"end":{"line":28,"column":null}},"9":{"start":{"line":17,"column":34},"end":{"line":17,"column":null}},"10":{"start":{"line":18,"column":16},"end":{"line":22,"column":null}},"11":{"start":{"line":23,"column":16},"end":{"line":23,"column":null}},"12":{"start":{"line":24,"column":16},"end":{"line":24,"column":null}},"13":{"start":{"line":26,"column":16},"end":{"line":26,"column":null}},"14":{"start":{"line":27,"column":16},"end":{"line":27,"column":null}},"15":{"start":{"line":30,"column":8},"end":{"line":32,"column":null}},"16":{"start":{"line":31,"column":12},"end":{"line":31,"column":null}},"17":{"start":{"line":35,"column":10},"end":{"line":70,"column":null}},"18":{"start":{"line":36,"column":8},"end":{"line":36,"column":null}},"19":{"start":{"line":36,"column":32},"end":{"line":36,"column":null}},"20":{"start":{"line":38,"column":8},"end":{"line":38,"column":null}},"21":{"start":{"line":39,"column":8},"end":{"line":39,"column":null}},"22":{"start":{"line":40,"column":8},"end":{"line":40,"column":null}},"23":{"start":{"line":42,"column":8},"end":{"line":69,"column":null}},"24":{"start":{"line":43,"column":26},"end":{"line":43,"column":null}},"25":{"start":{"line":44,"column":31},"end":{"line":52,"column":null}},"26":{"start":{"line":54,"column":12},"end":{"line":63,"column":null}},"27":{"start":{"line":55,"column":16},"end":{"line":55,"column":null}},"28":{"start":{"line":57,"column":40},"end":{"line":57,"column":null}},"29":{"start":{"line":58,"column":16},"end":{"line":58,"column":null}},"30":{"start":{"line":59,"column":16},"end":{"line":59,"column":null}},"31":{"start":{"line":61,"column":16},"end":{"line":61,"column":null}},"32":{"start":{"line":62,"column":16},"end":{"line":62,"column":null}},"33":{"start":{"line":65,"column":12},"end":{"line":65,"column":null}},"34":{"start":{"line":66,"column":12},"end":{"line":66,"column":null}},"35":{"start":{"line":68,"column":12},"end":{"line":68,"column":null}},"36":{"start":{"line":72,"column":4},"end":{"line":72,"column":null}},"37":{"start":{"line":72,"column":17},"end":{"line":72,"column":null}},"38":{"start":{"line":74,"column":4},"end":{"line":160,"column":null}}},"fnMap":{"0":{"name":"(anonymous_0)","decl":{"start":{"line":6,"column":22},"end":{"line":6,"column":23}},"loc":{"start":{"line":6,"column":89},"end":{"line":162,"column":null}},"line":6},"1":{"name":"(anonymous_1)","decl":{"start":{"line":14,"column":14},"end":{"line":14,"column":20}},"loc":{"start":{"line":14,"column":20},"end":{"line":33,"column":7}},"line":14},"2":{"name":"(anonymous_2)","decl":{"start":{"line":15,"column":27},"end":{"line":15,"column":39}},"loc":{"start":{"line":15,"column":39},"end":{"line":29,"column":null}},"line":15},"3":{"name":"(anonymous_3)","decl":{"start":{"line":35,"column":38},"end":{"line":35,"column":50}},"loc":{"start":{"line":35,"column":50},"end":{"line":70,"column":7}},"line":35}},"branchMap":{"0":{"loc":{"start":{"line":6,"column":53},"end":{"line":6,"column":72}},"type":"default-arg","locations":[{"start":{"line":6,"column":60},"end":{"line":6,"column":72}}],"line":6},"1":{"loc":{"start":{"line":6,"column":72},"end":{"line":6,"column":83}},"type":"default-arg","locations":[{"start":{"line":6,"column":80},"end":{"line":6,"column":83}}],"line":6},"2":{"loc":{"start":{"line":30,"column":8},"end":{"line":32,"column":null}},"type":"if","locations":[{"start":{"line":30,"column":8},"end":{"line":32,"column":null}},{"start":{},"end":{}}],"line":30},"3":{"loc":{"start":{"line":36,"column":8},"end":{"line":36,"column":null}},"type":"if","locations":[{"start":{"line":36,"column":8},"end":{"line":36,"column":null}},{"start":{},"end":{}}],"line":36},"4":{"loc":{"start":{"line":54,"column":12},"end":{"line":63,"column":null}},"type":"if","locations":[{"start":{"line":54,"column":12},"end":{"line":63,"column":null}},{"start":{"line":60,"column":19},"end":{"line":63,"column":null}}],"line":54},"5":{"loc":{"start":{"line":72,"column":4},"end":{"line":72,"column":null}},"type":"if","locations":[{"start":{"line":72,"column":4},"end":{"line":72,"column":null}},{"start":{},"end":{}}],"line":72},"6":{"loc":{"start":{"line":82,"column":29},"end":{"line":82,"column":null}},"type":"cond-expr","locations":[{"start":{"line":82,"column":51},"end":{"line":82,"column":72}},{"start":{"line":82,"column":72},"end":{"line":82,"column":null}}],"line":82},"7":{"loc":{"start":{"line":93,"column":25},"end":{"line":111,"column":null}},"type":"cond-expr","locations":[{"start":{"line":94,"column":28},"end":{"line":106,"column":null}},{"start":{"line":108,"column":28},"end":{"line":111,"column":null}}],"line":93},"8":{"loc":{"start":{"line":116,"column":89},"end":{"line":116,"column":null}},"type":"cond-expr","locations":[{"start":{"line":116,"column":97},"end":{"line":116,"column":133}},{"start":{"line":116,"column":133},"end":{"line":116,"column":null}}],"line":116},"9":{"loc":{"start":{"line":118,"column":29},"end":{"line":121,"column":null}},"type":"cond-expr","locations":[{"start":{"line":119,"column":32},"end":{"line":119,"column":null}},{"start":{"line":121,"column":32},"end":{"line":121,"column":null}}],"line":118},"10":{"loc":{"start":{"line":123,"column":53},"end":{"line":123,"column":94}},"type":"cond-expr","locations":[{"start":{"line":123,"column":61},"end":{"line":123,"column":78}},{"start":{"line":123,"column":78},"end":{"line":123,"column":94}}],"line":123},"11":{"loc":{"start":{"line":124,"column":33},"end":{"line":124,"column":null}},"type":"binary-expr","locations":[{"start":{"line":124,"column":33},"end":{"line":124,"column":42}},{"start":{"line":124,"column":42},"end":{"line":124,"column":null}}],"line":124},"12":{"loc":{"start":{"line":130,"column":38},"end":{"line":130,"column":null}},"type":"binary-expr","locations":[{"start":{"line":130,"column":38},"end":{"line":130,"column":55}},{"start":{"line":130,"column":55},"end":{"line":130,"column":null}}],"line":130},"13":{"loc":{"start":{"line":134,"column":42},"end":{"line":134,"column":null}},"type":"cond-expr","locations":[{"start":{"line":134,"column":74},"end":{"line":134,"column":80}},{"start":{"line":134,"column":80},"end":{"line":134,"column":null}}],"line":134},"14":{"loc":{"start":{"line":134,"column":42},"end":{"line":134,"column":74}},"type":"binary-expr","locations":[{"start":{"line":134,"column":42},"end":{"line":134,"column":59}},{"start":{"line":134,"column":59},"end":{"line":134,"column":74}}],"line":134},"15":{"loc":{"start":{"line":135,"column":41},"end":{"line":135,"column":null}},"type":"cond-expr","locations":[{"start":{"line":135,"column":73},"end":{"line":135,"column":89}},{"start":{"line":135,"column":89},"end":{"line":135,"column":null}}],"line":135},"16":{"loc":{"start":{"line":135,"column":41},"end":{"line":135,"column":73}},"type":"binary-expr","locations":[{"start":{"line":135,"column":41},"end":{"line":135,"column":58}},{"start":{"line":135,"column":58},"end":{"line":135,"column":73}}],"line":135},"17":{"loc":{"start":{"line":138,"column":29},"end":{"line":147,"column":null}},"type":"cond-expr","locations":[{"start":{"line":139,"column":32},"end":{"line":142,"column":null}},{"start":{"line":144,"column":32},"end":{"line":147,"column":null}}],"line":138},"18":{"loc":{"start":{"line":146,"column":37},"end":{"line":146,"column":null}},"type":"cond-expr","locations":[{"start":{"line":146,"column":59},"end":{"line":146,"column":77}},{"start":{"line":146,"column":77},"end":{"line":146,"column":null}}],"line":146}},"s":{"0":2,"1":7,"2":7,"3":7,"4":7,"5":7,"6":7,"7":7,"8":6,"9":6,"10":6,"11":5,"12":5,"13":1,"14":1,"15":7,"16":6,"17":7,"18":0,"19":0,"20":0,"21":0,"22":0,"23":0,"24":0,"25":0,"26":0,"27":0,"28":0,"29":0,"30":0,"31":0,"32":0,"33":0,"34":0,"35":0,"36":7,"37":1,"38":6},"f":{"0":7,"1":7,"2":6,"3":0},"b":{"0":[7],"1":[7],"2":[6,1],"3":[0,0],"4":[0,0],"5":[1,6],"6":[4,2],"7":[0,6],"8":[0,6],"9":[0,6],"10":[0,6],"11":[7,6],"12":[7,0],"13":[6,0],"14":[7,0],"15":[6,0],"16":[7,0],"17":[0,6],"18":[4,2]},"meta":{"lastBranch":19,"lastFunction":4,"lastStatement":39,"seen":{"s:6:22:162:Infinity":0,"f:6:22:6:23":0,"b:6:60:6:72":0,"b:6:80:6:83":1,"s:7:10:7:Infinity":1,"s:8:40:8:Infinity":2,"s:9:38:9:Infinity":3,"s:10:28:10:Infinity":4,"s:11:26:11:Infinity":5,"s:14:4:33:Infinity":6,"f:14:14:14:20":1,"s:15:27:29:Infinity":7,"f:15:27:15:39":2,"s:16:12:28:Infinity":8,"s:17:34:17:Infinity":9,"s:18:16:22:Infinity":10,"s:23:16:23:Infinity":11,"s:24:16:24:Infinity":12,"s:26:16:26:Infinity":13,"s:27:16:27:Infinity":14,"b:30:8:32:Infinity:undefined:undefined:undefined:undefined":2,"s:30:8:32:Infinity":15,"s:31:12:31:Infinity":16,"s:35:10:70:Infinity":17,"f:35:38:35:50":3,"b:36:8:36:Infinity:undefined:undefined:undefined:undefined":3,"s:36:8:36:Infinity":18,"s:36:32:36:Infinity":19,"s:38:8:38:Infinity":20,"s:39:8:39:Infinity":21,"s:40:8:40:Infinity":22,"s:42:8:69:Infinity":23,"s:43:26:43:Infinity":24,"s:44:31:52:Infinity":25,"b:54:12:63:Infinity:60:19:63:Infinity":4,"s:54:12:63:Infinity":26,"s:55:16:55:Infinity":27,"s:57:40:57:Infinity":28,"s:58:16:58:Infinity":29,"s:59:16:59:Infinity":30,"s:61:16:61:Infinity":31,"s:62:16:62:Infinity":32,"s:65:12:65:Infinity":33,"s:66:12:66:Infinity":34,"s:68:12:68:Infinity":35,"b:72:4:72:Infinity:undefined:undefined:undefined:undefined":5,"s:72:4:72:Infinity":36,"s:72:17:72:Infinity":37,"s:74:4:160:Infinity":38,"b:82:51:82:72:82:72:82:Infinity":6,"b:94:28:106:Infinity:108:28:111:Infinity":7,"b:116:97:116:133:116:133:116:Infinity":8,"b:119:32:119:Infinity:121:32:121:Infinity":9,"b:123:61:123:78:123:78:123:94":10,"b:124:33:124:42:124:42:124:Infinity":11,"b:130:38:130:55:130:55:130:Infinity":12,"b:134:74:134:80:134:80:134:Infinity":13,"b:134:42:134:59:134:59:134:74":14,"b:135:73:135:89:135:89:135:Infinity":15,"b:135:41:135:58:135:58:135:73":16,"b:139:32:142:Infinity:144:32:147:Infinity":17,"b:146:59:146:77:146:77:146:Infinity":18}}}
,"C:\\Users\\windows 10\\Desktop\\fotcode_test\\-Esprit-PIFSJS-4TWIN3--2026-FortCode\\frontend\\src\\components\\ProtectedRoute.jsx": {"path":"C:\\Users\\windows 10\\Desktop\\fotcode_test\\-Esprit-PIFSJS-4TWIN3--2026-FortCode\\frontend\\src\\components\\ProtectedRoute.jsx","statementMap":{"0":{"start":{"line":9,"column":8},"end":{"line":9,"column":null}},"1":{"start":{"line":12,"column":2},"end":{"line":14,"column":null}},"2":{"start":{"line":13,"column":4},"end":{"line":13,"column":null}},"3":{"start":{"line":17,"column":2},"end":{"line":44,"column":null}},"4":{"start":{"line":18,"column":10},"end":{"line":18,"column":null}},"5":{"start":{"line":19,"column":4},"end":{"line":19,"column":null}},"6":{"start":{"line":19,"column":18},"end":{"line":19,"column":null}},"7":{"start":{"line":21,"column":6},"end":{"line":21,"column":null}},"8":{"start":{"line":22,"column":20},"end":{"line":24,"column":null}},"9":{"start":{"line":23,"column":32},"end":{"line":23,"column":62}},"10":{"start":{"line":27,"column":4},"end":{"line":37,"column":null}},"11":{"start":{"line":28,"column":6},"end":{"line":31,"column":null}},"12":{"start":{"line":29,"column":8},"end":{"line":29,"column":null}},"13":{"start":{"line":30,"column":8},"end":{"line":30,"column":null}},"14":{"start":{"line":33,"column":6},"end":{"line":36,"column":null}},"15":{"start":{"line":34,"column":8},"end":{"line":34,"column":null}},"16":{"start":{"line":35,"column":8},"end":{"line":35,"column":null}},"17":{"start":{"line":40,"column":4},"end":{"line":40,"column":null}},"18":{"start":{"line":42,"column":4},"end":{"line":42,"column":null}},"19":{"start":{"line":43,"column":4},"end":{"line":43,"column":null}}},"fnMap":{"0":{"name":"ProtectedRoute","decl":{"start":{"line":8,"column":16},"end":{"line":8,"column":31}},"loc":{"start":{"line":8,"column":59},"end":{"line":45,"column":null}},"line":8},"1":{"name":"(anonymous_1)","decl":{"start":{"line":23,"column":25},"end":{"line":23,"column":26}},"loc":{"start":{"line":23,"column":32},"end":{"line":23,"column":62}},"line":23}},"branchMap":{"0":{"loc":{"start":{"line":12,"column":2},"end":{"line":14,"column":null}},"type":"if","locations":[{"start":{"line":12,"column":2},"end":{"line":14,"column":null}},{"start":{},"end":{}}],"line":12},"1":{"loc":{"start":{"line":12,"column":6},"end":{"line":12,"column":39}},"type":"binary-expr","locations":[{"start":{"line":12,"column":6},"end":{"line":12,"column":16}},{"start":{"line":12,"column":7},"end":{"line":12,"column":39}}],"line":12},"2":{"loc":{"start":{"line":19,"column":4},"end":{"line":19,"column":null}},"type":"if","locations":[{"start":{"line":19,"column":4},"end":{"line":19,"column":null}},{"start":{},"end":{}}],"line":19},"3":{"loc":{"start":{"line":21,"column":6},"end":{"line":21,"column":null}},"type":"cond-expr","locations":[{"start":{"line":21,"column":29},"end":{"line":21,"column":73}},{"start":{"line":21,"column":73},"end":{"line":21,"column":null}}],"line":21},"4":{"loc":{"start":{"line":22,"column":20},"end":{"line":24,"column":null}},"type":"cond-expr","locations":[{"start":{"line":23,"column":8},"end":{"line":23,"column":null}},{"start":{"line":24,"column":8},"end":{"line":24,"column":null}}],"line":22},"5":{"loc":{"start":{"line":27,"column":4},"end":{"line":37,"column":null}},"type":"if","locations":[{"start":{"line":27,"column":4},"end":{"line":37,"column":null}},{"start":{"line":32,"column":11},"end":{"line":37,"column":null}}],"line":27},"6":{"loc":{"start":{"line":28,"column":6},"end":{"line":31,"column":null}},"type":"if","locations":[{"start":{"line":28,"column":6},"end":{"line":31,"column":null}},{"start":{},"end":{}}],"line":28},"7":{"loc":{"start":{"line":28,"column":10},"end":{"line":28,"column":52}},"type":"binary-expr","locations":[{"start":{"line":28,"column":10},"end":{"line":28,"column":23}},{"start":{"line":28,"column":23},"end":{"line":28,"column":52}}],"line":28},"8":{"loc":{"start":{"line":33,"column":6},"end":{"line":36,"column":null}},"type":"if","locations":[{"start":{"line":33,"column":6},"end":{"line":36,"column":null}},{"start":{},"end":{}}],"line":33}},"s":{"0":7,"1":7,"2":2,"3":5,"4":5,"5":5,"6":5,"7":4,"8":7,"9":4,"10":7,"11":2,"12":1,"13":1,"14":2,"15":1,"16":1,"17":2,"18":0,"19":0},"f":{"0":7,"1":4},"b":{"0":[2,5],"1":[7,6],"2":[1,4],"3":[4,0],"4":[2,2],"5":[2,2],"6":[1,1],"7":[2,2],"8":[1,1]},"meta":{"lastBranch":9,"lastFunction":2,"lastStatement":20,"seen":{"f:8:16:8:31":0,"s:9:8:9:Infinity":0,"b:12:2:14:Infinity:undefined:undefined:undefined:undefined":0,"s:12:2:14:Infinity":1,"b:12:6:12:16:12:7:12:39":1,"s:13:4:13:Infinity":2,"s:17:2:44:Infinity":3,"s:18:10:18:Infinity":4,"b:19:4:19:Infinity:undefined:undefined:undefined:undefined":2,"s:19:4:19:Infinity":5,"s:19:18:19:Infinity":6,"s:21:6:21:Infinity":7,"b:21:29:21:73:21:73:21:Infinity":3,"s:22:20:24:Infinity":8,"b:23:8:23:Infinity:24:8:24:Infinity":4,"f:23:25:23:26":1,"s:23:32:23:62":9,"b:27:4:37:Infinity:32:11:37:Infinity":5,"s:27:4:37:Infinity":10,"b:28:6:31:Infinity:undefined:undefined:undefined:undefined":6,"s:28:6:31:Infinity":11,"b:28:10:28:23:28:23:28:52":7,"s:29:8:29:Infinity":12,"s:30:8:30:Infinity":13,"b:33:6:36:Infinity:undefined:undefined:undefined:undefined":8,"s:33:6:36:Infinity":14,"s:34:8:34:Infinity":15,"s:35:8:35:Infinity":16,"s:40:4:40:Infinity":17,"s:42:4:42:Infinity":18,"s:43:4:43:Infinity":19}}}
,"C:\\Users\\windows 10\\Desktop\\fotcode_test\\-Esprit-PIFSJS-4TWIN3--2026-FortCode\\frontend\\src\\context\\SettingsContext.jsx": {"path":"C:\\Users\\windows 10\\Desktop\\fotcode_test\\-Esprit-PIFSJS-4TWIN3--2026-FortCode\\frontend\\src\\context\\SettingsContext.jsx","statementMap":{"0":{"start":{"line":4,"column":6},"end":{"line":4,"column":null}},"1":{"start":{"line":6,"column":27},"end":{"line":12,"column":null}},"2":{"start":{"line":7,"column":8},"end":{"line":7,"column":null}},"3":{"start":{"line":8,"column":2},"end":{"line":10,"column":null}},"4":{"start":{"line":9,"column":4},"end":{"line":9,"column":null}},"5":{"start":{"line":11,"column":2},"end":{"line":11,"column":null}},"6":{"start":{"line":14,"column":32},"end":{"line":561,"column":null}},"7":{"start":{"line":15,"column":24},"end":{"line":15,"column":null}},"8":{"start":{"line":16,"column":26},"end":{"line":16,"column":null}},"9":{"start":{"line":17,"column":25},"end":{"line":23,"column":null}},"10":{"start":{"line":18,"column":4},"end":{"line":18,"column":null}},"11":{"start":{"line":18,"column":33},"end":{"line":18,"column":null}},"12":{"start":{"line":19,"column":4},"end":{"line":19,"column":null}},"13":{"start":{"line":19,"column":32},"end":{"line":19,"column":null}},"14":{"start":{"line":20,"column":4},"end":{"line":20,"column":null}},"15":{"start":{"line":20,"column":28},"end":{"line":20,"column":null}},"16":{"start":{"line":21,"column":4},"end":{"line":21,"column":null}},"17":{"start":{"line":21,"column":67},"end":{"line":21,"column":null}},"18":{"start":{"line":22,"column":4},"end":{"line":22,"column":null}},"19":{"start":{"line":25,"column":24},"end":{"line":25,"column":null}},"20":{"start":{"line":25,"column":43},"end":{"line":25,"column":88}},"21":{"start":{"line":26,"column":36},"end":{"line":26,"column":null}},"22":{"start":{"line":27,"column":30},"end":{"line":27,"column":null}},"23":{"start":{"line":28,"column":34},"end":{"line":28,"column":null}},"24":{"start":{"line":29,"column":38},"end":{"line":29,"column":null}},"25":{"start":{"line":30,"column":38},"end":{"line":30,"column":null}},"26":{"start":{"line":31,"column":34},"end":{"line":31,"column":null}},"27":{"start":{"line":32,"column":38},"end":{"line":32,"column":null}},"28":{"start":{"line":33,"column":36},"end":{"line":33,"column":null}},"29":{"start":{"line":34,"column":38},"end":{"line":34,"column":null}},"30":{"start":{"line":35,"column":26},"end":{"line":35,"column":null}},"31":{"start":{"line":36,"column":30},"end":{"line":36,"column":null}},"32":{"start":{"line":37,"column":46},"end":{"line":37,"column":null}},"33":{"start":{"line":38,"column":44},"end":{"line":38,"column":null}},"34":{"start":{"line":39,"column":44},"end":{"line":39,"column":null}},"35":{"start":{"line":40,"column":42},"end":{"line":40,"column":null}},"36":{"start":{"line":41,"column":30},"end":{"line":41,"column":null}},"37":{"start":{"line":44,"column":8},"end":{"line":137,"column":null}},"38":{"start":{"line":45,"column":4},"end":{"line":136,"column":null}},"39":{"start":{"line":47,"column":20},"end":{"line":47,"column":null}},"40":{"start":{"line":48,"column":6},"end":{"line":65,"column":null}},"41":{"start":{"line":50,"column":8},"end":{"line":50,"column":null}},"42":{"start":{"line":51,"column":8},"end":{"line":51,"column":null}},"43":{"start":{"line":52,"column":8},"end":{"line":52,"column":null}},"44":{"start":{"line":53,"column":8},"end":{"line":53,"column":null}},"45":{"start":{"line":54,"column":8},"end":{"line":54,"column":null}},"46":{"start":{"line":55,"column":8},"end":{"line":55,"column":null}},"47":{"start":{"line":56,"column":8},"end":{"line":56,"column":null}},"48":{"start":{"line":57,"column":8},"end":{"line":57,"column":null}},"49":{"start":{"line":58,"column":8},"end":{"line":58,"column":null}},"50":{"start":{"line":59,"column":8},"end":{"line":59,"column":null}},"51":{"start":{"line":60,"column":8},"end":{"line":60,"column":null}},"52":{"start":{"line":61,"column":8},"end":{"line":61,"column":null}},"53":{"start":{"line":62,"column":8},"end":{"line":62,"column":null}},"54":{"start":{"line":63,"column":8},"end":{"line":63,"column":null}},"55":{"start":{"line":64,"column":8},"end":{"line":64,"column":null}},"56":{"start":{"line":67,"column":23},"end":{"line":69,"column":null}},"57":{"start":{"line":72,"column":6},"end":{"line":77,"column":null}},"58":{"start":{"line":73,"column":24},"end":{"line":73,"column":null}},"59":{"start":{"line":74,"column":8},"end":{"line":76,"column":null}},"60":{"start":{"line":75,"column":10},"end":{"line":75,"column":null}},"61":{"start":{"line":79,"column":6},"end":{"line":131,"column":null}},"62":{"start":{"line":80,"column":21},"end":{"line":80,"column":null}},"63":{"start":{"line":81,"column":21},"end":{"line":81,"column":null}},"64":{"start":{"line":84,"column":8},"end":{"line":116,"column":null}},"65":{"start":{"line":85,"column":28},"end":{"line":85,"column":null}},"66":{"start":{"line":86,"column":10},"end":{"line":86,"column":null}},"67":{"start":{"line":87,"column":10},"end":{"line":87,"column":null}},"68":{"start":{"line":88,"column":10},"end":{"line":88,"column":null}},"69":{"start":{"line":89,"column":10},"end":{"line":89,"column":null}},"70":{"start":{"line":90,"column":10},"end":{"line":90,"column":null}},"71":{"start":{"line":91,"column":10},"end":{"line":91,"column":null}},"72":{"start":{"line":92,"column":10},"end":{"line":92,"column":null}},"73":{"start":{"line":93,"column":10},"end":{"line":93,"column":null}},"74":{"start":{"line":94,"column":10},"end":{"line":94,"column":null}},"75":{"start":{"line":95,"column":10},"end":{"line":95,"column":null}},"76":{"start":{"line":97,"column":10},"end":{"line":100,"column":null}},"77":{"start":{"line":98,"column":12},"end":{"line":98,"column":null}},"78":{"start":{"line":99,"column":12},"end":{"line":99,"column":null}},"79":{"start":{"line":102,"column":10},"end":{"line":102,"column":null}},"80":{"start":{"line":103,"column":10},"end":{"line":103,"column":null}},"81":{"start":{"line":106,"column":10},"end":{"line":106,"column":null}},"82":{"start":{"line":107,"column":10},"end":{"line":107,"column":null}},"83":{"start":{"line":108,"column":10},"end":{"line":108,"column":null}},"84":{"start":{"line":109,"column":10},"end":{"line":109,"column":null}},"85":{"start":{"line":110,"column":10},"end":{"line":110,"column":null}},"86":{"start":{"line":111,"column":10},"end":{"line":111,"column":null}},"87":{"start":{"line":112,"column":10},"end":{"line":112,"column":null}},"88":{"start":{"line":113,"column":10},"end":{"line":113,"column":null}},"89":{"start":{"line":114,"column":10},"end":{"line":114,"column":null}},"90":{"start":{"line":115,"column":10},"end":{"line":115,"column":null}},"91":{"start":{"line":119,"column":8},"end":{"line":122,"column":null}},"92":{"start":{"line":120,"column":10},"end":{"line":120,"column":null}},"93":{"start":{"line":121,"column":10},"end":{"line":121,"column":null}},"94":{"start":{"line":123,"column":8},"end":{"line":126,"column":null}},"95":{"start":{"line":124,"column":10},"end":{"line":124,"column":null}},"96":{"start":{"line":125,"column":10},"end":{"line":125,"column":null}},"97":{"start":{"line":129,"column":8},"end":{"line":129,"column":null}},"98":{"start":{"line":130,"column":8},"end":{"line":130,"column":null}},"99":{"start":{"line":133,"column":6},"end":{"line":133,"column":null}},"100":{"start":{"line":135,"column":6},"end":{"line":135,"column":null}},"101":{"start":{"line":139,"column":2},"end":{"line":145,"column":null}},"102":{"start":{"line":140,"column":4},"end":{"line":140,"column":null}},"103":{"start":{"line":143,"column":4},"end":{"line":143,"column":null}},"104":{"start":{"line":144,"column":4},"end":{"line":144,"column":null}},"105":{"start":{"line":144,"column":17},"end":{"line":144,"column":null}},"106":{"start":{"line":148,"column":2},"end":{"line":210,"column":null}},"107":{"start":{"line":149,"column":17},"end":{"line":149,"column":null}},"108":{"start":{"line":152,"column":4},"end":{"line":152,"column":null}},"109":{"start":{"line":155,"column":27},"end":{"line":162,"column":null}},"110":{"start":{"line":164,"column":26},"end":{"line":164,"column":null}},"111":{"start":{"line":165,"column":4},"end":{"line":165,"column":null}},"112":{"start":{"line":166,"column":4},"end":{"line":166,"column":null}},"113":{"start":{"line":167,"column":4},"end":{"line":167,"column":null}},"114":{"start":{"line":168,"column":4},"end":{"line":168,"column":null}},"115":{"start":{"line":169,"column":4},"end":{"line":169,"column":null}},"116":{"start":{"line":172,"column":24},"end":{"line":177,"column":null}},"117":{"start":{"line":178,"column":4},"end":{"line":178,"column":null}},"118":{"start":{"line":181,"column":4},"end":{"line":185,"column":null}},"119":{"start":{"line":182,"column":6},"end":{"line":182,"column":null}},"120":{"start":{"line":184,"column":6},"end":{"line":184,"column":null}},"121":{"start":{"line":188,"column":4},"end":{"line":192,"column":null}},"122":{"start":{"line":189,"column":6},"end":{"line":189,"column":null}},"123":{"start":{"line":191,"column":6},"end":{"line":191,"column":null}},"124":{"start":{"line":195,"column":4},"end":{"line":199,"column":null}},"125":{"start":{"line":196,"column":6},"end":{"line":196,"column":null}},"126":{"start":{"line":198,"column":6},"end":{"line":198,"column":null}},"127":{"start":{"line":202,"column":26},"end":{"line":207,"column":null}},"128":{"start":{"line":208,"column":4},"end":{"line":208,"column":null}},"129":{"start":{"line":213,"column":8},"end":{"line":229,"column":null}},"130":{"start":{"line":214,"column":4},"end":{"line":228,"column":null}},"131":{"start":{"line":215,"column":20},"end":{"line":215,"column":null}},"132":{"start":{"line":216,"column":6},"end":{"line":216,"column":null}},"133":{"start":{"line":216,"column":18},"end":{"line":216,"column":null}},"134":{"start":{"line":218,"column":6},"end":{"line":225,"column":null}},"135":{"start":{"line":227,"column":6},"end":{"line":227,"column":null}},"136":{"start":{"line":232,"column":8},"end":{"line":236,"column":null}},"137":{"start":{"line":233,"column":4},"end":{"line":233,"column":null}},"138":{"start":{"line":234,"column":4},"end":{"line":234,"column":null}},"139":{"start":{"line":235,"column":4},"end":{"line":235,"column":null}},"140":{"start":{"line":238,"column":8},"end":{"line":242,"column":null}},"141":{"start":{"line":239,"column":4},"end":{"line":239,"column":null}},"142":{"start":{"line":240,"column":4},"end":{"line":240,"column":null}},"143":{"start":{"line":241,"column":4},"end":{"line":241,"column":null}},"144":{"start":{"line":244,"column":8},"end":{"line":248,"column":null}},"145":{"start":{"line":245,"column":4},"end":{"line":245,"column":null}},"146":{"start":{"line":246,"column":4},"end":{"line":246,"column":null}},"147":{"start":{"line":247,"column":4},"end":{"line":247,"column":null}},"148":{"start":{"line":250,"column":8},"end":{"line":254,"column":null}},"149":{"start":{"line":251,"column":4},"end":{"line":251,"column":null}},"150":{"start":{"line":252,"column":4},"end":{"line":252,"column":null}},"151":{"start":{"line":253,"column":4},"end":{"line":253,"column":null}},"152":{"start":{"line":256,"column":8},"end":{"line":260,"column":null}},"153":{"start":{"line":257,"column":4},"end":{"line":257,"column":null}},"154":{"start":{"line":258,"column":4},"end":{"line":258,"column":null}},"155":{"start":{"line":259,"column":4},"end":{"line":259,"column":null}},"156":{"start":{"line":262,"column":8},"end":{"line":266,"column":null}},"157":{"start":{"line":263,"column":4},"end":{"line":263,"column":null}},"158":{"start":{"line":264,"column":4},"end":{"line":264,"column":null}},"159":{"start":{"line":265,"column":4},"end":{"line":265,"column":null}},"160":{"start":{"line":268,"column":8},"end":{"line":272,"column":null}},"161":{"start":{"line":269,"column":4},"end":{"line":269,"column":null}},"162":{"start":{"line":270,"column":4},"end":{"line":270,"column":null}},"163":{"start":{"line":271,"column":4},"end":{"line":271,"column":null}},"164":{"start":{"line":274,"column":8},"end":{"line":278,"column":null}},"165":{"start":{"line":275,"column":4},"end":{"line":275,"column":null}},"166":{"start":{"line":276,"column":4},"end":{"line":276,"column":null}},"167":{"start":{"line":277,"column":4},"end":{"line":277,"column":null}},"168":{"start":{"line":280,"column":8},"end":{"line":284,"column":null}},"169":{"start":{"line":281,"column":4},"end":{"line":281,"column":null}},"170":{"start":{"line":282,"column":4},"end":{"line":282,"column":null}},"171":{"start":{"line":283,"column":4},"end":{"line":283,"column":null}},"172":{"start":{"line":286,"column":8},"end":{"line":290,"column":null}},"173":{"start":{"line":287,"column":4},"end":{"line":287,"column":null}},"174":{"start":{"line":288,"column":4},"end":{"line":288,"column":null}},"175":{"start":{"line":289,"column":4},"end":{"line":289,"column":null}},"176":{"start":{"line":292,"column":8},"end":{"line":312,"column":null}},"177":{"start":{"line":293,"column":18},"end":{"line":293,"column":null}},"178":{"start":{"line":294,"column":4},"end":{"line":294,"column":null}},"179":{"start":{"line":294,"column":16},"end":{"line":294,"column":null}},"180":{"start":{"line":296,"column":21},"end":{"line":303,"column":null}},"181":{"start":{"line":305,"column":17},"end":{"line":305,"column":null}},"182":{"start":{"line":306,"column":4},"end":{"line":308,"column":null}},"183":{"start":{"line":307,"column":6},"end":{"line":307,"column":null}},"184":{"start":{"line":310,"column":4},"end":{"line":310,"column":null}},"185":{"start":{"line":311,"column":4},"end":{"line":311,"column":null}},"186":{"start":{"line":314,"column":8},"end":{"line":335,"column":null}},"187":{"start":{"line":315,"column":18},"end":{"line":315,"column":null}},"188":{"start":{"line":316,"column":4},"end":{"line":316,"column":null}},"189":{"start":{"line":316,"column":16},"end":{"line":316,"column":null}},"190":{"start":{"line":318,"column":21},"end":{"line":325,"column":null}},"191":{"start":{"line":327,"column":17},"end":{"line":327,"column":null}},"192":{"start":{"line":328,"column":4},"end":{"line":330,"column":null}},"193":{"start":{"line":329,"column":6},"end":{"line":329,"column":null}},"194":{"start":{"line":332,"column":4},"end":{"line":332,"column":null}},"195":{"start":{"line":333,"column":4},"end":{"line":333,"column":null}},"196":{"start":{"line":334,"column":4},"end":{"line":334,"column":null}},"197":{"start":{"line":337,"column":8},"end":{"line":356,"column":null}},"198":{"start":{"line":338,"column":18},"end":{"line":338,"column":null}},"199":{"start":{"line":339,"column":4},"end":{"line":339,"column":null}},"200":{"start":{"line":339,"column":16},"end":{"line":339,"column":null}},"201":{"start":{"line":341,"column":21},"end":{"line":347,"column":null}},"202":{"start":{"line":349,"column":17},"end":{"line":349,"column":null}},"203":{"start":{"line":350,"column":4},"end":{"line":352,"column":null}},"204":{"start":{"line":351,"column":6},"end":{"line":351,"column":null}},"205":{"start":{"line":354,"column":4},"end":{"line":354,"column":null}},"206":{"start":{"line":355,"column":4},"end":{"line":355,"column":null}},"207":{"start":{"line":358,"column":8},"end":{"line":373,"column":null}},"208":{"start":{"line":359,"column":4},"end":{"line":359,"column":null}},"209":{"start":{"line":360,"column":4},"end":{"line":360,"column":null}},"210":{"start":{"line":362,"column":18},"end":{"line":362,"column":null}},"211":{"start":{"line":363,"column":4},"end":{"line":372,"column":null}},"212":{"start":{"line":364,"column":6},"end":{"line":371,"column":null}},"213":{"start":{"line":371,"column":22},"end":{"line":371,"column":65}},"214":{"start":{"line":375,"column":8},"end":{"line":390,"column":null}},"215":{"start":{"line":376,"column":4},"end":{"line":376,"column":null}},"216":{"start":{"line":377,"column":4},"end":{"line":377,"column":null}},"217":{"start":{"line":379,"column":18},"end":{"line":379,"column":null}},"218":{"start":{"line":380,"column":4},"end":{"line":389,"column":null}},"219":{"start":{"line":381,"column":6},"end":{"line":388,"column":null}},"220":{"start":{"line":388,"column":22},"end":{"line":388,"column":67}},"221":{"start":{"line":392,"column":8},"end":{"line":415,"column":null}},"222":{"start":{"line":393,"column":18},"end":{"line":393,"column":null}},"223":{"start":{"line":394,"column":4},"end":{"line":394,"column":null}},"224":{"start":{"line":394,"column":16},"end":{"line":394,"column":null}},"225":{"start":{"line":396,"column":21},"end":{"line":403,"column":null}},"226":{"start":{"line":405,"column":17},"end":{"line":405,"column":null}},"227":{"start":{"line":406,"column":4},"end":{"line":408,"column":null}},"228":{"start":{"line":407,"column":6},"end":{"line":407,"column":null}},"229":{"start":{"line":411,"column":4},"end":{"line":411,"column":null}},"230":{"start":{"line":412,"column":4},"end":{"line":412,"column":null}},"231":{"start":{"line":413,"column":4},"end":{"line":413,"column":null}},"232":{"start":{"line":414,"column":4},"end":{"line":414,"column":null}},"233":{"start":{"line":417,"column":8},"end":{"line":465,"column":null}},"234":{"start":{"line":418,"column":28},"end":{"line":426,"column":null}},"235":{"start":{"line":428,"column":4},"end":{"line":428,"column":null}},"236":{"start":{"line":429,"column":4},"end":{"line":429,"column":null}},"237":{"start":{"line":430,"column":4},"end":{"line":430,"column":null}},"238":{"start":{"line":431,"column":4},"end":{"line":431,"column":null}},"239":{"start":{"line":432,"column":4},"end":{"line":432,"column":null}},"240":{"start
[...]
olumn":40},"end":{"line":130,"column":41}},"loc":{"start":{"line":130,"column":74},"end":{"line":132,"column":null}},"line":130},"20":{"name":"(anonymous_20)","decl":{"start":{"line":134,"column":43},"end":{"line":134,"column":44}},"loc":{"start":{"line":134,"column":77},"end":{"line":136,"column":null}},"line":134},"21":{"name":"(anonymous_21)","decl":{"start":{"line":139,"column":8},"end":{"line":139,"column":9}},"loc":{"start":{"line":139,"column":36},"end":{"line":139,"column":null}},"line":139},"22":{"name":"(anonymous_22)","decl":{"start":{"line":140,"column":9},"end":{"line":140,"column":10}},"loc":{"start":{"line":140,"column":25},"end":{"line":140,"column":null}},"line":140},"23":{"name":"(anonymous_23)","decl":{"start":{"line":141,"column":9},"end":{"line":141,"column":10}},"loc":{"start":{"line":141,"column":65},"end":{"line":141,"column":null}},"line":141},"24":{"name":"(anonymous_24)","decl":{"start":{"line":142,"column":12},"end":{"line":142,"column":13}},"loc":{"start":{"line":142,"column":68},"end":{"line":142,"column":null}},"line":142},"25":{"name":"(anonymous_25)","decl":{"start":{"line":143,"column":14},"end":{"line":143,"column":15}},"loc":{"start":{"line":143,"column":56},"end":{"line":143,"column":null}},"line":143},"26":{"name":"(anonymous_26)","decl":{"start":{"line":144,"column":10},"end":{"line":144,"column":11}},"loc":{"start":{"line":144,"column":73},"end":{"line":144,"column":null}},"line":144},"27":{"name":"(anonymous_27)","decl":{"start":{"line":145,"column":11},"end":{"line":145,"column":12}},"loc":{"start":{"line":145,"column":32},"end":{"line":145,"column":null}},"line":145},"28":{"name":"(anonymous_28)","decl":{"start":{"line":146,"column":13},"end":{"line":146,"column":14}},"loc":{"start":{"line":146,"column":97},"end":{"line":146,"column":null}},"line":146},"29":{"name":"(anonymous_29)","decl":{"start":{"line":150,"column":10},"end":{"line":150,"column":16}},"loc":{"start":{"line":150,"column":16},"end":{"line":150,"column":null}},"line":150},"30":{"name":"(anonymous_30)","decl":{"start":{"line":151,"column":12},"end":{"line":151,"column":13}},"loc":{"start":{"line":151,"column":37},"end":{"line":151,"column":null}},"line":151},"31":{"name":"(anonymous_31)","decl":{"start":{"line":152,"column":12},"end":{"line":152,"column":13}},"loc":{"start":{"line":152,"column":49},"end":{"line":152,"column":null}},"line":152},"32":{"name":"(anonymous_32)","decl":{"start":{"line":153,"column":12},"end":{"line":153,"column":13}},"loc":{"start":{"line":153,"column":28},"end":{"line":153,"column":null}},"line":153},"33":{"name":"(anonymous_33)","decl":{"start":{"line":154,"column":22},"end":{"line":154,"column":23}},"loc":{"start":{"line":154,"column":62},"end":{"line":154,"column":null}},"line":154},"34":{"name":"(anonymous_34)","decl":{"start":{"line":158,"column":10},"end":{"line":158,"column":16}},"loc":{"start":{"line":158,"column":16},"end":{"line":158,"column":null}},"line":158},"35":{"name":"(anonymous_35)","decl":{"start":{"line":159,"column":19},"end":{"line":159,"column":20}},"loc":{"start":{"line":159,"column":44},"end":{"line":159,"column":null}},"line":159},"36":{"name":"(anonymous_36)","decl":{"start":{"line":160,"column":12},"end":{"line":160,"column":13}},"loc":{"start":{"line":160,"column":37},"end":{"line":160,"column":null}},"line":160},"37":{"name":"(anonymous_37)","decl":{"start":{"line":161,"column":12},"end":{"line":161,"column":13}},"loc":{"start":{"line":161,"column":49},"end":{"line":161,"column":null}},"line":161},"38":{"name":"(anonymous_38)","decl":{"start":{"line":162,"column":12},"end":{"line":162,"column":13}},"loc":{"start":{"line":162,"column":28},"end":{"line":162,"column":null}},"line":162},"39":{"name":"(anonymous_39)","decl":{"start":{"line":165,"column":35},"end":{"line":165,"column":36}},"loc":{"start":{"line":165,"column":56},"end":{"line":167,"column":null}},"line":165},"40":{"name":"(anonymous_40)","decl":{"start":{"line":169,"column":31},"end":{"line":169,"column":37}},"loc":{"start":{"line":169,"column":37},"end":{"line":171,"column":null}},"line":169}},"branchMap":{"0":{"loc":{"start":{"line":15,"column":22},"end":{"line":15,"column":null}},"type":"binary-expr","locations":[{"start":{"line":15,"column":22},"end":{"line":15,"column":57}},{"start":{"line":15,"column":57},"end":{"line":15,"column":null}}],"line":15},"1":{"loc":{"start":{"line":16,"column":8},"end":{"line":18,"column":null}},"type":"if","locations":[{"start":{"line":16,"column":8},"end":{"line":18,"column":null}},{"start":{},"end":{}}],"line":16},"2":{"loc":{"start":{"line":35,"column":25},"end":{"line":35,"column":null}},"type":"binary-expr","locations":[{"start":{"line":35,"column":25},"end":{"line":35,"column":60}},{"start":{"line":35,"column":60},"end":{"line":35,"column":null}}],"line":35},"3":{"loc":{"start":{"line":36,"column":8},"end":{"line":40,"column":null}},"type":"if","locations":[{"start":{"line":36,"column":8},"end":{"line":40,"column":null}},{"start":{},"end":{}}],"line":36},"4":{"loc":{"start":{"line":36,"column":12},"end":{"line":36,"column":108}},"type":"binary-expr","locations":[{"start":{"line":36,"column":12},"end":{"line":36,"column":24}},{"start":{"line":36,"column":24},"end":{"line":36,"column":43}},{"start":{"line":36,"column":43},"end":{"line":36,"column":76}},{"start":{"line":36,"column":76},"end":{"line":36,"column":108}}],"line":36},"5":{"loc":{"start":{"line":79,"column":25},"end":{"line":79,"column":44}},"type":"binary-expr","locations":[{"start":{"line":79,"column":25},"end":{"line":79,"column":42}},{"start":{"line":79,"column":42},"end":{"line":79,"column":44}}],"line":79},"6":{"loc":{"start":{"line":80,"column":31},"end":{"line":80,"column":56}},"type":"binary-expr","locations":[{"start":{"line":80,"column":31},"end":{"line":80,"column":54}},{"start":{"line":80,"column":54},"end":{"line":80,"column":56}}],"line":80},"7":{"loc":{"start":{"line":81,"column":36},"end":{"line":81,"column":66}},"type":"binary-expr","locations":[{"start":{"line":81,"column":36},"end":{"line":81,"column":64}},{"start":{"line":81,"column":64},"end":{"line":81,"column":66}}],"line":81},"8":{"loc":{"start":{"line":82,"column":27},"end":{"line":82,"column":null}},"type":"cond-expr","locations":[{"start":{"line":82,"column":67},"end":{"line":82,"column":92}},{"start":{"line":82,"column":92},"end":{"line":82,"column":null}}],"line":82},"9":{"loc":{"start":{"line":83,"column":25},"end":{"line":83,"column":null}},"type":"cond-expr","locations":[{"start":{"line":83,"column":63},"end":{"line":83,"column":86}},{"start":{"line":83,"column":86},"end":{"line":83,"column":null}}],"line":83},"10":{"loc":{"start":{"line":84,"column":22},"end":{"line":84,"column":null}},"type":"cond-expr","locations":[{"start":{"line":84,"column":83},"end":{"line":84,"column":103}},{"start":{"line":84,"column":103},"end":{"line":84,"column":null}}],"line":84},"11":{"loc":{"start":{"line":84,"column":22},"end":{"line":84,"column":83}},"type":"binary-expr","locations":[{"start":{"line":84,"column":22},"end":{"line":84,"column":43}},{"start":{"line":84,"column":43},"end":{"line":84,"column":83}}],"line":84},"12":{"loc":{"start":{"line":85,"column":25},"end":{"line":85,"column":null}},"type":"cond-expr","locations":[{"start":{"line":85,"column":64},"end":{"line":85,"column":87}},{"start":{"line":85,"column":87},"end":{"line":85,"column":null}}],"line":85},"13":{"loc":{"start":{"line":94,"column":4},"end":{"line":96,"column":null}},"type":"if","locations":[{"start":{"line":94,"column":4},"end":{"line":96,"column":null}},{"start":{},"end":{}}],"line":94},"14":{"loc":{"start":{"line":110,"column":17},"end":{"line":110,"column":null}},"type":"cond-expr","locations":[{"start":{"line":110,"column":47},"end":{"line":110,"column":69}},{"start":{"line":110,"column":69},"end":{"line":110,"column":null}}],"line":110},"15":{"loc":{"start":{"line":139,"column":9},"end":{"line":139,"column":36}},"type":"default-arg","locations":[{"start":{"line":139,"column":29},"end":{"line":139,"column":36}}],"line":139},"16":{"loc":{"start":{"line":146,"column":46},"end":{"line":146,"column":72}},"type":"default-arg","locations":[{"start":{"line":146,"column":62},"end":{"line":146,"column":72}}],"line":146}},"s":{"0":6,"1":6,"2":2,"3":2,"4":0,"5":2,"6":0,"7":6,"8":0,"9":2,"10":2,"11":2,"12":0,"13":0,"14":0,"15":2,"16":6,"17":1,"18":6,"19":1,"20":6,"21":1,"22":6,"23":3,"24":6,"25":1,"26":6,"27":1,"28":6,"29":1,"30":6,"31":1,"32":1,"33":1,"34":1,"35":1,"36":1,"37":1,"38":1,"39":1,"40":1,"41":1,"42":1,"43":1,"44":1,"45":1,"46":0,"47":1,"48":6,"49":1,"50":6,"51":1,"52":6,"53":1,"54":1,"55":6,"56":0,"57":6,"58":0,"59":6,"60":0,"61":6,"62":0,"63":6,"64":0,"65":6,"66":0,"67":6,"68":1,"69":1,"70":0,"71":0,"72":0,"73":0,"74":0,"75":0,"76":6,"77":1,"78":0,"79":0,"80":0,"81":0,"82":6,"83":1,"84":0,"85":0,"86":0,"87":0,"88":6,"89":1,"90":6,"91":1},"f":{"0":2,"1":0,"2":0,"3":2,"4":1,"5":1,"6":1,"7":3,"8":1,"9":1,"10":1,"11":1,"12":1,"13":1,"14":1,"15":0,"16":0,"17":0,"18":0,"19":0,"20":0,"21":1,"22":1,"23":0,"24":0,"25":0,"26":0,"27":0,"28":0,"29":1,"30":0,"31":0,"32":0,"33":0,"34":1,"35":0,"36":0,"37":0,"38":0,"39":1,"40":1},"b":{"0":[2,2],"1":[0,2],"2":[2,2],"3":[0,2],"4":[2,0,0,0],"5":[1,0],"6":[1,1],"7":[1,1],"8":[0,1],"9":[0,1],"10":[0,1],"11":[1,0],"12":[0,1],"13":[0,1],"14":[1,0],"15":[1],"16":[0]},"meta":{"lastBranch":17,"lastFunction":41,"lastStatement":92,"seen":{"s:7:12:9:Infinity":0,"s:12:0:24:Infinity":1,"f:13:4:13:5":0,"s:15:22:15:Infinity":2,"b:15:22:15:57:15:57:15:Infinity":0,"b:16:8:18:Infinity:undefined:undefined:undefined:undefined":1,"s:16:8:18:Infinity":3,"s:17:12:17:Infinity":4,"s:19:8:19:Infinity":5,"f:21:4:21:5":1,"s:22:8:22:Infinity":6,"s:27:0:44:Infinity":7,"f:28:4:28:5":2,"s:29:8:29:Infinity":8,"f:31:4:31:11":3,"s:32:32:32:Infinity":9,"s:35:25:35:Infinity":10,"b:35:25:35:60:35:60:35:Infinity":2,"b:36:8:40:Infinity:undefined:undefined:undefined:undefined":3,"s:36:8:40:Infinity":11,"b:36:12:36:24:36:24:36:43:36:43:36:76:36:76:36:108":4,"s:37:12:37:Infinity":12,"s:38:12:38:Infinity":13,"s:39:12:39:Infinity":14,"s:42:8:42:Infinity":15,"s:46:42:50:Infinity":16,"f:46:42:46:43":4,"s:47:4:49:Infinity":17,"s:52:38:54:Infinity":18,"f:52:38:52:39":5,"s:53:4:53:Infinity":19,"s:56:34:58:Infinity":20,"f:56:34:56:35":6,"s:57:4:57:Infinity":21,"s:60:39:62:Infinity":22,"f:60:39:60:45":7,"s:61:4:61:Infinity":23,"s:64:31:66:Infinity":24,"f:64:31:64:32":8,"s:65:4:65:Infinity":25,"s:68:31:70:Infinity":26,"f:68:31:68:37":9,"s:69:4:69:Infinity":27,"s:72:38:74:Infinity":28,"f:72:38:72:39":10,"s:73:4:73:Infinity":29,"s:76:32:99:Infinity":30,"f:76:32:76:33":11,"s:77:17:77:Infinity":31,"s:79:18:79:Infinity":32,"b:79:25:79:42:79:42:79:44":5,"s:80:24:80:Infinity":33,"b:80:31:80:54:80:54:80:56":6,"s:81:29:81:Infinity":34,"b:81:36:81:64:81:64:81:66":7,"s:82:27:82:Infinity":35,"b:82:67:82:92:82:92:82:Infinity":8,"s:83:25:83:Infinity":36,"b:83:63:83:86:83:86:83:Infinity":9,"s:84:22:84:Infinity":37,"b:84:83:84:103:84:103:84:Infinity":10,"b:84:22:84:43:84:43:84:83":11,"s:85:25:85:Infinity":38,"b:85:64:85:87:85:87:85:Infinity":12,"s:87:4:87:Infinity":39,"s:88:4:88:Infinity":40,"s:89:4:89:Infinity":41,"s:90:4:90:Infinity":42,"s:91:4:91:Infinity":43,"s:92:4:92:Infinity":44,"b:94:4:96:Infinity:undefined:undefined:undefined:undefined":13,"s:94:4:96:Infinity":45,"s:95:8:95:Infinity":46,"s:98:4:98:Infinity":47,"s:101:32:103:Infinity":48,"f:101:32:101:38":12,"s:102:4:102:Infinity":49,"s:105:29:107:Infinity":50,"f:105:29:105:30":13,"s:106:4:106:Infinity":51,"s:109:38:112:Infinity":52,"f:109:38:109:39":14,"s:110:17:110:Infinity":53,"b:110:47:110:69:110:69:110:Infinity":14,"s:111:4:111:Infinity":54,"s:114:42:116:Infinity":55,"f:114:42:114:43":15,"s:115:4:115:Infinity":56,"s:118:46:120:Infinity":57,"f:118:46:118:47":16,"s:119:4:119:Infinity":58,"s:122:41:124:Infinity":59,"f:122:41:122:47":17,"s:123:4:123:Infinity":60,"s:126:44:128:Infinity":61,"f:126:44:126:45":18,"s:127:4:127:Infinity":62,"s:130:40:132:Infinity":63,"f:130:40:130:41":19,"s:131:4:131:Infinity":64,"s:134:43:136:Infinity":65,"f:134:43:134:44":20,"s:135:4:135:Infinity":66,"s:138:25:147:Infinity":67,"f:139:8:139:9":21,"s:139:36:139:Infinity":68,"b:139:29:139:36":15,"f:140:9:140:10":22,"s:140:25:140:Infinity":69,"f:141:9:141:10":23,"s:141:65:141:Infinity":70,"f:142:12:142:13":24,"s:142:68:142:Infinity":71,"f:143:14:143:15":25,"s:143:56:143:Infinity":72,"f:144:10:144:11":26,"s:144:73:144:Infinity":73,"f:145:11:145:12":27,"s:145:32:145:Infinity":74,"f:146:13:146:14":28,"s:146:97:146:Infinity":75,"b:146:62:146:72":16,"s:149:30:155:Infinity":76,"f:150:10:150:16":29,"s:150:16:150:Infinity":77,"f:151:12:151:13":30,"s:151:37:151:Infinity":78,"f:152:12:152:13":31,"s:152:49:152:Infinity":79,"f:153:12:153:13":32,"s:153:28:153:Infinity":80,"f:154:22:154:23":33,"s:154:62:154:Infinity":81,"s:157:34:163:Infinity":82,"f:158:10:158:16":34,"s:158:16:158:Infinity":83,"f:159:19:159:20":35,"s:159:44:159:Infinity":84,"f:160:12:160:13":36,"s:160:37:160:Infinity":85,"f:161:12:161:13":37,"s:161:49:161:Infinity":86,"f:162:12:162:13":38,"s:162:28:162:Infinity":87,"s:165:35:167:Infinity":88,"f:165:35:165:36":39,"s:166:4:166:Infinity":89,"s:169:31:171:Infinity":90,"f:169:31:169:37":40,"s:170:4:170:Infinity":91}}}
,"C:\\Users\\windows 10\\Desktop\\fotcode_test\\-Esprit-PIFSJS-4TWIN3--2026-FortCode\\frontend\\src\\services\\publicApi.ts": {"path":"C:\\Users\\windows 10\\Desktop\\fotcode_test\\-Esprit-PIFSJS-4TWIN3--2026-FortCode\\frontend\\src\\services\\publicApi.ts","statementMap":{"0":{"start":{"line":4,"column":18},"end":{"line":9,"column":null}}},"fnMap":{},"branchMap":{},"s":{"0":1},"f":{},"b":{},"meta":{"lastBranch":0,"lastFunction":0,"lastStatement":1,"seen":{"s:4:18:9:Infinity":0}}}
,"C:\\Users\\windows 10\\Desktop\\fotcode_test\\-Esprit-PIFSJS-4TWIN3--2026-FortCode\\frontend\\src\\services\\token.ts": {"path":"C:\\Users\\windows 10\\Desktop\\fotcode_test\\-Esprit-PIFSJS-4TWIN3--2026-FortCode\\frontend\\src\\services\\token.ts","statementMap":{"0":{"start":{"line":8,"column":30},"end":{"line":10,"column":null}},"1":{"start":{"line":9,"column":4},"end":{"line":9,"column":null}},"2":{"start":{"line":12,"column":31},"end":{"line":17,"column":null}},"3":{"start":{"line":13,"column":4},"end":{"line":13,"column":null}},"4":{"start":{"line":14,"column":4},"end":{"line":14,"column":null}},"5":{"start":{"line":15,"column":4},"end":{"line":15,"column":null}},"6":{"start":{"line":16,"column":4},"end":{"line":16,"column":null}},"7":{"start":{"line":19,"column":32},"end":{"line":31,"column":null}},"8":{"start":{"line":20,"column":4},"end":{"line":30,"column":null}},"9":{"start":{"line":21,"column":22},"end":{"line":21,"column":null}},"10":{"start":{"line":22,"column":8},"end":{"line":22,"column":null}},"11":{"start":{"line":22,"column":30},"end":{"line":22,"column":null}},"12":{"start":{"line":25,"column":23},"end":{"line":25,"column":null}},"13":{"start":{"line":26,"column":23},"end":{"line":26,"column":null}},"14":{"start":{"line":27,"column":8},"end":{"line":27,"column":null}},"15":{"start":{"line":29,"column":8},"end":{"line":29,"column":null}},"16":{"start":{"line":33,"column":30},"end":{"line":41,"column":null}},"17":{"start":{"line":34,"column":20},"end":{"line":34,"column":null}},"18":{"start":{"line":35,"column":4},"end":{"line":37,"column":null}},"19":{"start":{"line":36,"column":8},"end":{"line":36,"column":null}},"20":{"start":{"line":39,"column":16},"end":{"line":39,"column":null}},"21":{"start":{"line":40,"column":4},"end":{"line":40,"column":null}}},"fnMap":{"0":{"name":"(anonymous_0)","decl":{"start":{"line":8,"column":30},"end":{"line":8,"column":51}},"loc":{"start":{"line":8,"column":51},"end":{"line":10,"column":null}},"line":8},"1":{"name":"(anonymous_1)","decl":{"start":{"line":12,"column":31},"end":{"line":12,"column":37}},"loc":{"start":{"line":12,"column":37},"end":{"line":17,"column":null}},"line":12},"2":{"name":"(anonymous_2)","decl":{"start":{"line":19,"column":32},"end":{"line":19,"column":33}},"loc":{"start":{"line":19,"column":70},"end":{"line":31,"column":null}},"line":19},"3":{"name":"(anonymous_3)","decl":{"start":{"line":33,"column":30},"end":{"line":33,"column":31}},"loc":{"start":{"line":33,"column":58},"end":{"line":41,"column":null}},"line":33}},"branchMap":{"0":{"loc":{"start":{"line":9,"column":11},"end":{"line":9,"column":null}},"type":"binary-expr","locations":[{"start":{"line":9,"column":11},"end":{"line":9,"column":46}},{"start":{"line":9,"column":46},"end":{"line":9,"column":null}}],"line":9},"1":{"loc":{"start":{"line":22,"column":8},"end":{"line":22,"column":null}},"type":"if","locations":[{"start":{"line":22,"column":8},"end":{"line":22,"column":null}},{"start":{},"end":{}}],"line":22},"2":{"loc":{"start":{"line":35,"column":4},"end":{"line":37,"column":null}},"type":"if","locations":[{"start":{"line":35,"column":4},"end":{"line":37,"column":null}},{"start":{},"end":{}}],"line":35},"3":{"loc":{"start":{"line":35,"column":8},"end":{"line":35,"column":53}},"type":"binary-expr","locations":[{"start":{"line":35,"column":8},"end":{"line":35,"column":20}},{"start":{"line":35,"column":20},"end":{"line":35,"column":53}}],"line":35}},"s":{"0":5,"1":4,"2":5,"3":1,"4":1,"5":1,"6":1,"7":5,"8":10,"9":10,"10":10,"11":4,"12":6,"13":6,"14":6,"15":1,"16":5,"17":5,"18":5,"19":3,"20":2,"21":2},"f":{"0":4,"1":1,"2":10,"3":5},"b":{"0":[4,2],"1":[4,6],"2":[3,2],"3":[5,3]},"meta":{"lastBranch":4,"lastFunction":4,"lastStatement":22,"seen":{"s:8:30:10:Infinity":0,"f:8:30:8:51":0,"s:9:4:9:Infinity":1,"b:9:11:9:46:9:46:9:Infinity":0,"s:12:31:17:Infinity":2,"f:12:31:12:37":1,"s:13:4:13:Infinity":3,"s:14:4:14:Infinity":4,"s:15:4:15:Infinity":5,"s:16:4:16:Infinity":6,"s:19:32:31:Infinity":7,"f:19:32:19:33":2,"s:20:4:30:Infinity":8,"s:21:22:21:Infinity":9,"b:22:8:22:Infinity:undefined:undefined:undefined:undefined":1,"s:22:8:22:Infinity":10,"s:22:30:22:Infinity":11,"s:25:23:25:Infinity":12,"s:26:23:26:Infinity":13,"s:27:8:27:Infinity":14,"s:29:8:29:Infinity":15,"s:33:30:41:Infinity":16,"f:33:30:33:31":3,"s:34:20:34:Infinity":17,"b:35:4:37:Infinity:undefined:undefined:undefined:undefined":2,"s:35:4:37:Infinity":18,"b:35:8:35:20:35:20:35:53":3,"s:36:8:36:Infinity":19,"s:39:16:39:Infinity":20,"s:40:4:40:Infinity":21}}}
,"C:\\Users\\windows 10\\Desktop\\fotcode_test\\-Esprit-PIFSJS-4TWIN3--2026-FortCode\\frontend\\src\\services\\userService.ts": {"path":"C:\\Users\\windows 10\\Desktop\\fotcode_test\\-Esprit-PIFSJS-4TWIN3--2026-FortCode\\frontend\\src\\services\\userService.ts","statementMap":{"0":{"start":{"line":7,"column":34},"end":{"line":31,"column":null}},"1":{"start":{"line":8,"column":2},"end":{"line":30,"column":null}},"2":{"start":{"line":9,"column":21},"end":{"line":9,"column":null}},"3":{"start":{"line":11,"column":4},"end":{"line":23,"column":null}},"4":{"start":{"line":13,"column":6},"end":{"line":13,"column":null}},"5":{"start":{"line":14,"column":6},"end":{"line":14,"column":null}},"6":{"start":{"line":17,"column":6},"end":{"line":22,"column":null}},"7":{"start":{"line":25,"column":4},"end":{"line":25,"column":null}},"8":{"start":{"line":26,"column":4},"end":{"line":29,"column":null}}},"fnMap":{"0":{"name":"(anonymous_0)","decl":{"start":{"line":7,"column":34},"end":{"line":7,"column":46}},"loc":{"start":{"line":7,"column":46},"end":{"line":31,"column":null}},"line":7}},"branchMap":{"0":{"loc":{"start":{"line":11,"column":4},"end":{"line":23,"column":null}},"type":"if","locations":[{"start":{"line":11,"column":4},"end":{"line":23,"column":null}},{"start":{},"end":{}}],"line":11}},"s":{"0":1,"1":3,"2":3,"3":2,"4":1,"5":1,"6":1,"7":1,"8":1},"f":{"0":3},"b":{"0":[1,1]},"meta":{"lastBranch":1,"lastFunction":1,"lastStatement":9,"seen":{"s:7:34:31:Infinity":0,"f:7:34:7:46":0,"s:8:2:30:Infinity":1,"s:9:21:9:Infinity":2,"b:11:4:23:Infinity:undefined:undefined:undefined:undefined":0,"s:11:4:23:Infinity":3,"s:13:6:13:Infinity":4,"s:14:6:14:Infinity":5,"s:17:6:22:Infinity":6,"s:25:4:25:Infinity":7,"s:26:4:29:Infinity":8}}}
}
